<?xml version="1.0" ?>
<!DOCTYPE coverage SYSTEM "https://cobertura.sourceforge.net/xml/coverage-04.dtd">
<coverage branch-rate="0" branches-covered="0" branches-valid="0" complexity="0" line-rate="0.6556184316895716" lines-covered="811" lines-valid="1237" timestamp="1786221115" version="2.0.3">
    <sources>
        <source>/home/buster/projects/watn</source>
    </sources>
    <packages>
        <package line-rate="0.8076923076923077" branch-rate="0" name="src.provider" complexity="0">
            <classes>
                <class branch-rate="0" complexity="0" filename="src/provider/openai_compat.rs" line-rate="0.8053097345132744" name="src.provider.openai_compat.rs">
                    <methods>
                        <method name="&lt;watn::provider::openai_compat::OpenAICompatibleProvider as watn::provider::Provider&gt;::chat_completions_streaming::{closure#0}" signature="" complexity="0" line-rate="0" branch-rate="0">
                            <lines>
                                <line hits="0" number="61" branch="false"/>
                            </lines>
                        </method>
                        <method name="&lt;watn::provider::openai_compat::OpenAICompatibleProvider as watn::provider::Provider&gt;::chat_completions_streaming::{closure#2}" signature="" complexity="0" line-rate="0" branch-rate="0">
                            <lines>
                                <line hits="0" number="102" branch="false"/>
                            </lines>
                        </method>
                        <method name="&lt;watn::provider::openai_compat::OpenAICompatibleProvider as watn::provider::Provider&gt;::chat_completions_streaming::{closure#3}" signature="" complexity="0" line-rate="1" branch-rate="1">
                            <lines>
                                <line hits="52" number="41" branch="false"/>
                            </lines>
                        </method>
                        <method name="&lt;watn::provider::openai_compat::OpenAICompatibleProvider as watn::provider::Provider&gt;::chat_completions_streaming::{closure#1}" signature="" complexity="0" line-rate="0" branch-rate="0">
                            <lines>
                                <line hits="0" number="99" branch="false"/>
                            </lines>
                        </method>
                        <method name="&lt;watn::provider::openai_compat::OpenAICompatibleProvider as watn::provider::Provider&gt;::chat_completions_streaming::{closure#0}" signature="" complexity="0" line-rate="0" branch-rate="0">
                            <lines>
                                <line hits="0" number="61" branch="false"/>
                            </lines>
                        </method>
                        <method name="&lt;watn::provider::openai_compat::OpenAICompatibleProvider as watn::provider::Provider&gt;::chat_completions_streaming::{closure#2}" signature="" complexity="0" line-rate="0" branch-rate="0">
                            <lines>
                                <line hits="0" number="102" branch="false"/>
                            </lines>
                        </method>
                        <method name="&lt;watn::provider::openai_compat::OpenAICompatibleProvider as watn::provider::Provider&gt;::chat_completions_streaming::{closure#3}" signature="" complexity="0" line-rate="0" branch-rate="0">
                            <lines>
                                <line hits="0" number="41" branch="false"/>
                            </lines>
                        </method>
                        <method name="&lt;watn::provider::openai_compat::OpenAICompatibleProvider as watn::provider::Provider&gt;::chat_completions_streaming::{closure#1}" signature="" complexity="0" line-rate="0" branch-rate="0">
                            <lines>
                                <line hits="0" number="99" branch="false"/>
                            </lines>
                        </method>
                        <method name="&lt;watn::provider::openai_compat::OpenAICompatibleProvider&gt;::new" signature="" complexity="0" line-rate="1" branch-rate="1">
                            <lines>
                                <line hits="26" number="17" branch="false"/>
                            </lines>
                        </method>
                        <method name="&lt;watn::provider::openai_compat::OpenAICompatibleProvider&gt;::new" signature="" complexity="0" line-rate="0" branch-rate="0">
                            <lines>
                                <line hits="0" number="17" branch="false"/>
                            </lines>
                        </method>
                        <method name="&lt;watn::provider::openai_compat::OpenAICompatibleProvider as watn::provider::Provider&gt;::chat_completions_streaming" signature="" complexity="0" line-rate="1" branch-rate="1">
                            <lines>
                                <line hits="26" number="31" branch="false"/>
                            </lines>
                        </method>
                        <method name="&lt;watn::provider::openai_compat::OpenAICompatibleProvider as watn::provider::Provider&gt;::chat_completions_streaming" signature="" complexity="0" line-rate="0" branch-rate="0">
                            <lines>
                                <line hits="0" number="31" branch="false"/>
                            </lines>
                        </method>
                    </methods>
                    <lines>
                        <line branch="false" hits="26" number="17"/>
                        <line branch="false" hits="26" number="18"/>
                        <line branch="false" hits="26" number="19"/>
                        <line branch="false" hits="26" number="20"/>
                        <line branch="false" hits="26" number="21"/>
                        <line branch="false" hits="26" number="22"/>
                        <line branch="false" hits="26" number="23"/>
                        <line branch="false" hits="26" number="24"/>
                        <line branch="false" hits="26" number="25"/>
                        <line branch="false" hits="26" number="26"/>
                        <line branch="false" hits="26" number="27"/>
                        <line branch="false" hits="26" number="31"/>
                        <line branch="false" hits="26" number="32"/>
                        <line branch="false" hits="26" number="33"/>
                        <line branch="false" hits="26" number="34"/>
                        <line branch="false" hits="26" number="35"/>
                        <line branch="false" hits="26" number="36"/>
                        <line branch="false" hits="26" number="37"/>
                        <line branch="false" hits="26" number="39"/>
                        <line branch="false" hits="26" number="40"/>
                        <line branch="false" hits="52" number="41"/>
                        <line branch="false" hits="52" number="42"/>
                        <line branch="false" hits="52" number="43"/>
                        <line branch="false" hits="26" number="44"/>
                        <line branch="false" hits="26" number="45"/>
                        <line branch="false" hits="26" number="46"/>
                        <line branch="false" hits="26" number="47"/>
                        <line branch="false" hits="26" number="50"/>
                        <line branch="false" hits="8" number="51"/>
                        <line branch="false" hits="18" number="52"/>
                        <line branch="false" hits="26" number="54"/>
                        <line branch="false" hits="26" number="55"/>
                        <line branch="false" hits="26" number="56"/>
                        <line branch="false" hits="26" number="57"/>
                        <line branch="false" hits="26" number="58"/>
                        <line branch="false" hits="26" number="59"/>
                        <line branch="false" hits="26" number="60"/>
                        <line branch="false" hits="26" number="61"/>
                        <line branch="false" hits="0" number="62"/>
                        <line branch="false" hits="0" number="63"/>
                        <line branch="false" hits="0" number="64"/>
                        <line branch="false" hits="0" number="65"/>
                        <line branch="false" hits="0" number="66"/>
                        <line branch="false" hits="0" number="68"/>
                        <line branch="false" hits="0" number="69"/>
                        <line branch="false" hits="0" number="70"/>
                        <line branch="false" hits="0" number="71"/>
                        <line branch="false" hits="0" number="74"/>
                        <line branch="false" hits="0" number="76"/>
                        <line branch="false" hits="26" number="78"/>
                        <line branch="false" hits="26" number="79"/>
                        <line branch="false" hits="0" number="80"/>
                        <line branch="false" hits="0" number="81"/>
                        <line branch="false" hits="0" number="82"/>
                        <line branch="false" hits="0" number="84"/>
                        <line branch="false" hits="0" number="85"/>
                        <line branch="false" hits="0" number="86"/>
                        <line branch="false" hits="0" number="87"/>
                        <line branch="false" hits="26" number="89"/>
                        <line branch="false" hits="26" number="91"/>
                        <line branch="false" hits="26" number="92"/>
                        <line branch="false" hits="26" number="93"/>
                        <line branch="false" hits="26" number="94"/>
                        <line branch="false" hits="26" number="96"/>
                        <line branch="false" hits="26" number="97"/>
                        <line branch="false" hits="26" number="98"/>
                        <line branch="false" hits="26" number="99"/>
                        <line branch="false" hits="26" number="100"/>
                        <line branch="false" hits="26" number="101"/>
                        <line branch="false" hits="26" number="102"/>
                        <line branch="false" hits="26" number="104"/>
                        <line branch="false" hits="52" number="105"/>
                        <line branch="false" hits="52" number="106"/>
                        <line branch="false" hits="52" number="107"/>
                        <line branch="false" hits="0" number="108"/>
                        <line branch="false" hits="52" number="109"/>
                        <line branch="false" hits="52" number="110"/>
                        <line branch="false" hits="52" number="111"/>
                        <line branch="false" hits="26" number="112"/>
                        <line branch="false" hits="26" number="113"/>
                        <line branch="false" hits="26" number="114"/>
                        <line branch="false" hits="26" number="115"/>
                        <line branch="false" hits="26" number="116"/>
                        <line branch="false" hits="26" number="117"/>
                        <line branch="false" hits="26" number="118"/>
                        <line branch="false" hits="26" number="119"/>
                        <line branch="false" hits="26" number="120"/>
                        <line branch="false" hits="26" number="122"/>
                        <line branch="false" hits="4" number="123"/>
                        <line branch="false" hits="22" number="124"/>
                        <line branch="false" hits="26" number="126"/>
                        <line branch="false" hits="0" number="127"/>
                        <line branch="false" hits="26" number="128"/>
                        <line branch="false" hits="26" number="130"/>
                        <line branch="false" hits="7" number="131"/>
                        <line branch="false" hits="7" number="132"/>
                        <line branch="false" hits="7" number="133"/>
                        <line branch="false" hits="7" number="134"/>
                        <line branch="false" hits="7" number="135"/>
                        <line branch="false" hits="7" number="136"/>
                        <line branch="false" hits="7" number="137"/>
                        <line branch="false" hits="7" number="138"/>
                        <line branch="false" hits="19" number="139"/>
                        <line branch="false" hits="0" number="141"/>
                        <line branch="false" hits="0" number="142"/>
                        <line branch="false" hits="26" number="145"/>
                        <line branch="false" hits="26" number="148"/>
                        <line branch="false" hits="26" number="149"/>
                        <line branch="false" hits="26" number="150"/>
                        <line branch="false" hits="26" number="151"/>
                        <line branch="false" hits="26" number="152"/>
                        <line branch="false" hits="26" number="153"/>
                        <line branch="false" hits="26" number="155"/>
                    </lines>
                </class>
                <class branch-rate="0" complexity="0" filename="src/provider/registry.rs" line-rate="0.8235294117647058" name="src.provider.registry.rs">
                    <methods>
                        <method name="&lt;watn::provider::registry::ProviderRegistry&gt;::get::{closure#0}" signature="" complexity="0" line-rate="1" branch-rate="1">
                            <lines>
                                <line hits="26" number="24" branch="false"/>
                            </lines>
                        </method>
                        <method name="&lt;watn::provider::registry::ProviderRegistry&gt;::get::{closure#1}" signature="" complexity="0" line-rate="0" branch-rate="0">
                            <lines>
                                <line hits="0" number="25" branch="false"/>
                            </lines>
                        </method>
                        <method name="&lt;watn::provider::registry::ProviderRegistry&gt;::get::{closure#0}" signature="" complexity="0" line-rate="0" branch-rate="0">
                            <lines>
                                <line hits="0" number="24" branch="false"/>
                            </lines>
                        </method>
                        <method name="&lt;watn::provider::registry::ProviderRegistry&gt;::get::{closure#1}" signature="" complexity="0" line-rate="0" branch-rate="0">
                            <lines>
                                <line hits="0" number="25" branch="false"/>
                            </lines>
                        </method>
                        <method name="&lt;watn::provider::registry::ProviderRegistry&gt;::get" signature="" complexity="0" line-rate="1" branch-rate="1">
                            <lines>
                                <line hits="26" number="21" branch="false"/>
                            </lines>
                        </method>
                        <method name="&lt;watn::provider::registry::ProviderRegistry&gt;::new" signature="" complexity="0" line-rate="1" branch-rate="1">
                            <lines>
                                <line hits="26" number="11" branch="false"/>
                            </lines>
                        </method>
                        <method name="&lt;watn::provider::registry::ProviderRegistry&gt;::register" signature="" complexity="0" line-rate="1" branch-rate="1">
                            <lines>
                                <line hits="26" number="17" branch="false"/>
                            </lines>
                        </method>
                        <method name="&lt;watn::provider::registry::ProviderRegistry&gt;::get" signature="" complexity="0" line-rate="0" branch-rate="0">
                            <lines>
                                <line hits="0" number="21" branch="false"/>
                            </lines>
                        </method>
                        <method name="&lt;watn::provider::registry::ProviderRegistry&gt;::new" signature="" complexity="0" line-rate="0" branch-rate="0">
                            <lines>
                                <line hits="0" number="11" branch="false"/>
                            </lines>
                        </method>
                        <method name="&lt;watn::provider::registry::ProviderRegistry&gt;::register" signature="" complexity="0" line-rate="0" branch-rate="0">
                            <lines>
                                <line hits="0" number="17" branch="false"/>
                            </lines>
                        </method>
                        <method name="&lt;watn::provider::registry::ProviderRegistry as core::default::Default&gt;::default" signature="" complexity="0" line-rate="0" branch-rate="0">
                            <lines>
                                <line hits="0" number="30" branch="false"/>
                            </lines>
                        </method>
                        <method name="&lt;watn::provider::registry::ProviderRegistry as core::default::Default&gt;::default" signature="" complexity="0" line-rate="0" branch-rate="0">
                            <lines>
                                <line hits="0" number="30" branch="false"/>
                            </lines>
                        </method>
                    </methods>
                    <lines>
                        <line branch="false" hits="26" number="11"/>
                        <line branch="false" hits="26" number="12"/>
                        <line branch="false" hits="26" number="13"/>
                        <line branch="false" hits="26" number="14"/>
                        <line branch="false" hits="26" number="15"/>
                        <line branch="false" hits="26" number="17"/>
                        <line branch="false" hits="26" number="18"/>
                        <line branch="false" hits="26" number="19"/>
                        <line branch="false" hits="26" number="21"/>
                        <line branch="false" hits="26" number="22"/>
                        <line branch="false" hits="26" number="23"/>
                        <line branch="false" hits="26" number="24"/>
                        <line branch="false" hits="26" number="25"/>
                        <line branch="false" hits="26" number="26"/>
                        <line branch="false" hits="0" number="30"/>
                        <line branch="false" hits="0" number="31"/>
                        <line branch="false" hits="0" number="32"/>
                    </lines>
                </class>
            </classes>
        </package>
        <package line-rate="0.573076923076923" branch-rate="0" name="src.config" complexity="0">
            <classes>
                <class branch-rate="0" complexity="0" filename="src/config/env.rs" line-rate="1" name="src.config.env.rs">
                    <methods>
                        <method name="watn::config::env::read_env_overrides" signature="" complexity="0" line-rate="1" branch-rate="1">
                            <lines>
                                <line hits="38" number="3" branch="false"/>
                            </lines>
                        </method>
                        <method name="watn::config::env::read_env_overrides" signature="" complexity="0" line-rate="0" branch-rate="0">
                            <lines>
                                <line hits="0" number="3" branch="false"/>
                            </lines>
                        </method>
                    </methods>
                    <lines>
                        <line branch="false" hits="38" number="3"/>
                        <line branch="false" hits="38" number="4"/>
                        <line branch="false" hits="3195" number="6"/>
                        <line branch="false" hits="3195" number="7"/>
                        <line branch="false" hits="3" number="8"/>
                        <line branch="false" hits="3" number="9"/>
                        <line branch="false" hits="3" number="10"/>
                        <line branch="false" hits="1" number="11"/>
                        <line branch="false" hits="1" number="12"/>
                        <line branch="false" hits="2" number="13"/>
                        <line branch="false" hits="1" number="14"/>
                        <line branch="false" hits="1" number="15"/>
                        <line branch="false" hits="1" number="17"/>
                        <line branch="false" hits="1" number="18"/>
                        <line branch="false" hits="1" number="19"/>
                        <line branch="false" hits="3192" number="22"/>
                        <line branch="false" hits="38" number="25"/>
                        <line branch="false" hits="38" number="26"/>
                    </lines>
                </class>
                <class branch-rate="0" complexity="0" filename="src/config/mod.rs" line-rate="0.6380368098159509" name="src.config.mod.rs">
                    <methods>
                        <method name="watn::config::load_config::{closure#0}" signature="" complexity="0" line-rate="0" branch-rate="0">
                            <lines>
                                <line hits="0" number="45" branch="false"/>
                            </lines>
                        </method>
                        <method name="watn::config::load_config::{closure#2}" signature="" complexity="0" line-rate="0" branch-rate="0">
                            <lines>
                                <line hits="0" number="56" branch="false"/>
                            </lines>
                        </method>
                        <method name="watn::config::load_config::{closure#1}" signature="" complexity="0" line-rate="1" branch-rate="1">
                            <lines>
                                <line hits="38" number="47" branch="false"/>
                            </lines>
                        </method>
                        <method name="watn::config::save_config::{closure#0}" signature="" complexity="0" line-rate="0" branch-rate="0">
                            <lines>
                                <line hits="0" number="190" branch="false"/>
                            </lines>
                        </method>
                        <method name="watn::config::save_config::{closure#2}" signature="" complexity="0" line-rate="0" branch-rate="0">
                            <lines>
                                <line hits="0" number="196" branch="false"/>
                            </lines>
                        </method>
                        <method name="watn::config::save_config::{closure#1}" signature="" complexity="0" line-rate="0" branch-rate="0">
                            <lines>
                                <line hits="0" number="193" branch="false"/>
                            </lines>
                        </method>
                        <method name="watn::config::resolve_provider::{closure#0}" signature="" complexity="0" line-rate="1" branch-rate="1">
                            <lines>
                                <line hits="1" number="117" branch="false"/>
                            </lines>
                        </method>
                        <method name="watn::config::resolve_default_model::{closure#0}" signature="" complexity="0" line-rate="0" branch-rate="0">
                            <lines>
                                <line hits="0" number="181" branch="false"/>
                            </lines>
                        </method>
                        <method name="watn::config::write_template_config::{closure#0}" signature="" complexity="0" line-rate="0" branch-rate="0">
                            <lines>
                                <line hits="0" number="24" branch="false"/>
                            </lines>
                        </method>
                        <method name="watn::config::write_template_config::{closure#2}" signature="" complexity="0" line-rate="0" branch-rate="0">
                            <lines>
                                <line hits="0" number="32" branch="false"/>
                            </lines>
                        </method>
                        <method name="watn::config::write_template_config::{closure#1}" signature="" complexity="0" line-rate="0" branch-rate="0">
                            <lines>
                                <line hits="0" number="27" branch="false"/>
                            </lines>
                        </method>
                        <method name="watn::config::load_config::{closure#0}" signature="" complexity="0" line-rate="0" branch-rate="0">
                            <lines>
                                <line hits="0" number="45" branch="false"/>
                            </lines>
                        </method>
                        <method name="watn::config::load_config::{closure#2}" signature="" complexity="0" line-rate="0" branch-rate="0">
                            <lines>
                                <line hits="0" number="56" branch="false"/>
                            </lines>
                        </method>
                        <method name="watn::config::load_config::{closure#1}" signature="" complexity="0" line-rate="0" branch-rate="0">
                            <lines>
                                <line hits="0" number="47" branch="false"/>
                            </lines>
                        </method>
                        <method name="watn::config::save_config::{closure#0}" signature="" complexity="0" line-rate="0" branch-rate="0">
                            <lines>
                                <line hits="0" number="190" branch="false"/>
                            </lines>
                        </method>
                        <method name="watn::config::save_config::{closure#2}" signature="" complexity="0" line-rate="0" branch-rate="0">
                            <lines>
                                <line hits="0" number="196" branch="false"/>
                            </lines>
                        </method>
                        <method name="watn::config::save_config::{closure#1}" signature="" complexity="0" line-rate="0" branch-rate="0">
                            <lines>
                                <line hits="0" number="193" branch="false"/>
                            </lines>
                        </method>
                        <method name="watn::config::resolve_provider::{closure#0}" signature="" complexity="0" line-rate="0" branch-rate="0">
                            <lines>
                                <line hits="0" number="117" branch="false"/>
                            </lines>
                        </method>
                        <method name="watn::config::resolve_default_model::{closure#0}" signature="" complexity="0" line-rate="0" branch-rate="0">
                            <lines>
                                <line hits="0" number="181" branch="false"/>
                            </lines>
                        </method>
                        <method name="watn::config::write_template_config::{closure#0}" signature="" complexity="0" line-rate="0" branch-rate="0">
                            <lines>
                                <line hits="0" number="24" branch="false"/>
                            </lines>
                        </method>
                        <method name="watn::config::write_template_config::{closure#2}" signature="" complexity="0" line-rate="0" branch-rate="0">
                            <lines>
                                <line hits="0" number="32" branch="false"/>
                            </lines>
                        </method>
                        <method name="watn::config::write_template_config::{closure#1}" signature="" complexity="0" line-rate="0" branch-rate="0">
                            <lines>
                                <line hits="0" number="27" branch="false"/>
                            </lines>
                        </method>
                        <method name="watn::config::load_config" signature="" complexity="0" line-rate="1" branch-rate="1">
                            <lines>
                                <line hits="38" number="37" branch="false"/>
                            </lines>
                        </method>
                        <method name="watn::config::save_config" signature="" complexity="0" line-rate="1" branch-rate="1">
                            <lines>
                                <line hits="10" number="187" branch="false"/>
                            </lines>
                        </method>
                        <method name="watn::config::resolve_model" signature="" complexity="0" line-rate="1" branch-rate="1">
                            <lines>
                                <line hits="26" number="127" branch="false"/>
                            </lines>
                        </method>
                        <method name="watn::config::xdg_config_path" signature="" complexity="0" line-rate="1" branch-rate="1">
                            <lines>
                                <line hits="48" number="9" branch="false"/>
                            </lines>
                        </method>
                        <method name="watn::config::resolve_endpoint" signature="" complexity="0" line-rate="0" branch-rate="0">
                            <lines>
                                <line hits="0" number="120" branch="false"/>
                            </lines>
                        </method>
                        <method name="watn::config::resolve_provider" signature="" complexity="0" line-rate="1" branch-rate="1">
                            <lines>
                                <line hits="38" number="86" branch="false"/>
                            </lines>
                        </method>
                        <method name="watn::config::get_provider_api_key" signature="" complexity="0" line-rate="1" branch-rate="1">
                            <lines>
                                <line hits="37" number="199" branch="false"/>
                            </lines>
                        </method>
                        <method name="watn::config::resolve_default_model" signature="" complexity="0" line-rate="1" branch-rate="1">
                            <lines>
                                <line hits="10" number="168" branch="false"/>
                            </lines>
                        </method>
                        <method name="watn::config::write_template_config" signature="" complexity="0" line-rate="0" branch-rate="0">
                            <lines>
                                <line hits="0" number="20" branch="false"/>
                            </lines>
                        </method>
                        <method name="watn::config::load_config" signature="" complexity="0" line-rate="0" branch-rate="0">
                            <lines>
                                <line hits="0" number="37" branch="false"/>
                            </lines>
                        </method>
                        <method name="watn::config::save_config" signature="" complexity="0" line-rate="0" branch-rate="0">
                            <lines>
                                <line hits="0" number="187" branch="false"/>
                            </lines>
                        </method>
                        <method name="watn::config::resolve_model" signature="" complexity="0" line-rate="0" branch-rate="0">
                            <lines>
                                <line hits="0" number="127" branch="false"/>
                            </lines>
                        </method>
                        <method name="watn::config::xdg_config_path" signature="" complexity="0" line-rate="0" branch-rate="0">
                            <lines>
                                <line hits="0" number="9" branch="false"/>
                            </lines>
                        </method>
                        <method name="watn::config::resolve_endpoint" signature="" complexity="0" line-rate="0" branch-rate="0">
                            <lines>
                                <line hits="0" number="120" branch="false"/>
                            </lines>
                        </method>
                        <method name="watn::config::resolve_provider" signature="" complexity="0" line-rate="0" branch-rate="0">
                            <lines>
                                <line hits="0" number="86" branch="false"/>
                            </lines>
                        </method>
                        <method name="watn::config::get_provider_api_key" signature="" complexity="0" line-rate="0" branch-rate="0">
                            <lines>
                                <line hits="0" number="199" branch="false"/>
                            </lines>
                        </method>
                        <method name="watn::config::resolve_default_model" signature="" complexity="0" line-rate="0" branch-rate="0">
                            <lines>
                                <line hits="0" number="168" branch="false"/>
                            </lines>
                        </method>
                        <method name="watn::config::write_template_config" signature="" complexity="0" line-rate="0" branch-rate="0">
                            <lines>
                                <line hits="0" number="20" branch="false"/>
                            </lines>
                        </method>
                    </methods>
                    <lines>
                        <line branch="false" hits="48" number="9"/>
                        <line branch="false" hits="48" number="10"/>
                        <line branch="false" hits="48" number="11"/>
                        <line branch="false" hits="0" number="12"/>
                        <line branch="false" hits="0" number="13"/>
                        <line branch="false" hits="0" number="15"/>
                        <line branch="false" hits="48" number="17"/>
                        <line branch="false" hits="48" number="18"/>
                        <line branch="false" hits="0" number="20"/>
                        <line branch="false" hits="0" number="21"/>
                        <line branch="false" hits="0" number="22"/>
                        <line branch="false" hits="0" number="23"/>
                        <line branch="false" hits="0" number="24"/>
                        <line branch="false" hits="0" number="25"/>
                        <line branch="false" hits="0" number="26"/>
                        <line branch="false" hits="0" number="27"/>
                        <line branch="false" hits="0" number="31"/>
                        <line branch="false" hits="0" number="32"/>
                        <line branch="false" hits="0" number="34"/>
                        <line branch="false" hits="0" number="35"/>
                        <line branch="false" hits="38" number="37"/>
                        <line branch="false" hits="38" number="38"/>
                        <line branch="false" hits="38" number="40"/>
                        <line branch="false" hits="0" number="41"/>
                        <line branch="false" hits="38" number="42"/>
                        <line branch="false" hits="38" number="44"/>
                        <line branch="false" hits="38" number="45"/>
                        <line branch="false" hits="38" number="47"/>
                        <line branch="false" hits="38" number="48"/>
                        <line branch="false" hits="38" number="49"/>
                        <line branch="false" hits="38" number="50"/>
                        <line branch="false" hits="38" number="52"/>
                        <line branch="false" hits="0" number="53"/>
                        <line branch="false" hits="38" number="55"/>
                        <line branch="false" hits="38" number="56"/>
                        <line branch="false" hits="38" number="59"/>
                        <line branch="false" hits="38" number="60"/>
                        <line branch="false" hits="38" number="61"/>
                        <line branch="false" hits="38" number="64"/>
                        <line branch="false" hits="38" number="65"/>
                        <line branch="false" hits="38" number="67"/>
                        <line branch="false" hits="38" number="68"/>
                        <line branch="false" hits="38" number="69"/>
                        <line branch="false" hits="38" number="70"/>
                        <line branch="false" hits="0" number="71"/>
                        <line branch="false" hits="0" number="72"/>
                        <line branch="false" hits="38" number="74"/>
                        <line branch="false" hits="38" number="76"/>
                        <line branch="false" hits="1" number="77"/>
                        <line branch="false" hits="37" number="78"/>
                        <line branch="false" hits="38" number="79"/>
                        <line branch="false" hits="1" number="80"/>
                        <line branch="false" hits="37" number="81"/>
                        <line branch="false" hits="38" number="83"/>
                        <line branch="false" hits="38" number="84"/>
                        <line branch="false" hits="38" number="86"/>
                        <line branch="false" hits="38" number="87"/>
                        <line branch="false" hits="38" number="88"/>
                        <line branch="false" hits="38" number="89"/>
                        <line branch="false" hits="38" number="90"/>
                        <line branch="false" hits="1" number="91"/>
                        <line branch="false" hits="1" number="92"/>
                        <line branch="false" hits="1" number="93"/>
                        <line branch="false" hits="1" number="94"/>
                        <line branch="false" hits="1" number="95"/>
                        <line branch="false" hits="1" number="96"/>
                        <line branch="false" hits="0" number="97"/>
                        <line branch="false" hits="0" number="98"/>
                        <line branch="false" hits="0" number="99"/>
                        <line branch="false" hits="0" number="100"/>
                        <line branch="false" hits="0" number="101"/>
                        <line branch="false" hits="0" number="102"/>
                        <line branch="false" hits="37" number="103"/>
                        <line branch="false" hits="37" number="105"/>
                        <line branch="false" hits="0" number="106"/>
                        <line branch="false" hits="0" number="107"/>
                        <line branch="false" hits="0" number="108"/>
                        <line branch="false" hits="0" number="109"/>
                        <line branch="false" hits="0" number="110"/>
                        <line branch="false" hits="37" number="111"/>
                        <line branch="false" hits="37" number="113"/>
                        <line branch="false" hits="37" number="114"/>
                        <line branch="false" hits="37" number="115"/>
                        <line branch="false" hits="37" number="116"/>
                        <line branch="false" hits="37" number="117"/>
                        <line branch="false" hits="38" number="118"/>
                        <line branch="false" hits="0" number="120"/>
                        <line branch="false" hits="0" number="121"/>
                        <line branch="false" hits="0" number="122"/>
                        <line branch="false" hits="0" number="123"/>
                        <line branch="false" hits="0" number="124"/>
                        <line branch="false" hits="0" number="125"/>
                        <line branch="false" hits="26" number="127"/>
                        <line branch="false" hits="26" number="128"/>
                        <line branch="false" hits="26" number="129"/>
                        <line branch="false" hits="26" number="130"/>
                        <line branch="false" hits="26" number="131"/>
                        <line branch="false" hits="26" number="132"/>
                        <line branch="false" hits="1" number="133"/>
                        <line branch="false" hits="25" number="134"/>
                        <line branch="false" hits="25" number="136"/>
                        <line branch="false" hits="24" number="137"/>
                        <line branch="false" hits="17" number="138"/>
                        <line branch="false" hits="7" number="139"/>
                        <line branch="false" hits="10" number="140"/>
                        <line branch="false" hits="0" number="141"/>
                        <line branch="false" hits="10" number="143"/>
                        <line branch="false" hits="8" number="146"/>
                        <line branch="false" hits="3" number="147"/>
                        <line branch="false" hits="3" number="148"/>
                        <line branch="false" hits="0" number="149"/>
                        <line branch="false" hits="0" number="150"/>
                        <line branch="false" hits="0" number="152"/>
                        <line branch="false" hits="5" number="155"/>
                        <line branch="false" hits="5" number="156"/>
                        <line branch="false" hits="5" number="157"/>
                        <line branch="false" hits="0" number="158"/>
                        <line branch="false" hits="0" number="159"/>
                        <line branch="false" hits="0" number="161"/>
                        <line branch="false" hits="0" number="164"/>
                        <line branch="false" hits="26" number="166"/>
                        <line branch="false" hits="10" number="168"/>
                        <line branch="false" hits="10" number="169"/>
                        <line branch="false" hits="10" number="170"/>
                        <line branch="false" hits="10" number="171"/>
                        <line branch="false" hits="10" number="172"/>
                        <line branch="false" hits="10" number="173"/>
                        <line branch="false" hits="10" number="174"/>
                        <line branch="false" hits="0" number="175"/>
                        <line branch="false" hits="10" number="176"/>
                        <line branch="false" hits="0" number="177"/>
                        <line branch="false" hits="10" number="178"/>
                        <line branch="false" hits="10" number="179"/>
                        <line branch="false" hits="10" number="180"/>
                        <line branch="false" hits="10" number="181"/>
                        <line branch="false" hits="0" number="183"/>
                        <line branch="false" hits="10" number="185"/>
                        <line branch="false" hits="10" number="187"/>
                        <line branch="false" hits="10" number="188"/>
                        <line branch="false" hits="10" number="189"/>
                        <line branch="false" hits="10" number="190"/>
                        <line branch="false" hits="10" number="191"/>
                        <line branch="false" hits="10" number="192"/>
                        <line branch="false" hits="10" number="193"/>
                        <line branch="false" hits="0" number="194"/>
                        <line branch="false" hits="10" number="195"/>
                        <line branch="false" hits="10" number="196"/>
                        <line branch="false" hits="10" number="197"/>
                        <line branch="false" hits="37" number="199"/>
                        <line branch="false" hits="37" number="200"/>
                        <line branch="false" hits="37" number="201"/>
                        <line branch="false" hits="0" number="202"/>
                        <line branch="false" hits="0" number="204"/>
                        <line branch="false" hits="0" number="205"/>
                        <line branch="false" hits="0" number="206"/>
                        <line branch="false" hits="0" number="207"/>
                        <line branch="false" hits="0" number="208"/>
                        <line branch="false" hits="0" number="210"/>
                        <line branch="false" hits="0" number="211"/>
                        <line branch="false" hits="0" number="212"/>
                        <line branch="false" hits="0" number="213"/>
                        <line branch="false" hits="0" number="215"/>
                        <line branch="false" hits="37" number="216"/>
                    </lines>
                </class>
                <class branch-rate="0" complexity="0" filename="src/config/types.rs" line-rate="0.34177215189873417" name="src.config.types.rs">
                    <methods>
                        <method name="watn::config::types::comment_toml::{closure#0}" signature="" complexity="0" line-rate="0" branch-rate="0">
                            <lines>
                                <line hits="0" number="7" branch="false"/>
                            </lines>
                        </method>
                        <method name="watn::config::types::comment_toml::{closure#0}" signature="" complexity="0" line-rate="0" branch-rate="0">
                            <lines>
                                <line hits="0" number="7" branch="false"/>
                            </lines>
                        </method>
                        <method name="&lt;watn::config::types::Config&gt;::template_content" signature="" complexity="0" line-rate="0" branch-rate="0">
                            <lines>
                                <line hits="0" number="35" branch="false"/>
                            </lines>
                        </method>
                        <method name="&lt;watn::config::types::Config&gt;::template_content" signature="" complexity="0" line-rate="0" branch-rate="0">
                            <lines>
                                <line hits="0" number="35" branch="false"/>
                            </lines>
                        </method>
                        <method name="&lt;watn::config::types::TierReasoning&gt;::effort" signature="" complexity="0" line-rate="1" branch-rate="1">
                            <lines>
                                <line hits="26" number="141" branch="false"/>
                            </lines>
                        </method>
                        <method name="&lt;watn::config::types::TierReasoning&gt;::effort" signature="" complexity="0" line-rate="0" branch-rate="0">
                            <lines>
                                <line hits="0" number="141" branch="false"/>
                            </lines>
                        </method>
                        <method name="watn::config::types::comment_toml" signature="" complexity="0" line-rate="0" branch-rate="0">
                            <lines>
                                <line hits="0" number="4" branch="false"/>
                            </lines>
                        </method>
                        <method name="watn::config::types::comment_toml" signature="" complexity="0" line-rate="0" branch-rate="0">
                            <lines>
                                <line hits="0" number="4" branch="false"/>
                            </lines>
                        </method>
                        <method name="&lt;watn::config::types::ModelTiers as core::default::Default&gt;::default" signature="" complexity="0" line-rate="1" branch-rate="1">
                            <lines>
                                <line hits="23" number="109" branch="false"/>
                            </lines>
                        </method>
                        <method name="&lt;watn::config::types::ModelTiers as core::default::Default&gt;::default" signature="" complexity="0" line-rate="0" branch-rate="0">
                            <lines>
                                <line hits="0" number="109" branch="false"/>
                            </lines>
                        </method>
                        <method name="&lt;watn::config::types::TierReasoning as core::default::Default&gt;::default" signature="" complexity="0" line-rate="1" branch-rate="1">
                            <lines>
                                <line hits="35" number="127" branch="false"/>
                            </lines>
                        </method>
                        <method name="&lt;watn::config::types::TierReasoning as core::default::Default&gt;::default" signature="" complexity="0" line-rate="0" branch-rate="0">
                            <lines>
                                <line hits="0" number="127" branch="false"/>
                            </lines>
                        </method>
                        <method name="&lt;watn::config::types::ProviderDefaults as core::default::Default&gt;::default" signature="" complexity="0" line-rate="0" branch-rate="0">
                            <lines>
                                <line hits="0" number="84" branch="false"/>
                            </lines>
                        </method>
                        <method name="&lt;watn::config::types::ProviderDefaults as core::default::Default&gt;::default" signature="" complexity="0" line-rate="0" branch-rate="0">
                            <lines>
                                <line hits="0" number="84" branch="false"/>
                            </lines>
                        </method>
                    </methods>
                    <lines>
                        <line branch="false" hits="0" number="4"/>
                        <line branch="false" hits="0" number="5"/>
                        <line branch="false" hits="0" number="6"/>
                        <line branch="false" hits="0" number="7"/>
                        <line branch="false" hits="0" number="8"/>
                        <line branch="false" hits="0" number="9"/>
                        <line branch="false" hits="0" number="11"/>
                        <line branch="false" hits="0" number="13"/>
                        <line branch="false" hits="0" number="14"/>
                        <line branch="false" hits="0" number="15"/>
                        <line branch="false" hits="0" number="16"/>
                        <line branch="false" hits="0" number="35"/>
                        <line branch="false" hits="0" number="36"/>
                        <line branch="false" hits="0" number="37"/>
                        <line branch="false" hits="0" number="38"/>
                        <line branch="false" hits="0" number="39"/>
                        <line branch="false" hits="0" number="40"/>
                        <line branch="false" hits="0" number="41"/>
                        <line branch="false" hits="0" number="42"/>
                        <line branch="false" hits="0" number="43"/>
                        <line branch="false" hits="0" number="44"/>
                        <line branch="false" hits="0" number="45"/>
                        <line branch="false" hits="0" number="46"/>
                        <line branch="false" hits="0" number="47"/>
                        <line branch="false" hits="0" number="48"/>
                        <line branch="false" hits="0" number="49"/>
                        <line branch="false" hits="0" number="50"/>
                        <line branch="false" hits="0" number="51"/>
                        <line branch="false" hits="0" number="52"/>
                        <line branch="false" hits="0" number="53"/>
                        <line branch="false" hits="0" number="54"/>
                        <line branch="false" hits="0" number="55"/>
                        <line branch="false" hits="0" number="56"/>
                        <line branch="false" hits="0" number="57"/>
                        <line branch="false" hits="0" number="58"/>
                        <line branch="false" hits="0" number="59"/>
                        <line branch="false" hits="0" number="60"/>
                        <line branch="false" hits="0" number="61"/>
                        <line branch="false" hits="0" number="62"/>
                        <line branch="false" hits="0" number="63"/>
                        <line branch="false" hits="0" number="64"/>
                        <line branch="false" hits="0" number="65"/>
                        <line branch="false" hits="0" number="66"/>
                        <line branch="false" hits="0" number="67"/>
                        <line branch="false" hits="0" number="72"/>
                        <line branch="false" hits="0" number="74"/>
                        <line branch="false" hits="0" number="84"/>
                        <line branch="false" hits="0" number="85"/>
                        <line branch="false" hits="0" number="86"/>
                        <line branch="false" hits="0" number="87"/>
                        <line branch="false" hits="0" number="88"/>
                        <line branch="false" hits="0" number="89"/>
                        <line branch="false" hits="23" number="109"/>
                        <line branch="false" hits="23" number="110"/>
                        <line branch="false" hits="23" number="111"/>
                        <line branch="false" hits="23" number="112"/>
                        <line branch="false" hits="23" number="113"/>
                        <line branch="false" hits="23" number="114"/>
                        <line branch="false" hits="23" number="115"/>
                        <line branch="false" hits="23" number="116"/>
                        <line branch="false" hits="35" number="127"/>
                        <line branch="false" hits="35" number="128"/>
                        <line branch="false" hits="35" number="129"/>
                        <line branch="false" hits="35" number="130"/>
                        <line branch="false" hits="35" number="131"/>
                        <line branch="false" hits="35" number="132"/>
                        <line branch="false" hits="35" number="133"/>
                        <line branch="false" hits="26" number="141"/>
                        <line branch="false" hits="26" number="142"/>
                        <line branch="false" hits="25" number="143"/>
                        <line branch="false" hits="22" number="144"/>
                        <line branch="false" hits="18" number="145"/>
                        <line branch="false" hits="26" number="147"/>
                        <line branch="false" hits="23" number="149"/>
                        <line branch="false" hits="5" number="150"/>
                        <line branch="false" hits="18" number="152"/>
                        <line branch="false" hits="3" number="155"/>
                        <line branch="false" hits="3" number="156"/>
                        <line branch="false" hits="26" number="158"/>
                    </lines>
                </class>
            </classes>
        </package>
        <package line-rate="0.6388059701492538" branch-rate="0" name="src.models" complexity="0">
            <classes>
                <class branch-rate="0" complexity="0" filename="src/models/list.rs" line-rate="0.42792792792792794" name="src.models.list.rs">
                    <methods>
                        <method name="watn::models::list::fetch_models::{closure#4}::{closure#3}::{closure#0}::{closure#0}" signature="" complexity="0" line-rate="0" branch-rate="0">
                            <lines>
                                <line hits="0" number="88" branch="false"/>
                            </lines>
                        </method>
                        <method name="watn::models::list::parse_model_data::{closure#0}::{closure#3}::{closure#0}::{closure#0}" signature="" complexity="0" line-rate="0" branch-rate="0">
                            <lines>
                                <line hits="0" number="263" branch="false"/>
                            </lines>
                        </method>
                        <method name="watn::models::list::fetch_models::{closure#4}::{closure#3}::{closure#0}::{closure#0}" signature="" complexity="0" line-rate="0" branch-rate="0">
                            <lines>
                                <line hits="0" number="88" branch="false"/>
                            </lines>
                        </method>
                        <method name="watn::models::list::parse_model_data::{closure#0}::{closure#3}::{closure#0}::{closure#0}" signature="" complexity="0" line-rate="0" branch-rate="0">
                            <lines>
                                <line hits="0" number="263" branch="false"/>
                            </lines>
                        </method>
                        <method name="watn::models::list::fetch_models::{closure#4}::{closure#3}::{closure#0}" signature="" complexity="0" line-rate="0" branch-rate="0">
                            <lines>
                                <line hits="0" number="88" branch="false"/>
                            </lines>
                        </method>
                        <method name="watn::models::list::fetch_models::{closure#4}::{closure#1}::{closure#0}" signature="" complexity="0" line-rate="0" branch-rate="0">
                            <lines>
                                <line hits="0" number="72" branch="false"/>
                            </lines>
                        </method>
                        <method name="watn::models::list::parse_model_data::{closure#0}::{closure#3}::{closure#0}" signature="" complexity="0" line-rate="0" branch-rate="0">
                            <lines>
                                <line hits="0" number="263" branch="false"/>
                            </lines>
                        </method>
                        <method name="watn::models::list::parse_model_data::{closure#0}::{closure#1}::{closure#0}" signature="" complexity="0" line-rate="0" branch-rate="0">
                            <lines>
                                <line hits="0" number="251" branch="false"/>
                            </lines>
                        </method>
                        <method name="watn::models::list::fetch_models::{closure#4}::{closure#3}::{closure#0}" signature="" complexity="0" line-rate="0" branch-rate="0">
                            <lines>
                                <line hits="0" number="88" branch="false"/>
                            </lines>
                        </method>
                        <method name="watn::models::list::fetch_models::{closure#4}::{closure#1}::{closure#0}" signature="" complexity="0" line-rate="0" branch-rate="0">
                            <lines>
                                <line hits="0" number="72" branch="false"/>
                            </lines>
                        </method>
                        <method name="watn::models::list::parse_model_data::{closure#0}::{closure#3}::{closure#0}" signature="" complexity="0" line-rate="0" branch-rate="0">
                            <lines>
                                <line hits="0" number="263" branch="false"/>
                            </lines>
                        </method>
                        <method name="watn::models::list::parse_model_data::{closure#0}::{closure#1}::{closure#0}" signature="" complexity="0" line-rate="0" branch-rate="0">
                            <lines>
                                <line hits="0" number="251" branch="false"/>
                            </lines>
                        </method>
                        <method name="watn::models::list::fetch_models::{closure#4}::{closure#0}" signature="" complexity="0" line-rate="0" branch-rate="0">
                            <lines>
                                <line hits="0" number="69" branch="false"/>
                            </lines>
                        </method>
                        <method name="watn::models::list::fetch_models::{closure#4}::{closure#2}" signature="" complexity="0" line-rate="0" branch-rate="0">
                            <lines>
                                <line hits="0" number="75" branch="false"/>
                            </lines>
                        </method>
                        <method name="watn::models::list::fetch_models::{closure#4}::{closure#3}" signature="" complexity="0" line-rate="0" branch-rate="0">
                            <lines>
                                <line hits="0" number="86" branch="false"/>
                            </lines>
                        </method>
                        <method name="watn::models::list::fetch_models::{closure#4}::{closure#1}" signature="" complexity="0" line-rate="0" branch-rate="0">
                            <lines>
                                <line hits="0" number="71" branch="false"/>
                            </lines>
                        </method>
                        <method name="watn::models::list::parse_model_data::{closure#0}::{closure#0}" signature="" complexity="0" line-rate="0" branch-rate="0">
                            <lines>
                                <line hits="0" number="249" branch="false"/>
                            </lines>
                        </method>
                        <method name="watn::models::list::parse_model_data::{closure#0}::{closure#2}" signature="" complexity="0" line-rate="0" branch-rate="0">
                            <lines>
                                <line hits="0" number="253" branch="false"/>
                            </lines>
                        </method>
                        <method name="watn::models::list::parse_model_data::{closure#0}::{closure#3}" signature="" complexity="0" line-rate="0" branch-rate="0">
                            <lines>
                                <line hits="0" number="261" branch="false"/>
                            </lines>
                        </method>
                        <method name="watn::models::list::parse_model_data::{closure#0}::{closure#1}" signature="" complexity="0" line-rate="1" branch-rate="1">
                            <lines>
                                <line hits="815" number="250" branch="false"/>
                            </lines>
                        </method>
                        <method name="watn::models::list::fetch_models::{closure#4}::{closure#0}" signature="" complexity="0" line-rate="0" branch-rate="0">
                            <lines>
                                <line hits="0" number="69" branch="false"/>
                            </lines>
                        </method>
                        <method name="watn::models::list::fetch_models::{closure#4}::{closure#2}" signature="" complexity="0" line-rate="0" branch-rate="0">
                            <lines>
                                <line hits="0" number="75" branch="false"/>
                            </lines>
                        </method>
                        <method name="watn::models::list::fetch_models::{closure#4}::{closure#3}" signature="" complexity="0" line-rate="0" branch-rate="0">
                            <lines>
                                <line hits="0" number="86" branch="false"/>
                            </lines>
                        </method>
                        <method name="watn::models::list::fetch_models::{closure#4}::{closure#1}" signature="" complexity="0" line-rate="0" branch-rate="0">
                            <lines>
                                <line hits="0" number="71" branch="false"/>
                            </lines>
                        </method>
                        <method name="watn::models::list::parse_model_data::{closure#0}::{closure#0}" signature="" complexity="0" line-rate="0" branch-rate="0">
                            <lines>
                                <line hits="0" number="249" branch="false"/>
                            </lines>
                        </method>
                        <method name="watn::models::list::parse_model_data::{closure#0}::{closure#2}" signature="" complexity="0" line-rate="0" branch-rate="0">
                            <lines>
                                <line hits="0" number="253" branch="false"/>
                            </lines>
                        </method>
                        <method name="watn::models::list::parse_model_data::{closure#0}::{closure#3}" signature="" complexity="0" line-rate="0" branch-rate="0">
                            <lines>
                                <line hits="0" number="261" branch="false"/>
                            </lines>
                        </method>
                        <method name="watn::models::list::parse_model_data::{closure#0}::{closure#1}" signature="" complexity="0" line-rate="0" branch-rate="0">
                            <lines>
                                <line hits="0" number="250" branch="false"/>
                            </lines>
                        </method>
                        <method name="watn::models::list::fetch_models::{closure#0}" signature="" complexity="0" line-rate="0" branch-rate="0">
                            <lines>
                                <line hits="0" number="19" branch="false"/>
                            </lines>
                        </method>
                        <method name="watn::models::list::fetch_models::{closure#2}" signature="" complexity="0" line-rate="0" branch-rate="0">
                            <lines>
                                <line hits="0" number="54" branch="false"/>
                            </lines>
                        </method>
                        <method name="watn::models::list::fetch_models::{closure#3}" signature="" complexity="0" line-rate="0" branch-rate="0">
                            <lines>
                                <line hits="0" number="61" branch="false"/>
                            </lines>
                        </method>
                        <method name="watn::models::list::fetch_models::{closure#4}" signature="" complexity="0" line-rate="0" branch-rate="0">
                            <lines>
                                <line hits="0" number="66" branch="false"/>
                            </lines>
                        </method>
                        <method name="watn::models::list::fetch_models::{closure#1}" signature="" complexity="0" line-rate="0" branch-rate="0">
                            <lines>
                                <line hits="0" number="28" branch="false"/>
                            </lines>
                        </method>
                        <method name="watn::models::list::word_matches::{closure#0}" signature="" complexity="0" line-rate="1" branch-rate="1">
                            <lines>
                                <line hits="730" number="115" branch="false"/>
                            </lines>
                        </method>
                        <method name="watn::models::list::search_models::{closure#0}" signature="" complexity="0" line-rate="0" branch-rate="0">
                            <lines>
                                <line hits="0" number="129" branch="false"/>
                            </lines>
                        </method>
                        <method name="watn::models::list::search_models::{closure#2}" signature="" complexity="0" line-rate="0" branch-rate="0">
                            <lines>
                                <line hits="0" number="164" branch="false"/>
                            </lines>
                        </method>
                        <method name="watn::models::list::search_models::{closure#3}" signature="" complexity="0" line-rate="0" branch-rate="0">
                            <lines>
                                <line hits="0" number="171" branch="false"/>
                            </lines>
                        </method>
                        <method name="watn::models::list::search_models::{closure#4}" signature="" complexity="0" line-rate="1" branch-rate="1">
                            <lines>
                                <line hits="710" number="178" branch="false"/>
                            </lines>
                        </method>
                        <method name="watn::models::list::search_models::{closure#1}" signature="" complexity="0" line-rate="0" branch-rate="0">
                            <lines>
                                <line hits="0" number="138" branch="false"/>
                            </lines>
                        </method>
                        <method name="watn::models::list::parse_model_data::{closure#0}" signature="" complexity="0" line-rate="1" branch-rate="1">
                            <lines>
                                <line hits="815" number="247" branch="false"/>
                            </lines>
                        </method>
                        <method name="watn::models::list::fetch_models_page::{closure#0}" signature="" complexity="0" line-rate="0" branch-rate="0">
                            <lines>
                                <line hits="0" number="196" branch="false"/>
                            </lines>
                        </method>
                        <method name="watn::models::list::fetch_models_page::{closure#2}" signature="" complexity="0" line-rate="0" branch-rate="0">
                            <lines>
                                <line hits="0" number="231" branch="false"/>
                            </lines>
                        </method>
                        <method name="watn::models::list::fetch_models_page::{closure#3}" signature="" complexity="0" line-rate="0" branch-rate="0">
                            <lines>
                                <line hits="0" number="238" branch="false"/>
                            </lines>
                        </method>
                        <method name="watn::models::list::fetch_models_page::{closure#1}" signature="" complexity="0" line-rate="0" branch-rate="0">
                            <lines>
                                <line hits="0" number="205" branch="false"/>
                            </lines>
                        </method>
                        <method name="watn::models::list::parse_pricing_value::{closure#0}" signature="" complexity="0" line-rate="0" branch-rate="0">
                            <lines>
                                <line hits="0" number="281" branch="false"/>
                            </lines>
                        </method>
                        <method name="watn::models::list::parse_pricing_value::{closure#1}" signature="" complexity="0" line-rate="0" branch-rate="0">
                            <lines>
                                <line hits="0" number="282" branch="false"/>
                            </lines>
                        </method>
                        <method name="watn::models::list::fetch_models::{closure#0}" signature="" complexity="0" line-rate="0" branch-rate="0">
                            <lines>
                                <line hits="0" number="19" branch="false"/>
                            </lines>
                        </method>
                        <method name="watn::models::list::fetch_models::{closure#2}" signature="" complexity="0" line-rate="0" branch-rate="0">
                            <lines>
                                <line hits="0" number="54" branch="false"/>
                            </lines>
                        </method>
                        <method name="watn::models::list::fetch_models::{closure#3}" signature="" complexity="0" line-rate="0" branch-rate="0">
                            <lines>
                                <line hits="0" number="61" branch="false"/>
                            </lines>
                        </method>
                        <method name="watn::models::list::fetch_models::{closure#4}" signature="" complexity="0" line-rate="0" branch-rate="0">
                            <lines>
                                <line hits="0" number="66" branch="false"/>
                            </lines>
                        </method>
                        <method name="watn::models::list::fetch_models::{closure#1}" signature="" complexity="0" line-rate="0" branch-rate="0">
                            <lines>
                                <line hits="0" number="28" branch="false"/>
                            </lines>
                        </method>
                        <method name="watn::models::list::word_matches::{closure#0}" signature="" complexity="0" line-rate="0" branch-rate="0">
                            <lines>
                                <line hits="0" number="115" branch="false"/>
                            </lines>
                        </method>
                        <method name="watn::models::list::search_models::{closure#0}" signature="" complexity="0" line-rate="0" branch-rate="0">
                            <lines>
                                <line hits="0" number="129" branch="false"/>
                            </lines>
                        </method>
                        <method name="watn::models::list::search_models::{closure#2}" signature="" complexity="0" line-rate="0" branch-rate="0">
                            <lines>
                                <line hits="0" number="164" branch="false"/>
                            </lines>
                        </method>
                        <method name="watn::models::list::search_models::{closure#3}" signature="" complexity="0" line-rate="0" branch-rate="0">
                            <lines>
                                <line hits="0" number="171" branch="false"/>
                            </lines>
                        </method>
                        <method name="watn::models::list::search_models::{closure#4}" signature="" complexity="0" line-rate="0" branch-rate="0">
                            <lines>
                                <line hits="0" number="178" branch="false"/>
                            </lines>
                        </method>
                        <method name="watn::models::list::search_models::{closure#1}" signature="" complexity="0" line-rate="0" branch-rate="0">
                            <lines>
                                <line hits="0" number="138" branch="false"/>
                            </lines>
                        </method>
                        <method name="watn::models::list::parse_model_data::{closure#0}" signature="" complexity="0" line-rate="0" branch-rate="0">
                            <lines>
                                <line hits="0" number="247" branch="false"/>
                            </lines>
                        </method>
                        <method name="watn::models::list::fetch_models_page::{closure#0}" signature="" complexity="0" line-rate="0" branch-rate="0">
                            <lines>
                                <line hits="0" number="196" branch="false"/>
                            </lines>
                        </method>
                        <method name="watn::models::list::fetch_models_page::{closure#2}" signature="" complexity="0" line-rate="0" branch-rate="0">
                            <lines>
                                <line hits="0" number="231" branch="false"/>
                            </lines>
                        </method>
                        <method name="watn::models::list::fetch_models_page::{closure#3}" signature="" complexity="0" line-rate="0" branch-rate="0">
                            <lines>
                                <line hits="0" number="238" branch="false"/>
                            </lines>
                        </method>
                        <method name="watn::models::list::fetch_models_page::{closure#1}" signature="" complexity="0" line-rate="0" branch-rate="0">
                            <lines>
                                <line hits="0" number="205" branch="false"/>
                            </lines>
                        </method>
                        <method name="watn::models::list::parse_pricing_value::{closure#0}" signature="" complexity="0" line-rate="0" branch-rate="0">
                            <lines>
                                <line hits="0" number="281" branch="false"/>
                            </lines>
                        </method>
                        <method name="watn::models::list::parse_pricing_value::{closure#1}" signature="" complexity="0" line-rate="0" branch-rate="0">
                            <lines>
                                <line hits="0" number="282" branch="false"/>
                            </lines>
                        </method>
                        <method name="watn::models::list::fetch_models" signature="" complexity="0" line-rate="0" branch-rate="0">
                            <lines>
                                <line hits="0" number="13" branch="false"/>
                            </lines>
                        </method>
                        <method name="watn::models::list::word_matches" signature="" complexity="0" line-rate="1" branch-rate="1">
                            <lines>
                                <line hits="710" number="110" branch="false"/>
                            </lines>
                        </method>
                        <method name="watn::models::list::search_models" signature="" complexity="0" line-rate="1" branch-rate="1">
                            <lines>
                                <line hits="246" number="118" branch="false"/>
                            </lines>
                        </method>
                        <method name="watn::models::list::parse_model_data" signature="" complexity="0" line-rate="1" branch-rate="1">
                            <lines>
                                <line hits="257" number="245" branch="false"/>
                            </lines>
                        </method>
                        <method name="watn::models::list::fetch_models_page" signature="" complexity="0" line-rate="1" branch-rate="1">
                            <lines>
                                <line hits="11" number="184" branch="false"/>
                            </lines>
                        </method>
                        <method name="watn::models::list::parse_pricing_value" signature="" complexity="0" line-rate="0" branch-rate="0">
                            <lines>
[...]
                        <line branch="false" hits="26" number="3"/>
                        <line branch="false" hits="26" number="4"/>
                        <line branch="false" hits="26" number="5"/>
                        <line branch="false" hits="26" number="6"/>
                        <line branch="false" hits="26" number="7"/>
                        <line branch="false" hits="26" number="8"/>
                        <line branch="false" hits="26" number="9"/>
                        <line branch="false" hits="2" number="10"/>
                        <line branch="false" hits="24" number="11"/>
                        <line branch="false" hits="26" number="12"/>
                        <line branch="false" hits="26" number="13"/>
                        <line branch="false" hits="26" number="14"/>
                        <line branch="false" hits="26" number="15"/>
                        <line branch="false" hits="26" number="16"/>
                        <line branch="false" hits="26" number="17"/>
                    </lines>
                </class>
            </classes>
        </package>
        <package line-rate="0.7" branch-rate="0" name="src" complexity="0">
            <classes>
                <class branch-rate="0" complexity="0" filename="src/error.rs" line-rate="0" name="src.error.rs">
                    <methods>
                        <method name="watn::error::exit_code" signature="" complexity="0" line-rate="0" branch-rate="0">
                            <lines>
                                <line hits="0" number="36" branch="false"/>
                            </lines>
                        </method>
                        <method name="watn::error::exit_code" signature="" complexity="0" line-rate="0" branch-rate="0">
                            <lines>
                                <line hits="0" number="36" branch="false"/>
                            </lines>
                        </method>
                        <method name="&lt;watn::error::Error as core::fmt::Display&gt;::fmt" signature="" complexity="0" line-rate="0" branch-rate="0">
                            <lines>
                                <line hits="0" number="14" branch="false"/>
                            </lines>
                        </method>
                        <method name="&lt;watn::error::Error as core::fmt::Display&gt;::fmt" signature="" complexity="0" line-rate="0" branch-rate="0">
                            <lines>
                                <line hits="0" number="14" branch="false"/>
                            </lines>
                        </method>
                        <method name="&lt;watn::error::Error as core::convert::From&lt;std::io::error::Error&gt;&gt;::from" signature="" complexity="0" line-rate="0" branch-rate="0">
                            <lines>
                                <line hits="0" number="31" branch="false"/>
                            </lines>
                        </method>
                        <method name="&lt;watn::error::Error as core::convert::From&lt;std::io::error::Error&gt;&gt;::from" signature="" complexity="0" line-rate="0" branch-rate="0">
                            <lines>
                                <line hits="0" number="31" branch="false"/>
                            </lines>
                        </method>
                    </methods>
                    <lines>
                        <line branch="false" hits="0" number="14"/>
                        <line branch="false" hits="0" number="15"/>
                        <line branch="false" hits="0" number="16"/>
                        <line branch="false" hits="0" number="17"/>
                        <line branch="false" hits="0" number="18"/>
                        <line branch="false" hits="0" number="19"/>
                        <line branch="false" hits="0" number="20"/>
                        <line branch="false" hits="0" number="22"/>
                        <line branch="false" hits="0" number="23"/>
                        <line branch="false" hits="0" number="25"/>
                        <line branch="false" hits="0" number="31"/>
                        <line branch="false" hits="0" number="32"/>
                        <line branch="false" hits="0" number="33"/>
                        <line branch="false" hits="0" number="36"/>
                        <line branch="false" hits="0" number="37"/>
                        <line branch="false" hits="0" number="38"/>
                        <line branch="false" hits="0" number="39"/>
                        <line branch="false" hits="0" number="40"/>
                        <line branch="false" hits="0" number="41"/>
                        <line branch="false" hits="0" number="43"/>
                    </lines>
                </class>
                <class branch-rate="0" complexity="0" filename="src/main.rs" line-rate="0.776" name="src.main.rs">
                    <methods>
                        <method name="watn::main::{closure#0}" signature="" complexity="0" line-rate="0" branch-rate="0">
                            <lines>
                                <line hits="0" number="191" branch="false"/>
                            </lines>
                        </method>
                        <method name="watn::main::{closure#2}" signature="" complexity="0" line-rate="1" branch-rate="1">
                            <lines>
                                <line hits="7" number="205" branch="false"/>
                            </lines>
                        </method>
                        <method name="watn::main::{closure#3}" signature="" complexity="0" line-rate="0" branch-rate="0">
                            <lines>
                                <line hits="0" number="166" branch="false"/>
                            </lines>
                        </method>
                        <method name="watn::main::{closure#1}" signature="" complexity="0" line-rate="1" branch-rate="1">
                            <lines>
                                <line hits="2" number="197" branch="false"/>
                            </lines>
                        </method>
                        <method name="watn::main::{closure#0}" signature="" complexity="0" line-rate="0" branch-rate="0">
                            <lines>
                                <line hits="0" number="191" branch="false"/>
                            </lines>
                        </method>
                        <method name="watn::main::{closure#2}" signature="" complexity="0" line-rate="0" branch-rate="0">
                            <lines>
                                <line hits="0" number="205" branch="false"/>
                            </lines>
                        </method>
                        <method name="watn::main::{closure#3}" signature="" complexity="0" line-rate="0" branch-rate="0">
                            <lines>
                                <line hits="0" number="166" branch="false"/>
                            </lines>
                        </method>
                        <method name="watn::main::{closure#1}" signature="" complexity="0" line-rate="0" branch-rate="0">
                            <lines>
                                <line hits="0" number="197" branch="false"/>
                            </lines>
                        </method>
                        <method name="watn::build_registry" signature="" complexity="0" line-rate="1" branch-rate="1">
                            <lines>
                                <line hits="26" number="238" branch="false"/>
                            </lines>
                        </method>
                        <method name="watn::main" signature="" complexity="0" line-rate="1" branch-rate="1">
                            <lines>
                                <line hits="39" number="75" branch="false"/>
                            </lines>
                        </method>
                        <method name="watn::build_registry" signature="" complexity="0" line-rate="0" branch-rate="0">
                            <lines>
                                <line hits="0" number="238" branch="false"/>
                            </lines>
                        </method>
                        <method name="watn::main" signature="" complexity="0" line-rate="1" branch-rate="1">
                            <lines>
                                <line hits="1" number="75" branch="false"/>
                            </lines>
                        </method>
                        <method name="&lt;watn::Cli&gt;::tier" signature="" complexity="0" line-rate="1" branch-rate="1">
                            <lines>
                                <line hits="26" number="60" branch="false"/>
                            </lines>
                        </method>
                        <method name="&lt;watn::Cli&gt;::tier" signature="" complexity="0" line-rate="0" branch-rate="0">
                            <lines>
                                <line hits="0" number="60" branch="false"/>
                            </lines>
                        </method>
                    </methods>
                    <lines>
                        <line branch="false" hits="26" number="60"/>
                        <line branch="false" hits="26" number="61"/>
                        <line branch="false" hits="23" number="62"/>
                        <line branch="false" hits="17" number="64"/>
                        <line branch="false" hits="9" number="65"/>
                        <line branch="false" hits="3" number="66"/>
                        <line branch="false" hits="6" number="67"/>
                        <line branch="false" hits="5" number="68"/>
                        <line branch="false" hits="1" number="70"/>
                        <line branch="false" hits="26" number="72"/>
                        <line branch="false" hits="40" number="75"/>
                        <line branch="false" hits="40" number="76"/>
                        <line branch="false" hits="40" number="78"/>
                        <line branch="false" hits="14" number="79"/>
                        <line branch="false" hits="14" number="80"/>
                        <line branch="false" hits="26" number="81"/>
                        <line branch="false" hits="26" number="83"/>
                        <line branch="false" hits="26" number="84"/>
                        <line branch="false" hits="1" number="86"/>
                        <line branch="false" hits="1" number="87"/>
                        <line branch="false" hits="1" number="88"/>
                        <line branch="false" hits="1" number="89"/>
                        <line branch="false" hits="0" number="90"/>
                        <line branch="false" hits="0" number="91"/>
                        <line branch="false" hits="0" number="92"/>
                        <line branch="false" hits="1" number="93"/>
                        <line branch="false" hits="1" number="94"/>
                        <line branch="false" hits="0" number="96"/>
                        <line branch="false" hits="0" number="97"/>
                        <line branch="false" hits="0" number="98"/>
                        <line branch="false" hits="26" number="103"/>
                        <line branch="false" hits="26" number="104"/>
                        <line branch="false" hits="0" number="105"/>
                        <line branch="false" hits="0" number="106"/>
                        <line branch="false" hits="0" number="107"/>
                        <line branch="false" hits="0" number="108"/>
                        <line branch="false" hits="26" number="112"/>
                        <line branch="false" hits="26" number="113"/>
                        <line branch="false" hits="26" number="116"/>
                        <line branch="false" hits="26" number="117"/>
                        <line branch="false" hits="26" number="118"/>
                        <line branch="false" hits="0" number="119"/>
                        <line branch="false" hits="0" number="120"/>
                        <line branch="false" hits="0" number="121"/>
                        <line branch="false" hits="0" number="122"/>
                        <line branch="false" hits="26" number="126"/>
                        <line branch="false" hits="26" number="127"/>
                        <line branch="false" hits="0" number="128"/>
                        <line branch="false" hits="0" number="129"/>
                        <line branch="false" hits="0" number="130"/>
                        <line branch="false" hits="0" number="131"/>
                        <line branch="false" hits="26" number="135"/>
                        <line branch="false" hits="26" number="136"/>
                        <line branch="false" hits="0" number="137"/>
                        <line branch="false" hits="0" number="138"/>
                        <line branch="false" hits="0" number="139"/>
                        <line branch="false" hits="0" number="140"/>
                        <line branch="false" hits="26" number="144"/>
                        <line branch="false" hits="26" number="145"/>
                        <line branch="false" hits="26" number="147"/>
                        <line branch="false" hits="26" number="149"/>
                        <line branch="false" hits="26" number="166"/>
                        <line branch="false" hits="26" number="169"/>
                        <line branch="false" hits="26" number="170"/>
                        <line branch="false" hits="26" number="171"/>
                        <line branch="false" hits="26" number="172"/>
                        <line branch="false" hits="26" number="173"/>
                        <line branch="false" hits="26" number="174"/>
                        <line branch="false" hits="26" number="175"/>
                        <line branch="false" hits="26" number="176"/>
                        <line branch="false" hits="26" number="177"/>
                        <line branch="false" hits="26" number="180"/>
                        <line branch="false" hits="26" number="182"/>
                        <line branch="false" hits="26" number="183"/>
                        <line branch="false" hits="26" number="184"/>
                        <line branch="false" hits="26" number="185"/>
                        <line branch="false" hits="26" number="186"/>
                        <line branch="false" hits="26" number="187"/>
                        <line branch="false" hits="26" number="189"/>
                        <line branch="false" hits="26" number="190"/>
                        <line branch="false" hits="26" number="191"/>
                        <line branch="false" hits="0" number="192"/>
                        <line branch="false" hits="26" number="193"/>
                        <line branch="false" hits="26" number="195"/>
                        <line branch="false" hits="26" number="196"/>
                        <line branch="false" hits="26" number="197"/>
                        <line branch="false" hits="2" number="198"/>
                        <line branch="false" hits="2" number="199"/>
                        <line branch="false" hits="2" number="200"/>
                        <line branch="false" hits="2" number="201"/>
                        <line branch="false" hits="26" number="203"/>
                        <line branch="false" hits="26" number="204"/>
                        <line branch="false" hits="26" number="205"/>
                        <line branch="false" hits="0" number="207"/>
                        <line branch="false" hits="26" number="210"/>
                        <line branch="false" hits="26" number="212"/>
                        <line branch="false" hits="4" number="213"/>
                        <line branch="false" hits="3" number="214"/>
                        <line branch="false" hits="3" number="215"/>
                        <line branch="false" hits="3" number="216"/>
                        <line branch="false" hits="1" number="217"/>
                        <line branch="false" hits="22" number="218"/>
                        <line branch="false" hits="26" number="220"/>
                        <line branch="false" hits="26" number="222"/>
                        <line branch="false" hits="4" number="223"/>
                        <line branch="false" hits="22" number="224"/>
                        <line branch="false" hits="0" number="226"/>
                        <line branch="false" hits="0" number="227"/>
                        <line branch="false" hits="0" number="228"/>
                        <line branch="false" hits="0" number="229"/>
                        <line branch="false" hits="26" number="233"/>
                        <line branch="false" hits="1" number="234"/>
                        <line branch="false" hits="25" number="235"/>
                        <line branch="false" hits="39" number="236"/>
                        <line branch="false" hits="26" number="238"/>
                        <line branch="false" hits="26" number="239"/>
                        <line branch="false" hits="26" number="240"/>
                        <line branch="false" hits="26" number="241"/>
                        <line branch="false" hits="26" number="242"/>
                        <line branch="false" hits="26" number="243"/>
                        <line branch="false" hits="26" number="244"/>
                        <line branch="false" hits="26" number="245"/>
                        <line branch="false" hits="26" number="246"/>
                        <line branch="false" hits="26" number="247"/>
                        <line branch="false" hits="26" number="249"/>
                    </lines>
                </class>
                <class branch-rate="0" complexity="0" filename="src/exec.rs" line-rate="1" name="src.exec.rs">
                    <methods>
                        <method name="watn::exec::prompt_and_execute" signature="" complexity="0" line-rate="1" branch-rate="1">
                            <lines>
                                <line hits="4" number="3" branch="false"/>
                            </lines>
                        </method>
                        <method name="watn::exec::prompt_and_execute" signature="" complexity="0" line-rate="0" branch-rate="0">
                            <lines>
                                <line hits="0" number="3" branch="false"/>
                            </lines>
                        </method>
                    </methods>
                    <lines>
                        <line branch="false" hits="4" number="3"/>
                        <line branch="false" hits="4" number="4"/>
                        <line branch="false" hits="4" number="5"/>
                        <line branch="false" hits="4" number="6"/>
                        <line branch="false" hits="4" number="7"/>
                        <line branch="false" hits="4" number="8"/>
                        <line branch="false" hits="4" number="9"/>
                        <line branch="false" hits="1" number="10"/>
                        <line branch="false" hits="1" number="11"/>
                        <line branch="false" hits="1" number="12"/>
                        <line branch="false" hits="1" number="13"/>
                        <line branch="false" hits="1" number="14"/>
                        <line branch="false" hits="1" number="15"/>
                        <line branch="false" hits="3" number="16"/>
                        <line branch="false" hits="3" number="17"/>
                    </lines>
                </class>
            </classes>
        </package>
    </packages>
</coverage>