<?xml version="1.0" ?>
<!DOCTYPE coverage SYSTEM "https://cobertura.sourceforge.net/xml/coverage-04.dtd">
<coverage branch-rate="0" branches-covered="0" branches-valid="0" complexity="0" line-rate="0.4645711241342568" lines-covered="872" lines-valid="1877" timestamp="1786342865" version="2.0.3">
    <sources>
        <source>/home/sebastian/projects/watn</source>
    </sources>
    <packages>
        <package line-rate="0.44966442953020136" branch-rate="0" name="src" complexity="0">
            <classes>
                <class branch-rate="0" complexity="0" filename="src/exec.rs" line-rate="0" name="src.exec.rs">
                    <methods>
                        <method name="watn::exec::prompt_and_execute" signature="" complexity="0" line-rate="0" branch-rate="0">
                            <lines>
                                <line hits="0" number="19" branch="false"/>
                            </lines>
                        </method>
                        <method name="watn::exec::read_line_confirmation" signature="" complexity="0" line-rate="0" branch-rate="0">
                            <lines>
                                <line hits="0" number="43" branch="false"/>
                            </lines>
                        </method>
                        <method name="watn::exec::confirmation_from_input" signature="" complexity="0" line-rate="0" branch-rate="0">
                            <lines>
                                <line hits="0" number="110" branch="false"/>
                            </lines>
                        </method>
                        <method name="watn::exec::read_terminal_confirmation" signature="" complexity="0" line-rate="0" branch-rate="0">
                            <lines>
                                <line hits="0" number="52" branch="false"/>
                            </lines>
                        </method>
                        <method name="watn::exec::prompt_and_execute" signature="" complexity="0" line-rate="0" branch-rate="0">
                            <lines>
                                <line hits="0" number="19" branch="false"/>
                            </lines>
                        </method>
                        <method name="watn::exec::read_line_confirmation" signature="" complexity="0" line-rate="0" branch-rate="0">
                            <lines>
                                <line hits="0" number="43" branch="false"/>
                            </lines>
                        </method>
                        <method name="watn::exec::confirmation_from_input" signature="" complexity="0" line-rate="0" branch-rate="0">
                            <lines>
                                <line hits="0" number="110" branch="false"/>
                            </lines>
                        </method>
                        <method name="watn::exec::read_terminal_confirmation" signature="" complexity="0" line-rate="0" branch-rate="0">
                            <lines>
                                <line hits="0" number="52" branch="false"/>
                            </lines>
                        </method>
                        <method name="&lt;watn::exec::RawModeGuard as core::ops::drop::Drop&gt;::drop" signature="" complexity="0" line-rate="0" branch-rate="0">
                            <lines>
                                <line hits="0" number="126" branch="false"/>
                            </lines>
                        </method>
                        <method name="&lt;watn::exec::RawModeGuard as core::ops::drop::Drop&gt;::drop" signature="" complexity="0" line-rate="0" branch-rate="0">
                            <lines>
                                <line hits="0" number="126" branch="false"/>
                            </lines>
                        </method>
                    </methods>
                    <lines>
                        <line branch="false" hits="0" number="19"/>
                        <line branch="false" hits="0" number="20"/>
                        <line branch="false" hits="0" number="21"/>
                        <line branch="false" hits="0" number="23"/>
                        <line branch="false" hits="0" number="24"/>
                        <line branch="false" hits="0" number="26"/>
                        <line branch="false" hits="0" number="29"/>
                        <line branch="false" hits="0" number="31"/>
                        <line branch="false" hits="0" number="32"/>
                        <line branch="false" hits="0" number="33"/>
                        <line branch="false" hits="0" number="34"/>
                        <line branch="false" hits="0" number="35"/>
                        <line branch="false" hits="0" number="36"/>
                        <line branch="false" hits="0" number="38"/>
                        <line branch="false" hits="0" number="39"/>
                        <line branch="false" hits="0" number="41"/>
                        <line branch="false" hits="0" number="43"/>
                        <line branch="false" hits="0" number="44"/>
                        <line branch="false" hits="0" number="45"/>
                        <line branch="false" hits="0" number="46"/>
                        <line branch="false" hits="0" number="47"/>
                        <line branch="false" hits="0" number="48"/>
                        <line branch="false" hits="0" number="50"/>
                        <line branch="false" hits="0" number="52"/>
                        <line branch="false" hits="0" number="53"/>
                        <line branch="false" hits="0" number="54"/>
                        <line branch="false" hits="0" number="55"/>
                        <line branch="false" hits="0" number="57"/>
                        <line branch="false" hits="0" number="58"/>
                        <line branch="false" hits="0" number="61"/>
                        <line branch="false" hits="0" number="62"/>
                        <line branch="false" hits="0" number="63"/>
                        <line branch="false" hits="0" number="64"/>
                        <line branch="false" hits="0" number="66"/>
                        <line branch="false" hits="0" number="69"/>
                        <line branch="false" hits="0" number="70"/>
                        <line branch="false" hits="0" number="72"/>
                        <line branch="false" hits="0" number="73"/>
                        <line branch="false" hits="0" number="74"/>
                        <line branch="false" hits="0" number="76"/>
                        <line branch="false" hits="0" number="77"/>
                        <line branch="false" hits="0" number="78"/>
                        <line branch="false" hits="0" number="79"/>
                        <line branch="false" hits="0" number="81"/>
                        <line branch="false" hits="0" number="83"/>
                        <line branch="false" hits="0" number="84"/>
                        <line branch="false" hits="0" number="87"/>
                        <line branch="false" hits="0" number="88"/>
                        <line branch="false" hits="0" number="91"/>
                        <line branch="false" hits="0" number="92"/>
                        <line branch="false" hits="0" number="93"/>
                        <line branch="false" hits="0" number="94"/>
                        <line branch="false" hits="0" number="96"/>
                        <line branch="false" hits="0" number="97"/>
                        <line branch="false" hits="0" number="98"/>
                        <line branch="false" hits="0" number="99"/>
                        <line branch="false" hits="0" number="100"/>
                        <line branch="false" hits="0" number="101"/>
                        <line branch="false" hits="0" number="102"/>
                        <line branch="false" hits="0" number="103"/>
                        <line branch="false" hits="0" number="104"/>
                        <line branch="false" hits="0" number="105"/>
                        <line branch="false" hits="0" number="108"/>
                        <line branch="false" hits="0" number="110"/>
                        <line branch="false" hits="0" number="111"/>
                        <line branch="false" hits="0" number="112"/>
                        <line branch="false" hits="0" number="113"/>
                        <line branch="false" hits="0" number="115"/>
                        <line branch="false" hits="0" number="116"/>
                        <line branch="false" hits="0" number="117"/>
                        <line branch="false" hits="0" number="119"/>
                        <line branch="false" hits="0" number="121"/>
                        <line branch="false" hits="0" number="126"/>
                        <line branch="false" hits="0" number="127"/>
                        <line branch="false" hits="0" number="128"/>
                    </lines>
                </class>
                <class branch-rate="0" complexity="0" filename="src/main.rs" line-rate="0.5960591133004927" name="src.main.rs">
                    <methods>
                        <method name="watn::main::{closure#0}" signature="" complexity="0" line-rate="0" branch-rate="0">
                            <lines>
                                <line hits="0" number="231" branch="false"/>
                            </lines>
                        </method>
                        <method name="watn::main::{closure#2}" signature="" complexity="0" line-rate="1" branch-rate="1">
                            <lines>
                                <line hits="1" number="247" branch="false"/>
                            </lines>
                        </method>
                        <method name="watn::main::{closure#3}" signature="" complexity="0" line-rate="0" branch-rate="0">
                            <lines>
                                <line hits="0" number="206" branch="false"/>
                            </lines>
                        </method>
                        <method name="watn::main::{closure#1}" signature="" complexity="0" line-rate="0" branch-rate="0">
                            <lines>
                                <line hits="0" number="239" branch="false"/>
                            </lines>
                        </method>
                        <method name="watn::main::{closure#0}" signature="" complexity="0" line-rate="0" branch-rate="0">
                            <lines>
                                <line hits="0" number="231" branch="false"/>
                            </lines>
                        </method>
                        <method name="watn::main::{closure#2}" signature="" complexity="0" line-rate="0" branch-rate="0">
                            <lines>
                                <line hits="0" number="247" branch="false"/>
                            </lines>
                        </method>
                        <method name="watn::main::{closure#3}" signature="" complexity="0" line-rate="0" branch-rate="0">
                            <lines>
                                <line hits="0" number="206" branch="false"/>
                            </lines>
                        </method>
                        <method name="watn::main::{closure#1}" signature="" complexity="0" line-rate="0" branch-rate="0">
                            <lines>
                                <line hits="0" number="239" branch="false"/>
                            </lines>
                        </method>
                        <method name="watn::build_registry" signature="" complexity="0" line-rate="1" branch-rate="1">
                            <lines>
                                <line hits="7" number="286" branch="false"/>
                            </lines>
                        </method>
                        <method name="watn::run_models_command" signature="" complexity="0" line-rate="1" branch-rate="1">
                            <lines>
                                <line hits="4" number="331" branch="false"/>
                            </lines>
                        </method>
                        <method name="watn::exit_setup_cancellation" signature="" complexity="0" line-rate="0" branch-rate="0">
                            <lines>
                                <line hits="0" number="348" branch="false"/>
                            </lines>
                        </method>
                        <method name="watn::run_provider_setup_command" signature="" complexity="0" line-rate="0" branch-rate="0">
                            <lines>
                                <line hits="0" number="299" branch="false"/>
                            </lines>
                        </method>
                        <method name="watn::main" signature="" complexity="0" line-rate="1" branch-rate="1">
                            <lines>
                                <line hits="21" number="76" branch="false"/>
                            </lines>
                        </method>
                        <method name="watn::build_registry" signature="" complexity="0" line-rate="0" branch-rate="0">
                            <lines>
                                <line hits="0" number="286" branch="false"/>
                            </lines>
                        </method>
                        <method name="watn::run_models_command" signature="" complexity="0" line-rate="0" branch-rate="0">
                            <lines>
                                <line hits="0" number="331" branch="false"/>
                            </lines>
                        </method>
                        <method name="watn::exit_setup_cancellation" signature="" complexity="0" line-rate="0" branch-rate="0">
                            <lines>
                                <line hits="0" number="348" branch="false"/>
                            </lines>
                        </method>
                        <method name="watn::run_provider_setup_command" signature="" complexity="0" line-rate="0" branch-rate="0">
                            <lines>
                                <line hits="0" number="299" branch="false"/>
                            </lines>
                        </method>
                        <method name="watn::main" signature="" complexity="0" line-rate="1" branch-rate="1">
                            <lines>
                                <line hits="1" number="76" branch="false"/>
                            </lines>
                        </method>
                        <method name="&lt;watn::Cli&gt;::tier" signature="" complexity="0" line-rate="1" branch-rate="1">
                            <lines>
                                <line hits="11" number="61" branch="false"/>
                            </lines>
                        </method>
                        <method name="&lt;watn::Cli&gt;::tier" signature="" complexity="0" line-rate="0" branch-rate="0">
                            <lines>
                                <line hits="0" number="61" branch="false"/>
                            </lines>
                        </method>
                    </methods>
                    <lines>
                        <line branch="false" hits="11" number="61"/>
                        <line branch="false" hits="11" number="62"/>
                        <line branch="false" hits="10" number="63"/>
                        <line branch="false" hits="11" number="65"/>
                        <line branch="false" hits="0" number="66"/>
                        <line branch="false" hits="0" number="67"/>
                        <line branch="false" hits="0" number="68"/>
                        <line branch="false" hits="0" number="69"/>
                        <line branch="false" hits="0" number="71"/>
                        <line branch="false" hits="11" number="73"/>
                        <line branch="false" hits="22" number="76"/>
                        <line branch="false" hits="22" number="77"/>
                        <line branch="false" hits="22" number="79"/>
                        <line branch="false" hits="6" number="80"/>
                        <line branch="false" hits="6" number="81"/>
                        <line branch="false" hits="6" number="82"/>
                        <line branch="false" hits="6" number="83"/>
                        <line branch="false" hits="0" number="84"/>
                        <line branch="false" hits="6" number="86"/>
                        <line branch="false" hits="16" number="87"/>
                        <line branch="false" hits="16" number="89"/>
                        <line branch="false" hits="16" number="90"/>
                        <line branch="false" hits="1" number="92"/>
                        <line branch="false" hits="1" number="93"/>
                        <line branch="false" hits="1" number="94"/>
                        <line branch="false" hits="1" number="95"/>
                        <line branch="false" hits="1" number="96"/>
                        <line branch="false" hits="1" number="97"/>
                        <line branch="false" hits="1" number="98"/>
                        <line branch="false" hits="0" number="99"/>
                        <line branch="false" hits="0" number="100"/>
                        <line branch="false" hits="0" number="102"/>
                        <line branch="false" hits="0" number="103"/>
                        <line branch="false" hits="0" number="104"/>
                        <line branch="false" hits="15" number="109"/>
                        <line branch="false" hits="14" number="110"/>
                        <line branch="false" hits="1" number="111"/>
                        <line branch="false" hits="1" number="112"/>
                        <line branch="false" hits="1" number="113"/>
                        <line branch="false" hits="1" number="114"/>
                        <line branch="false" hits="14" number="118"/>
                        <line branch="false" hits="14" number="119"/>
                        <line branch="false" hits="14" number="122"/>
                        <line branch="false" hits="14" number="123"/>
                        <line branch="false" hits="3" number="124"/>
                        <line branch="false" hits="3" number="125"/>
                        <line branch="false" hits="3" number="126"/>
                        <line branch="false" hits="0" number="127"/>
                        <line branch="false" hits="0" number="128"/>
                        <line branch="false" hits="0" number="129"/>
                        <line branch="false" hits="0" number="130"/>
                        <line branch="false" hits="0" number="131"/>
                        <line branch="false" hits="0" number="132"/>
                        <line branch="false" hits="0" number="133"/>
                        <line branch="false" hits="0" number="134"/>
                        <line branch="false" hits="0" number="135"/>
                        <line branch="false" hits="0" number="136"/>
                        <line branch="false" hits="0" number="137"/>
                        <line branch="false" hits="0" number="139"/>
                        <line branch="false" hits="0" number="140"/>
                        <line branch="false" hits="0" number="141"/>
                        <line branch="false" hits="0" number="145"/>
                        <line branch="false" hits="0" number="146"/>
                        <line branch="false" hits="0" number="148"/>
                        <line branch="false" hits="0" number="149"/>
                        <line branch="false" hits="0" number="150"/>
                        <line branch="false" hits="0" number="151"/>
                        <line branch="false" hits="11" number="154"/>
                        <line branch="false" hits="11" number="156"/>
                        <line branch="false" hits="11" number="157"/>
                        <line branch="false" hits="11" number="158"/>
                        <line branch="false" hits="0" number="159"/>
                        <line branch="false" hits="0" number="160"/>
                        <line branch="false" hits="0" number="161"/>
                        <line branch="false" hits="0" number="162"/>
                        <line branch="false" hits="11" number="166"/>
                        <line branch="false" hits="10" number="167"/>
                        <line branch="false" hits="1" number="168"/>
                        <line branch="false" hits="1" number="169"/>
                        <line branch="false" hits="1" number="170"/>
                        <line branch="false" hits="1" number="171"/>
                        <line branch="false" hits="10" number="175"/>
                        <line branch="false" hits="7" number="176"/>
                        <line branch="false" hits="3" number="177"/>
                        <line branch="false" hits="3" number="178"/>
                        <line branch="false" hits="3" number="179"/>
                        <line branch="false" hits="3" number="180"/>
                        <line branch="false" hits="7" number="184"/>
                        <line branch="false" hits="7" number="185"/>
                        <line branch="false" hits="7" number="187"/>
                        <line branch="false" hits="7" number="189"/>
                        <line branch="false" hits="7" number="206"/>
                        <line branch="false" hits="7" number="209"/>
                        <line branch="false" hits="7" number="210"/>
                        <line branch="false" hits="7" number="211"/>
                        <line branch="false" hits="7" number="212"/>
                        <line branch="false" hits="7" number="213"/>
                        <line branch="false" hits="7" number="214"/>
                        <line branch="false" hits="7" number="215"/>
                        <line branch="false" hits="7" number="216"/>
                        <line branch="false" hits="7" number="217"/>
                        <line branch="false" hits="7" number="220"/>
                        <line branch="false" hits="7" number="222"/>
                        <line branch="false" hits="7" number="223"/>
                        <line branch="false" hits="7" number="224"/>
                        <line branch="false" hits="7" number="225"/>
                        <line branch="false" hits="7" number="226"/>
                        <line branch="false" hits="7" number="227"/>
                        <line branch="false" hits="7" number="229"/>
                        <line branch="false" hits="7" number="230"/>
                        <line branch="false" hits="7" number="231"/>
                        <line branch="false" hits="0" number="232"/>
                        <line branch="false" hits="7" number="233"/>
                        <line branch="false" hits="7" number="235"/>
                        <line branch="false" hits="7" number="236"/>
                        <line branch="false" hits="6" number="237"/>
                        <line branch="false" hits="6" number="238"/>
                        <line branch="false" hits="6" number="239"/>
                        <line branch="false" hits="0" number="240"/>
                        <line branch="false" hits="0" number="241"/>
                        <line branch="false" hits="0" number="242"/>
                        <line branch="false" hits="0" number="243"/>
                        <line branch="false" hits="6" number="245"/>
                        <line branch="false" hits="6" number="246"/>
                        <line branch="false" hits="6" number="247"/>
                        <line branch="false" hits="0" number="249"/>
                        <line branch="false" hits="6" number="252"/>
                        <line branch="false" hits="6" number="254"/>
                        <line branch="false" hits="0" number="255"/>
                        <line branch="false" hits="0" number="256"/>
                        <line branch="false" hits="0" number="257"/>
                        <line branch="false" hits="0" number="258"/>
                        <line branch="false" hits="0" number="259"/>
                        <line branch="false" hits="6" number="260"/>
                        <line branch="false" hits="6" number="262"/>
                        <line branch="false" hits="6" number="264"/>
                        <line branch="false" hits="0" number="265"/>
                        <line branch="false" hits="0" number="266"/>
                        <line branch="false" hits="0" number="269"/>
                        <line branch="false" hits="0" number="270"/>
                        <line branch="false" hits="6" number="271"/>
                        <line branch="false" hits="1" number="273"/>
                        <line branch="false" hits="1" number="274"/>
                        <line branch="false" hits="1" number="275"/>
                        <line branch="false" hits="1" number="276"/>
                        <line branch="false" hits="1" number="277"/>
                        <line branch="false" hits="6" number="281"/>
                        <line branch="false" hits="0" number="282"/>
                        <line branch="false" hits="6" number="283"/>
                        <line branch="false" hits="12" number="284"/>
                        <line branch="false" hits="7" number="286"/>
                        <line branch="false" hits="7" number="287"/>
                        <line branch="false" hits="7" number="288"/>
                        <line branch="false" hits="7" number="289"/>
                        <line branch="false" hits="7" number="290"/>
                        <line branch="false" hits="7" number="291"/>
                        <line branch="false" hits="7" number="292"/>
                        <line branch="false" hits="7" number="293"/>
                        <line branch="false" hits="7" number="294"/>
                        <line branch="false" hits="7" number="295"/>
                        <line branch="false" hits="7" number="297"/>
                        <line branch="false" hits="0" number="299"/>
                        <line branch="false" hits="0" number="300"/>
                        <line branch="false" hits="0" number="301"/>
                        <line branch="false" hits="0" number="302"/>
                        <line branch="false" hits="0" number="303"/>
                        <line branch="false" hits="0" number="305"/>
                        <line branch="false" hits="0" number="306"/>
                        <line branch="false" hits="0" number="307"/>
                        <line branch="false" hits="0" number="308"/>
                        <line branch="false" hits="0" number="309"/>
                        <line branch="false" hits="0" number="310"/>
                        <line branch="false" hits="0" number="311"/>
                        <line branch="false" hits="0" number="314"/>
                        <line branch="false" hits="0" number="315"/>
                        <line branch="false" hits="0" number="316"/>
                        <line branch="false" hits="0" number="317"/>
                        <line branch="false" hits="0" number="318"/>
                        <line branch="false" hits="0" number="320"/>
                        <line branch="false" hits="0" number="321"/>
                        <line branch="false" hits="0" number="323"/>
                        <line branch="false" hits="0" number="324"/>
                        <line branch="false" hits="0" number="325"/>
                        <line branch="false" hits="0" number="326"/>
                        <line branch="false" hits="0" number="329"/>
                        <line branch="false" hits="4" number="331"/>
                        <line branch="false" hits="4" number="332"/>
                        <line branch="false" hits="4" number="333"/>
                        <line branch="false" hits="4" number="334"/>
                        <line branch="false" hits="4" number="335"/>
                        <line branch="false" hits="4" number="336"/>
                        <line branch="false" hits="3" number="337"/>
                        <line branch="false" hits="0" number="338"/>
                        <line branch="false" hits="0" number="339"/>
                        <line branch="false" hits="1" number="341"/>
                        <line branch="false" hits="1" number="342"/>
                        <line branch="false" hits="1" number="343"/>
                        <line branch="false" hits="3" number="346"/>
                        <line branch="false" hits="0" number="348"/>
                        <line branch="false" hits="0" number="349"/>
                        <line branch="false" hits="0" number="350"/>
                        <line branch="false" hits="0" number="351"/>
                        <line branch="false" hits="0" number="353"/>
                    </lines>
                </class>
                <class branch-rate="0" complexity="0" filename="src/error.rs" line-rate="0.65" name="src.error.rs">
                    <methods>
                        <method name="watn::error::exit_code" signature="" complexity="0" line-rate="0" branch-rate="0">
                            <lines>
                                <line hits="0" number="36" branch="false"/>
                            </lines>
                        </method>
                        <method name="watn::error::exit_code" signature="" complexity="0" line-rate="1" branch-rate="1">
                            <lines>
                                <line hits="8" number="36" branch="false"/>
                            </lines>
                        </method>
                        <method name="&lt;watn::error::Error as core::fmt::Display&gt;::fmt" signature="" complexity="0" line-rate="0" branch-rate="0">
                            <lines>
                                <line hits="0" number="14" branch="false"/>
                            </lines>
                        </method>
                        <method name="&lt;watn::error::Error as core::fmt::Display&gt;::fmt" signature="" complexity="0" line-rate="1" branch-rate="1">
                            <lines>
                                <line hits="7" number="14" branch="false"/>
                            </lines>
                        </method>
                        <method name="&lt;watn::error::Error as core::convert::From&lt;std::io::error::Error&gt;&gt;::from" signature="" complexity="0" line-rate="0" branch-rate="0">
                            <lines>
                                <line hits="0" number="31" branch="false"/>
                            </lines>
                        </method>
                        <method name="&lt;watn::error::Error as core::convert::From&lt;std::io::error::Error&gt;&gt;::from" signature="" complexity="0" line-rate="0" branch-rate="0">
                            <lines>
                                <line hits="0" number="31" branch="false"/>
                            </lines>
                        </method>
                    </methods>
                    <lines>
                        <line branch="false" hits="7" number="14"/>
                        <line branch="false" hits="7" number="15"/>
                        <line branch="false" hits="1" number="16"/>
                        <line branch="false" hits="1" number="17"/>
                        <line branch="false" hits="4" number="18"/>
                        <line branch="false" hits="1" number="19"/>
                        <line branch="false" hits="1" number="20"/>
                        <line branch="false" hits="0" number="22"/>
                        <line branch="false" hits="0" number="23"/>
                        <line branch="false" hits="7" number="25"/>
                        <line branch="false" hits="0" number="31"/>
                        <line branch="false" hits="0" number="32"/>
                        <line branch="false" hits="0" number="33"/>
                        <line branch="false" hits="8" number="36"/>
                        <line branch="false" hits="8" number="37"/>
                        <line branch="false" hits="2" number="38"/>
                        <line branch="false" hits="6" number="39"/>
                        <line branch="false" hits="0" number="40"/>
                        <line branch="false" hits="0" number="41"/>
                        <line branch="false" hits="8" number="43"/>
                    </lines>
                </class>
            </classes>
        </package>
        <package line-rate="0.9006622516556292" branch-rate="0" name="src.config" complexity="0">
            <classes>
                <class branch-rate="0" complexity="0" filename="src/config/env.rs" line-rate="0.9259259259259259" name="src.config.env.rs">
                    <methods>
                        <method name="watn::config::env::provider_api_key::{closure#1}::{closure#0}" signature="" complexity="0" line-rate="0" branch-rate="0">
                            <lines>
                                <line hits="0" number="38" branch="false"/>
                            </lines>
                        </method>
                        <method name="watn::config::env::provider_api_key::{closure#1}::{closure#0}" signature="" complexity="0" line-rate="0" branch-rate="0">
                            <lines>
                                <line hits="0" number="38" branch="false"/>
                            </lines>
                        </method>
                        <method name="watn::config::env::provider_api_key::{closure#0}" signature="" complexity="0" line-rate="0" branch-rate="0">
                            <lines>
                                <line hits="0" number="37" branch="false"/>
                            </lines>
                        </method>
                        <method name="watn::config::env::provider_api_key::{closure#1}" signature="" complexity="0" line-rate="0" branch-rate="0">
                            <lines>
                                <line hits="0" number="38" branch="false"/>
                            </lines>
                        </method>
                        <method name="watn::config::env::provider_api_key::{closure#0}" signature="" complexity="0" line-rate="1" branch-rate="1">
                            <lines>
                                <line hits="2" number="37" branch="false"/>
                            </lines>
                        </method>
                        <method name="watn::config::env::provider_api_key::{closure#1}" signature="" complexity="0" line-rate="1" branch-rate="1">
                            <lines>
                                <line hits="5" number="38" branch="false"/>
                            </lines>
                        </method>
                        <method name="watn::config::env::provider_api_key" signature="" complexity="0" line-rate="0" branch-rate="0">
                            <lines>
                                <line hits="0" number="28" branch="false"/>
                            </lines>
                        </method>
                        <method name="watn::config::env::read_env_overrides" signature="" complexity="0" line-rate="0" branch-rate="0">
                            <lines>
                                <line hits="0" number="3" branch="false"/>
                            </lines>
                        </method>
                        <method name="watn::config::env::provider_api_key" signature="" complexity="0" line-rate="1" branch-rate="1">
                            <lines>
                                <line hits="7" number="28" branch="false"/>
                            </lines>
                        </method>
                        <method name="watn::config::env::read_env_overrides" signature="" complexity="0" line-rate="1" branch-rate="1">
                            <lines>
                                <line hits="53" number="3" branch="false"/>
                            </lines>
                        </method>
                    </methods>
                    <lines>
                        <line branch="false" hits="53" number="3"/>
                        <line branch="false" hits="53" number="4"/>
                        <line branch="false" hits="4468" number="6"/>
                        <line branch="false" hits="4468" number="7"/>
                        <line branch="false" hits="11" number="8"/>
                        <line branch="false" hits="11" number="9"/>
                        <line branch="false" hits="11" number="10"/>
                        <line branch="false" hits="1" number="11"/>
                        <line branch="false" hits="1" number="12"/>
                        <line branch="false" hits="10" number="13"/>
                        <line branch="false" hits="0" number="14"/>
                        <line branch="false" hits="0" number="15"/>
                        <line branch="false" hits="10" number="17"/>
                        <line branch="false" hits="1" number="18"/>
                        <line branch="false" hits="9" number="19"/>
                        <line branch="false" hits="4457" number="22"/>
                        <line branch="false" hits="53" number="25"/>
                        <line branch="false" hits="53" number="26"/>
                        <line branch="false" hits="7" number="28"/>
                        <line branch="false" hits="7" number="29"/>
                        <line branch="false" hits="5" number="30"/>
                        <line branch="false" hits="2" number="32"/>
                        <line branch="false" hits="7" number="35"/>
                        <line branch="false" hits="7" number="36"/>
                        <line branch="false" hits="7" number="37"/>
                        <line branch="false" hits="7" number="38"/>
                        <line branch="false" hits="7" number="39"/>
                    </lines>
                </class>
                <class branch-rate="0" complexity="0" filename="src/config/types.rs" line-rate="0.9743589743589743" name="src.config.types.rs">
                    <methods>
                        <method name="watn::config::types::comment_toml::{closure#0}" signature="" complexity="0" line-rate="0" branch-rate="0">
                            <lines>
                                <line hits="0" number="7" branch="false"/>
                            </lines>
                        </method>
                        <method name="watn::config::types::comment_toml::{closure#0}" signature="" complexity="0" line-rate="1" branch-rate="1">
                            <lines>
                                <line hits="108" number="7" branch="false"/>
                            </lines>
                        </method>
                        <method name="&lt;watn::config::types::Config&gt;::template_content" signature="" complexity="0" line-rate="0" branch-rate="0">
                            <lines>
                                <line hits="0" number="33" branch="false"/>
                            </lines>
                        </method>
                        <method name="&lt;watn::config::types::Config&gt;::template_content" signature="" complexity="0" line-rate="1" branch-rate="1">
                            <lines>
                                <line hits="4" number="33" branch="false"/>
                            </lines>
                        </method>
                        <method name="&lt;watn::config::types::TierReasoning&gt;::effort" signature="" complexity="0" line-rate="0" branch-rate="0">
                            <lines>
                                <line hits="0" number="138" branch="false"/>
                            </lines>
                        </method>
                        <method name="&lt;watn::config::types::TierReasoning&gt;::effort" signature="" complexity="0" line-rate="1" branch-rate="1">
                            <lines>
                                <line hits="7" number="138" branch="false"/>
                            </lines>
                        </method>
                        <method name="watn::config::types::comment_toml" signature="" complexity="0" line-rate="0" branch-rate="0">
                            <lines>
                                <line hits="0" number="4" branch="false"/>
                            </lines>
                        </method>
                        <method name="watn::config::types::comment_toml" signature="" complexity="0" line-rate="1" branch-rate="1">
                            <lines>
                                <line hits="4" number="4" branch="false"/>
                            </lines>
                        </method>
                        <method name="&lt;watn::config::types::ModelTiers as core::default::Default&gt;::default" signature="" complexity="0" line-rate="0" branch-rate="0">
                            <lines>
                                <line hits="0" number="106" branch="false"/>
                            </lines>
                        </method>
                        <method name="&lt;watn::config::types::ModelTiers as core::default::Default&gt;::default" signature="" complexity="0" line-rate="1" branch-rate="1">
                            <lines>
                                <line hits="32" number="106" branch="false"/>
                            </lines>
                        </method>
                        <method name="&lt;watn::config::types::TierReasoning as core::default::Default&gt;::default" signature="" complexity="0" line-rate="0" branch-rate="0">
                            <lines>
                                <line hits="0" number="124" branch="false"/>
                            </lines>
                        </method>
                        <method name="&lt;watn::config::types::TierReasoning as core::default::Default&gt;::default" signature="" complexity="0" line-rate="1" branch-rate="1">
                            <lines>
                                <line hits="38" number="124" branch="false"/>
                            </lines>
                        </method>
                        <method name="&lt;watn::config::types::ProviderDefaults as core::default::Default&gt;::default" signature="" complexity="0" line-rate="0" branch-rate="0">
                            <lines>
                                <line hits="0" number="81" branch="false"/>
                            </lines>
                        </method>
                        <method name="&lt;watn::config::types::ProviderDefaults as core::default::Default&gt;::default" signature="" complexity="0" line-rate="1" branch-rate="1">
                            <lines>
                                <line hits="4" number="81" branch="false"/>
                            </lines>
                        </method>
                    </methods>
                    <lines>
                        <line branch="false" hits="4" number="4"/>
                        <line branch="false" hits="4" number="5"/>
                        <line branch="false" hits="4" number="6"/>
                        <line branch="false" hits="108" number="7"/>
                        <line branch="false" hits="108" number="8"/>
                        <line branch="false" hits="24" number="9"/>
                        <line branch="false" hits="84" number="11"/>
                        <line branch="false" hits="108" number="13"/>
                        <line branch="false" hits="4" number="14"/>
                        <line branch="false" hits="4" number="15"/>
                        <line branch="false" hits="4" number="16"/>
                        <line branch="false" hits="4" number="33"/>
                        <line branch="false" hits="4" number="34"/>
                        <line branch="false" hits="4" number="35"/>
                        <line branch="false" hits="4" number="36"/>
                        <line branch="false" hits="4" number="37"/>
                        <line branch="false" hits="4" number="38"/>
                        <line branch="false" hits="4" number="39"/>
                        <line branch="false" hits="4" number="40"/>
                        <line branch="false" hits="4" number="41"/>
                        <line branch="false" hits="4" number="42"/>
                        <line branch="false" hits="4" number="43"/>
                        <line branch="false" hits="4" number="44"/>
                        <line branch="false" hits="4" number="45"/>
                        <line branch="false" hits="4" number="46"/>
                        <line branch="false" hits="4" number="47"/>
                        <line branch="false" hits="4" number="48"/>
                        <line branch="false" hits="4" number="49"/>
                        <line branch="false" hits="4" number="50"/>
                        <line branch="false" hits="4" number="51"/>
                        <line branch="false" hits="4" number="52"/>
                        <line branch="false" hits="4" number="53"/>
                        <line branch="false" hits="4" number="54"/>
                        <line branch="false" hits="4" number="55"/>
                        <line branch="false" hits="4" number="56"/>
                        <line branch="false" hits="4" number="57"/>
                        <line branch="false" hits="4" number="58"/>
                        <line branch="false" hits="4" number="59"/>
                        <line branch="false" hits="4" number="60"/>
                        <line branch="false" hits="4" number="61"/>
                        <line branch="false" hits="4" number="62"/>
                        <line branch="false" hits="4" number="63"/>
                        <line branch="false" hits="4" number="64"/>
                        <line branch="false" hits="4" number="69"/>
                        <line branch="false" hits="4" number="71"/>
                        <line branch="false" hits="4" number="81"/>
                        <line branch="false" hits="4" number="82"/>
                        <line branch="false" hits="4" number="83"/>
                        <line branch="false" hits="4" number="84"/>
                        <line branch="false" hits="4" number="85"/>
                        <line branch="false" hits="4" number="86"/>
                        <line branch="false" hits="32" number="106"/>
                        <line branch="false" hits="32" number="107"/>
                        <line branch="false" hits="32" number="108"/>
                        <line branch="false" hits="32" number="109"/>
                        <line branch="false" hits="32" number="110"/>
                        <line branch="false" hits="32" number="111"/>
                        <line branch="false" hits="32" number="112"/>
                        <line branch="false" hits="32" number="113"/>
                        <line branch="false" hits="38" number="124"/>
                        <line branch="false" hits="38" number="125"/>
                        <line branch="false" hits="38" number="126"/>
                        <line branch="false" hits="38" number="127"/>
                        <line branch="false" hits="38" number="128"/>
                        <line branch="false" hits="38" number="129"/>
                        <line branch="false" hits="38" number="130"/>
                        <line branch="false" hits="7" number="138"/>
                        <line branch="false" hits="7" number="139"/>
                        <line branch="false" hits="7" number="140"/>
                        <line branch="false" hits="7" number="141"/>
                        <line branch="false" hits="7" number="142"/>
                        <line branch="false" hits="7" number="144"/>
                        <line branch="false" hits="6" number="146"/>
                        <line branch="false" hits="0" number="147"/>
                        <line branch="false" hits="6" number="149"/>
                        <line branch="false" hits="1" number="152"/>
                        <line branch="false" hits="0" number="153"/>
                        <line branch="false" hits="7" number="155"/>
                    </lines>
                </class>
                <class branch-rate="0" complexity="0" filename="src/config/mod.rs" line-rate="0.868020304568528" name="src.config.mod.rs">
                    <methods>
                        <method name="watn::config::load_config::{closure#0}" signature="" complexity="0" line-rate="0" branch-rate="0">
                            <lines>
                                <line hits="0" number="46" branch="false"/>
                            </lines>
                        </method>
                        <method name="watn::config::load_config::{closure#2}" signature="" complexity="0" line-rate="0" branch-rate="0">
                            <lines>
                                <line hits="0" number="58" branch="false"/>
                            </lines>
                        </method>
                        <method name="watn::config::load_config::{closure#1}" signature="" complexity="0" line-rate="0" branch-rate="0">
                            <lines>
                                <line hits="0" number="49" branch="false"/>
                            </lines>
                        </method>
                        <method name="watn::config::save_config::{closure#0}" signature="" complexity="0" line-rate="0" branch-rate="0">
                            <lines>
                                <line hits="0" number="190" branch="false"/>
                            </lines>
                        </method>
                        <method name="watn::config::save_config::{closure#2}" signature="" complexity="0" line-rate="0" branch-rate="0">
                            <lines>
                                <line hits="0" number="196" branch="false"/>
                            </lines>
                        </method>
                        <method name="watn::config::save_config::{closure#3}" signature="" complexity="0" line-rate="0" branch-rate="0">
                            <lines>
                                <line hits="0" number="202" branch="false"/>
                            </lines>
                        </method>
                        <method name="watn::config::save_config::{closure#1}" signature="" complexity="0" line-rate="0" branch-rate="0">
                            <lines>
                                <line hits="0" number="193" branch="false"/>
                            </lines>
                        </method>
                        <method name="watn::config::provider_ready::{closure#0}" signature="" complexity="0" line-rate="0" branch-rate="0">
                            <lines>
                                <line hits="0" number="123" branch="false"/>
                            </lines>
                        </method>
                        <method name="watn::config::resolve_provider::{closure#0}" signature="" complexity="0" line-rate="0" branch-rate="0">
                            <lines>
                                <line hits="0" number="118" branch="false"/>
                            </lines>
                        </method>
                        <method name="watn::config::environment_reference::{closure#0}" signature="" complexity="0" line-rate="0" branch-rate="0">
                            <lines>
                                <line hits="0" number="227" branch="false"/>
                            </lines>
                        </method>
                        <method name="watn::config::resolve_default_model::{closure#0}" signature="" complexity="0" line-rate="0" branch-rate="0">
                            <lines>
                                <line hits="0" number="181" branch="false"/>
                            </lines>
                        </method>
                        <method name="watn::config::write_template_config::{closure#0}" signature="" complexity="0" line-rate="0" branch-rate="0">
                            <lines>
                                <line hits="0" number="25" branch="false"/>
                            </lines>
                        </method>
                        <method name="watn::config::write_template_config::{closure#2}" signature="" complexity="0" line-rate="0" branch-rate="0">
                            <lines>
                                <line hits="0" number="33" branch="false"/>
                            </lines>
                        </method>
                        <method name="watn::config::write_template_config::{closure#1}" signature="" complexity="0" line-rate="0" branch-rate="0">
                            <lines>
                                <line hits="0" number="28" branch="false"/>
                            </lines>
                        </method>
                        <method name="watn::config::load_config::{closure#0}" signature="" complexity="0" line-rate="0" branch-rate="0">
                            <lines>
                                <line hits="0" number="46" branch="false"/>
                            </lines>
                        </method>
                        <method name="watn::config::load_config::{closure#2}" signature="" complexity="0" line-rate="1" branch-rate="1">
                            <lines>
                                <line hits="1" number="58" branch="false"/>
                            </lines>
                        </method>
                        <method name="watn::config::load_config::{closure#1}" signature="" complexity="0" line-rate="1" branch-rate="1">
                            <lines>
                                <line hits="170" number="49" branch="false"/>
                            </lines>
                        </method>
                        <method name="watn::config::save_config::{closure#0}" signature="" complexity="0" line-rate="0" branch-rate="0">
                            <lines>
                                <line hits="0" number="190" branch="false"/>
                            </lines>
                        </method>
                        <method name="watn::config::save_config::{closure#2}" signature="" complexity="0" line-rate="0" branch-rate="0">
                            <lines>
                                <line hits="0" number="196" branch="false"/>
                            </lines>
                        </method>
                        <method name="watn::config::save_config::{closure#3}" signature="" complexity="0" line-rate="0" branch-rate="0">
                            <lines>
                                <line hits="0" number="202" branch="false"/>
                            </lines>
                        </method>
                        <method name="watn::config::save_config::{closure#1}" signature="" complexity="0" line-rate="0" branch-rate="0">
                            <lines>
                                <line hits="0" number="193" branch="false"/>
                            </lines>
                        </method>
                        <method name="watn::config::provider_ready::{closure#0}" signature="" complexity="0" line-rate="1" branch-rate="1">
                            <lines>
                                <line hits="10" number="123" branch="false"/>
                            </lines>
                        </method>
                        <method name="watn::config::resolve_provider::{closure#0}" signature="" complexity="0" line-rate="1" branch-rate="1">
                            <lines>
                                <line hits="1" number="118" branch="false"/>
                            </lines>
                        </method>
                        <method name="watn::config::environment_reference::{closure#0}" signature="" complexity="0" line-rate="1" branch-rate="1">
                            <lines>
                                <line hits="32" number="227" branch="false"/>
                            </lines>
                        </method>
                        <method name="watn::config::resolve_default_model::{closure#0}" signature="" complexity="0" line-rate="0" branch-rate="0">
                            <lines>
                                <line hits="0" number="181" branch="false"/>
                            </lines>
                        </method>
                        <method name="watn::config::write_template_config::{closure#0}" signature="" complexity="0" line-rate="0" branch-rate="0">
                            <lines>
                                <line hits="0" number="25" branch="false"/>
                            </lines>
                        </method>
                        <method name="watn::config::write_template_config::{closure#2}" signature="" complexity="0" line-rate="0" branch-rate="0">
                            <lines>
                                <line hits="0" number="33" branch="false"/>
                            </lines>
                        </method>
                        <method name="watn::config::write_template_config::{closure#1}" signature="" complexity="0" line-rate="0" branch-rate="0">
                            <lines>
                                <line hits="0" number="28" branch="false"/>
                            </lines>
                        </method>
                        <method name="watn::config::load_config" signature="" complexity="0" line-rate="0" branch-rate="0">
                            <lines>
                                <line hits="0" number="38" branch="false"/>
                            </lines>
                        </method>
                        <method name="watn::config::save_config" signature="" complexity="0" line-rate="0" branch-rate="0">
                            <lines>
                                <line hits="0" number="187" branch="false"/>
                            </lines>
                        </method>
                        <method name="watn::config::resolve_model" signature="" complexity="0" line-rate="0" branch-rate="0">
                            <lines>
                                <line hits="0" number="127" branch="false"/>
                            </lines>
                        </method>
                        <method name="watn::config::expand_api_key" signature="" complexity="0" line-rate="0" branch-rate="0">
                            <lines>
                                <line hits="0" number="237" branch="false"/>
                            </lines>
                        </method>
                        <method name="watn::config::provider_ready" signature="" complexity="0" line-rate="0" branch-rate="0">
                            <lines>
                                <line hits="0" number="121" branch="false"/>
                            </lines>
                        </method>
                        <method name="watn::config::xdg_config_path" signature="" complexity="0" line-rate="0" branch-rate="0">
                            <lines>
                                <line hits="0" number="10" branch="false"/>
                            </lines>
                        </method>
                        <method name="watn::config::resolve_provider" signature="" complexity="0" line-rate="0" branch-rate="0">
                            <lines>
                                <line hits="0" number="84" branch="false"/>
                            </lines>
                        </method>
                        <method name="watn::config::save_provider_draft" signature="" complexity="0" line-rate="0" branch-rate="0">
                            <lines>
                                <line hits="0" number="208" branch="false"/>
                            </lines>
                        </method>
                        <method name="watn::config::get_provider_api_key" signature="" complexity="0" line-rate="0" branch-rate="0">
                            <lines>
                                <line hits="0" number="253" branch="false"/>
                            </lines>
                        </method>
                        <method name="watn::config::environment_reference" signature="" complexity="0" line-rate="0" branch-rate="0">
                            <lines>
                                <line hits="0" number="221" branch="false"/>
                            </lines>
                        </method>
                        <method name="watn::config::resolve_default_model" signature="" complexity="0" line-rate="0" branch-rate="0">
                            <lines>
                                <line hits="0" number="168" branch="false"/>
                            </lines>
                        </method>
                        <method name="watn::config::write_template_config" signature="" complexity="0" line-rate="0" branch-rate="0">
                            <lines>
                                <line hits="0" number="21" branch="false"/>
                            </lines>
                        </method>
                        <method name="watn::config::load_config" signature="" complexity="0" line-rate="1" branch-rate="1">
                            <lines>
                                <line hits="54" number="38" branch="false"/>
                            </lines>
                        </method>
                        <method name="watn::config::save_config" signature="" complexity="0" line-rate="1" branch-rate="1">
                            <lines>
                                <line hits="11" number="187" branch="false"/>
                            </lines>
                        </method>
                        <method name="watn::config::resolve_model" signature="" complexity="0" line-rate="1" branch-rate="1">
                            <lines>
                                <line hits="11" number="127" branch="false"/>
                            </lines>
                        </method>
                        <method name="watn::config::expand_api_key" signature="" complexity="0" line-rate="1" branch-rate="1">
                            <lines>
                                <line hits="20" number="237" branch="false"/>
                            </lines>
                        </method>
                        <method name="watn::config::provider_ready" signature="" complexity="0" line-rate="1" branch-rate="1">
                            <lines>
                                <line hits="10" number="121" branch="false"/>
                            </lines>
                        </method>
                        <method name="watn::config::xdg_config_path" signature="" complexity="0" line-rate="1" branch-rate="1">
                            <lines>
                                <line hits="69" number="10" branch="false"/>
                            </lines>
                        </method>
                        <method name="watn::config::resolve_provider" signature="" complexity="0" line-rate="1" branch-rate="1">
                            <lines>
                                <line hits="27" number="84" branch="false"/>
                            </lines>
                        </method>
                        <method name="watn::config::save_provider_draft" signature="" complexity="0" line-rate="1" branch-rate="1">
                            <lines>
                                <line hits="8" number="208" branch="false"/>
                            </lines>
                        </method>
                        <method name="watn::config::get_provider_api_key" signature="" complexity="0" line-rate="1" branch-rate="1">
                            <lines>
                                <line hits="27" number="253" branch="false"/>
                            </lines>
                        </method>
                        <method name="watn::config::environment_reference" signature="" complexity="0" line-rate="1" branch-rate="1">
                            <lines>
                                <line hits="20" number="221" branch="false"/>
                            </lines>
                        </method>
                        <method name="watn::config::resolve_default_model" signature="" complexity="0" line-rate="1" branch-rate="1">
                            <lines>
                                <line hits="9" number="168" branch="false"/>
                            </lines>
                        </method>
                        <method name="watn::config::write_template_config" signature="" complexity="0" line-rate="1" branch-rate="1">
                            <lines>
                                <line hits="4" number="21" branch="false"/>
                            </lines>
                        </method>
                    </methods>
                    <lines>
                        <line branch="false" hits="69" number="10"/>
                        <line branch="false" hits="69" number="11"/>
                        <line branch="false" hits="69" number="12"/>
                        <line branch="false" hits="0" number="13"/>
                        <line branch="false" hits="0" number="14"/>
                        <line branch="false" hits="0" number="16"/>
                        <line branch="false" hits="69" number="18"/>
                        <line branch="false" hits="69" number="19"/>
                        <line branch="false" hits="4" number="21"/>
                        <line branch="false" hits="4" number="22"/>
                        <line branch="false" hits="4" number="23"/>
                        <line branch="false" hits="4" number="24"/>
                        <line branch="false" hits="4" number="25"/>
                        <line branch="false" hits="0" number="26"/>
                        <line branch="false" hits="4" number="27"/>
                        <line branch="false" hits="4" number="28"/>
                        <line branch="false" hits="4" number="32"/>
                        <line branch="false" hits="4" number="33"/>
                        <line branch="false" hits="4" number="35"/>
                        <line branch="false" hits="4" number="36"/>
                        <line branch="false" hits="54" number="38"/>
                        <line branch="false" hits="54" number="39"/>
                        <line branch="false" hits="54" number="41"/>
                        <line branch="false" hits="4" number="42"/>
                        <line branch="false" hits="50" number="43"/>
                        <line branch="false" hits="54" number="45"/>
                        <line branch="false" hits="54" number="46"/>
                        <line branch="false" hits="170" number="49"/>
                        <line branch="false" hits="170" number="50"/>
                        <line branch="false" hits="170" number="51"/>
                        <line branch="false" hits="170" number="52"/>
                        <line branch="false" hits="54" number="54"/>
                        <line branch="false" hits="0" number="55"/>
                        <line branch="false" hits="54" number="57"/>
                        <line branch="false" hits="54" number="58"/>
                        <line branch="false" hits="53" number="62"/>
                        <line branch="false" hits="49" number="63"/>
                        <line branch="false" hits="49" number="65"/>
                        <line branch="false" hits="49" number="66"/>
                        <line branch="false" hits="31" number="67"/>
                        <line branch="false" hits="31" number="68"/>
                        <line branch="false" hits="0" number="69"/>
                        <line branch="false" hits="4" number="70"/>
                        <line branch="false" hits="53" number="72"/>
                        <line branch="false" hits="53" number="74"/>
                        <line branch="false" hits="1" number="75"/>
                        <line branch="false" hits="52" number="76"/>
                        <line branch="false" hits="53" number="77"/>
                        <line branch="false" hits="0" number="78"/>
                        <line branch="false" hits="53" number="79"/>
                        <line branch="false" hits="53" number="81"/>
                        <line branch="false" hits="54" number="82"/>
                        <line branch="false" hits="27" number="84"/>
                        <line branch="false" hits="27" number="85"/>
                        <line branch="false" hits="27" number="86"/>
                        <line branch="false" hits="27" number="87"/>
                        <line branch="false" hits="27" number="88"/>
                        <line branch="false" hits="3" number="89"/>
                        <line branch="false" hits="2" number="90"/>
                        <line branch="false" hits="2" number="91"/>
                        <line branch="false" hits="0" number="92"/>
                        <line branch="false" hits="2" number="93"/>
                        <line branch="false" hits="2" number="94"/>
                        <line branch="false" hits="1" number="95"/>
                        <line branch="false" hits="1" number="96"/>
                        <line branch="false" hits="1" number="97"/>
                        <line branch="false" hits="1" number="98"/>
                        <line branch="false" hits="1" number="99"/>
                        <line branch="false" hits="1" number="100"/>
                        <line branch="false" hits="24" number="101"/>
                        <line branch="false" hits="24" number="103"/>
                        <line branch="false" hits="6" number="104"/>
                        <line branch="false" hits="1" number="105"/>
                        <line branch="false" hits="5" number="106"/>
                        <line branch="false" hits="5" number="107"/>
                        <line branch="false" hits="5" number="108"/>
                        <line branch="false" hits="5" number="109"/>
                        <line branch="false" hits="5" number="110"/>
                        <line branch="false" hits="5" number="111"/>
                        <line branch="false" hits="18" number="112"/>
                        <line branch="false" hits="18" number="114"/>
                        <line branch="false" hits="18" number="115"/>
                        <line branch="false" hits="18" number="116"/>
                        <line branch="false" hits="18" number="117"/>
                        <line branch="false" hits="18" number="118"/>
                        <line branch="false" hits="27" number="119"/>
                        <line branch="false" hits="10" number="121"/>
                        <line branch="false" hits="10" number="122"/>
                        <line branch="false" hits="10" number="123"/>
                        <line branch="false" hits="10" number="124"/>
                        <line branch="false" hits="10" number="125"/>
                        <line branch="false" hits="11" number="127"/>
                        <line branch="false" hits="11" number="128"/>
                        <line branch="false" hits="11" number="129"/>
                        <line branch="false" hits="11" number="130"/>
                        <line branch="false" hits="11" number="131"/>
                        <line branch="false" hits="11" number="132"/>
                        <line branch="false" hits="1" number="133"/>
                        <line branch="false" hits="10" number="134"/>
                        <line branch="false" hits="10" number="136"/>
                        <line branch="false" hits="10" number="137"/>
                        <line branch="false" hits="10" number="138"/>
                        <line branch="false" hits="1" number="139"/>
                        <line branch="false" hits="9" number="140"/>
                        <line branch="false" hits="0" number="141"/>
                        <line branch="false" hits="9" number="143"/>
                        <line branch="false" hits="0" number="146"/>
                        <line branch="false" hits="0" number="147"/>
                        <line branch="false" hits="0" number="148"/>
                        <line branch="false" hits="0" number="149"/>
                        <line branch="false" hits="0" number="150"/>
                        <line branch="false" hits="0" number="152"/>
                        <line branch="false" hits="0" number="155"/>
                        <line branch="false" hits="0" number="156"/>
                        <line branch="false" hits="0" number="157"/>
                        <line branch="false" hits="0" number="158"/>
                        <line branch="false" hits="0" number="159"/>
                        <line branch="false" hits="0" number="161"/>
                        <line branch="false" hits="0" number="164"/>
                        <line branch="false" hits="11" number="166"/>
                        <line branch="false" hits="9" number="168"/>
                        <line branch="false" hits="9" number="169"/>
                        <line branch="false" hits="9" number="170"/>
                        <line branch="false" hits="9" number="171"/>
                        <line branch="false" hits="9" number="172"/>
                        <line branch="false" hits="9" number="173"/>
                        <line branch="false" hits="9" number="174"/>
                        <line branch="false" hits="2" number="175"/>
                        <line branch="false" hits="7" number="176"/>
                        <line branch="false" hits="1" number="177"/>
                        <line branch="false" hits="6" number="178"/>
                        <line branch="false" hits="6" number="179"/>
                        <line branch="false" hits="6" number="180"/>
                        <line branch="false" hits="6" number="181"/>
                        <line branch="false" hits="0" number="183"/>
                        <line branch="false" hits="9" number="185"/>
                        <line branch="false" hits="11" number="187"/>
                        <line branch="false" hits="11" number="188"/>
                        <line branch="false" hits="11" number="189"/>
                        <line branch="false" hits="11" number="190"/>
                        <line branch="false" hits="11" number="191"/>
                        <line branch="false" hits="11" number="192"/>
                        <line branch="false" hits="11" number="193"/>
                        <line branch="false" hits="0" number="194"/>
                        <line branch="false" hits="11" number="195"/>
                        <line branch="false" hits="11" number="196"/>
                        <line branch="false" hits="11" number="201"/>
                        <line branch="false" hits="11" number="202"/>
                        <line branch="false" hits="11" number="205"/>
                        <line branch="false" hits="11" number="206"/>
                        <line branch="false" hits="8" number="208"/>
                        <line branch="false" hits="8" number="209"/>
                        <line branch="false" hits="8" number="210"/>
                        <line branch="false" hits="8" number="211"/>
                        <line branch="false" hits="8" number="212"/>
                        <line branch="false" hits="8" number="213"/>
                        <line branch="false" hits="8" number="214"/>
                        <line branch="false" hits="8" number="215"/>
                        <line branch="false" hits="8" number="216"/>
                        <line branch="false" hits="8" number="218"/>
                        <line branch="false" hits="8" number="219"/>
                        <line branch="false" hits="20" number="221"/>
                        <line branch="false" hits="20" number="222"/>
                        <line branch="false" hits="2" number="223"/>
                        <line branch="false" hits="2" number="224"/>
                        <line branch="false" hits="2" number="225"/>
                        <line branch="false" hits="2" number="226"/>
                        <line branch="false" hits="32" number="227"/>
                        <line branch="false" hits="32" number="228"/>
                        <line branch="false" hits="30" number="229"/>
                        <line branch="false" hits="32" number="230"/>
                        <line branch="false" hits="0" number="232"/>
                        <line branch="false" hits="2" number="233"/>
                        <line branch="false" hits="2" number="234"/>
                        <line branch="false" hits="20" number="235"/>
                        <line branch="false" hits="20" number="237"/>
                        <line branch="false" hits="20" number="238"/>
                        <line branch="false" hits="0" number="239"/>
                        <line branch="false" hits="20" number="240"/>
                        <line branch="false" hits="20" number="241"/>
                        <line branch="false" hits="18" number="242"/>
                        <line branch="false" hits="2" number="244"/>
                        <line branch="false" hits="1" number="245"/>
                        <line branch="false" hits="1" number="246"/>
                        <line branch="false" hits="1" number="247"/>
                        <line branch="false" hits="1" number="248"/>
                        <line branch="false" hits="1" number="249"/>
                        <line branch="false" hits="20" number="251"/>
                        <line branch="false" hits="27" number="253"/>
                        <line branch="false" hits="27" number="254"/>
                        <line branch="false" hits="20" number="255"/>
                        <line branch="false" hits="7" number="256"/>
                        <line branch="false" hits="7" number="258"/>
                        <line branch="false" hits="2" number="259"/>
                        <line branch="false" hits="5" number="260"/>
                        <line branch="false" hits="5" number="262"/>
                        <line branch="false" hits="27" number="263"/>
                    </lines>
                </class>
            </classes>
        </package>
        <package line-rate="0.4069767441860465" branch-rate="0" name="src.output" complexity="0">
            <classes>
                <class branch-rate="0" complexity="0" filename="src/output/render.rs" line-rate="0.9411764705882353" name="src.output.render.rs">
                    <methods>
[...]
                        <line branch="false" hits="0" number="303"/>
                        <line branch="false" hits="0" number="304"/>
                        <line branch="false" hits="0" number="305"/>
                        <line branch="false" hits="0" number="306"/>
                        <line branch="false" hits="0" number="307"/>
                        <line branch="false" hits="0" number="308"/>
                        <line branch="false" hits="0" number="309"/>
                        <line branch="false" hits="0" number="311"/>
                        <line branch="false" hits="0" number="312"/>
                        <line branch="false" hits="0" number="313"/>
                        <line branch="false" hits="0" number="314"/>
                        <line branch="false" hits="0" number="315"/>
                        <line branch="false" hits="0" number="316"/>
                        <line branch="false" hits="0" number="317"/>
                        <line branch="false" hits="0" number="318"/>
                        <line branch="false" hits="0" number="319"/>
                        <line branch="false" hits="0" number="320"/>
                        <line branch="false" hits="0" number="321"/>
                        <line branch="false" hits="0" number="322"/>
                        <line branch="false" hits="0" number="323"/>
                        <line branch="false" hits="0" number="324"/>
                        <line branch="false" hits="0" number="325"/>
                        <line branch="false" hits="0" number="326"/>
                        <line branch="false" hits="0" number="327"/>
                        <line branch="false" hits="0" number="329"/>
                        <line branch="false" hits="0" number="330"/>
                        <line branch="false" hits="0" number="331"/>
                        <line branch="false" hits="0" number="332"/>
                        <line branch="false" hits="0" number="333"/>
                        <line branch="false" hits="0" number="335"/>
                        <line branch="false" hits="0" number="336"/>
                        <line branch="false" hits="0" number="337"/>
                        <line branch="false" hits="0" number="338"/>
                        <line branch="false" hits="0" number="339"/>
                        <line branch="false" hits="0" number="340"/>
                        <line branch="false" hits="0" number="341"/>
                        <line branch="false" hits="0" number="342"/>
                        <line branch="false" hits="0" number="343"/>
                        <line branch="false" hits="0" number="344"/>
                        <line branch="false" hits="0" number="345"/>
                        <line branch="false" hits="0" number="346"/>
                        <line branch="false" hits="0" number="347"/>
                        <line branch="false" hits="0" number="348"/>
                        <line branch="false" hits="0" number="349"/>
                        <line branch="false" hits="0" number="350"/>
                        <line branch="false" hits="0" number="351"/>
                        <line branch="false" hits="0" number="352"/>
                        <line branch="false" hits="0" number="353"/>
                        <line branch="false" hits="0" number="354"/>
                        <line branch="false" hits="0" number="355"/>
                        <line branch="false" hits="0" number="357"/>
                        <line branch="false" hits="0" number="358"/>
                        <line branch="false" hits="0" number="359"/>
                        <line branch="false" hits="0" number="360"/>
                        <line branch="false" hits="0" number="361"/>
                        <line branch="false" hits="0" number="364"/>
                        <line branch="false" hits="0" number="366"/>
                        <line branch="false" hits="0" number="367"/>
                        <line branch="false" hits="0" number="368"/>
                        <line branch="false" hits="0" number="369"/>
                        <line branch="false" hits="0" number="370"/>
                        <line branch="false" hits="0" number="371"/>
                        <line branch="false" hits="0" number="372"/>
                        <line branch="false" hits="0" number="373"/>
                        <line branch="false" hits="0" number="374"/>
                        <line branch="false" hits="0" number="375"/>
                        <line branch="false" hits="0" number="376"/>
                        <line branch="false" hits="0" number="377"/>
                        <line branch="false" hits="0" number="378"/>
                        <line branch="false" hits="0" number="379"/>
                        <line branch="false" hits="0" number="380"/>
                        <line branch="false" hits="0" number="381"/>
                        <line branch="false" hits="0" number="382"/>
                        <line branch="false" hits="0" number="383"/>
                        <line branch="false" hits="0" number="384"/>
                        <line branch="false" hits="0" number="385"/>
                        <line branch="false" hits="0" number="387"/>
                        <line branch="false" hits="0" number="388"/>
                        <line branch="false" hits="0" number="389"/>
                        <line branch="false" hits="0" number="390"/>
                        <line branch="false" hits="0" number="391"/>
                        <line branch="false" hits="0" number="392"/>
                        <line branch="false" hits="0" number="393"/>
                        <line branch="false" hits="0" number="395"/>
                        <line branch="false" hits="0" number="397"/>
                        <line branch="false" hits="0" number="398"/>
                        <line branch="false" hits="0" number="399"/>
                        <line branch="false" hits="0" number="400"/>
                        <line branch="false" hits="0" number="401"/>
                        <line branch="false" hits="0" number="402"/>
                        <line branch="false" hits="0" number="403"/>
                        <line branch="false" hits="0" number="404"/>
                        <line branch="false" hits="0" number="405"/>
                        <line branch="false" hits="0" number="406"/>
                        <line branch="false" hits="0" number="407"/>
                        <line branch="false" hits="0" number="408"/>
                        <line branch="false" hits="0" number="409"/>
                        <line branch="false" hits="0" number="410"/>
                        <line branch="false" hits="0" number="411"/>
                        <line branch="false" hits="0" number="412"/>
                        <line branch="false" hits="0" number="413"/>
                        <line branch="false" hits="0" number="414"/>
                        <line branch="false" hits="0" number="415"/>
                        <line branch="false" hits="0" number="416"/>
                        <line branch="false" hits="0" number="417"/>
                        <line branch="false" hits="0" number="418"/>
                        <line branch="false" hits="0" number="420"/>
                        <line branch="false" hits="0" number="421"/>
                        <line branch="false" hits="0" number="422"/>
                        <line branch="false" hits="0" number="423"/>
                        <line branch="false" hits="0" number="425"/>
                        <line branch="false" hits="0" number="427"/>
                        <line branch="false" hits="0" number="429"/>
                        <line branch="false" hits="0" number="430"/>
                        <line branch="false" hits="0" number="431"/>
                        <line branch="false" hits="0" number="432"/>
                        <line branch="false" hits="0" number="433"/>
                        <line branch="false" hits="0" number="435"/>
                        <line branch="false" hits="0" number="436"/>
                        <line branch="false" hits="0" number="437"/>
                        <line branch="false" hits="0" number="438"/>
                        <line branch="false" hits="0" number="439"/>
                        <line branch="false" hits="0" number="440"/>
                        <line branch="false" hits="0" number="442"/>
                        <line branch="false" hits="0" number="443"/>
                        <line branch="false" hits="0" number="445"/>
                        <line branch="false" hits="0" number="446"/>
                        <line branch="false" hits="0" number="447"/>
                        <line branch="false" hits="0" number="448"/>
                        <line branch="false" hits="0" number="450"/>
                        <line branch="false" hits="0" number="451"/>
                        <line branch="false" hits="0" number="452"/>
                        <line branch="false" hits="0" number="454"/>
                        <line branch="false" hits="0" number="456"/>
                        <line branch="false" hits="0" number="457"/>
                        <line branch="false" hits="0" number="458"/>
                        <line branch="false" hits="0" number="459"/>
                        <line branch="false" hits="0" number="460"/>
                        <line branch="false" hits="0" number="461"/>
                        <line branch="false" hits="0" number="462"/>
                        <line branch="false" hits="0" number="463"/>
                        <line branch="false" hits="0" number="464"/>
                        <line branch="false" hits="0" number="465"/>
                        <line branch="false" hits="0" number="466"/>
                        <line branch="false" hits="0" number="467"/>
                        <line branch="false" hits="0" number="468"/>
                        <line branch="false" hits="0" number="469"/>
                        <line branch="false" hits="0" number="470"/>
                        <line branch="false" hits="0" number="471"/>
                        <line branch="false" hits="0" number="472"/>
                        <line branch="false" hits="0" number="473"/>
                        <line branch="false" hits="0" number="474"/>
                        <line branch="false" hits="0" number="475"/>
                        <line branch="false" hits="0" number="477"/>
                        <line branch="false" hits="0" number="478"/>
                        <line branch="false" hits="0" number="479"/>
                        <line branch="false" hits="0" number="481"/>
                        <line branch="false" hits="0" number="482"/>
                        <line branch="false" hits="0" number="483"/>
                        <line branch="false" hits="0" number="484"/>
                        <line branch="false" hits="0" number="485"/>
                        <line branch="false" hits="0" number="486"/>
                        <line branch="false" hits="0" number="488"/>
                        <line branch="false" hits="0" number="489"/>
                        <line branch="false" hits="0" number="491"/>
                        <line branch="false" hits="0" number="492"/>
                        <line branch="false" hits="0" number="493"/>
                        <line branch="false" hits="0" number="494"/>
                        <line branch="false" hits="0" number="495"/>
                        <line branch="false" hits="0" number="496"/>
                        <line branch="false" hits="0" number="497"/>
                        <line branch="false" hits="0" number="498"/>
                        <line branch="false" hits="0" number="499"/>
                        <line branch="false" hits="0" number="500"/>
                        <line branch="false" hits="0" number="501"/>
                        <line branch="false" hits="0" number="502"/>
                        <line branch="false" hits="0" number="503"/>
                        <line branch="false" hits="0" number="504"/>
                        <line branch="false" hits="0" number="505"/>
                        <line branch="false" hits="0" number="506"/>
                        <line branch="false" hits="0" number="508"/>
                        <line branch="false" hits="0" number="509"/>
                        <line branch="false" hits="0" number="511"/>
                        <line branch="false" hits="0" number="513"/>
                        <line branch="false" hits="0" number="514"/>
                        <line branch="false" hits="0" number="515"/>
                        <line branch="false" hits="0" number="516"/>
                        <line branch="false" hits="0" number="517"/>
                        <line branch="false" hits="0" number="518"/>
                        <line branch="false" hits="0" number="519"/>
                        <line branch="false" hits="0" number="520"/>
                        <line branch="false" hits="0" number="521"/>
                        <line branch="false" hits="0" number="522"/>
                        <line branch="false" hits="0" number="523"/>
                        <line branch="false" hits="0" number="524"/>
                        <line branch="false" hits="0" number="527"/>
                        <line branch="false" hits="0" number="528"/>
                        <line branch="false" hits="0" number="529"/>
                        <line branch="false" hits="0" number="530"/>
                        <line branch="false" hits="0" number="532"/>
                        <line branch="false" hits="0" number="534"/>
                        <line branch="false" hits="0" number="535"/>
                        <line branch="false" hits="0" number="536"/>
                        <line branch="false" hits="0" number="537"/>
                        <line branch="false" hits="0" number="538"/>
                        <line branch="false" hits="0" number="539"/>
                        <line branch="false" hits="0" number="541"/>
                        <line branch="false" hits="0" number="542"/>
                        <line branch="false" hits="0" number="543"/>
                        <line branch="false" hits="0" number="544"/>
                        <line branch="false" hits="0" number="545"/>
                        <line branch="false" hits="0" number="546"/>
                        <line branch="false" hits="0" number="547"/>
                        <line branch="false" hits="0" number="549"/>
                        <line branch="false" hits="0" number="550"/>
                        <line branch="false" hits="0" number="551"/>
                        <line branch="false" hits="0" number="553"/>
                        <line branch="false" hits="0" number="555"/>
                        <line branch="false" hits="0" number="559"/>
                        <line branch="false" hits="0" number="560"/>
                        <line branch="false" hits="0" number="561"/>
                        <line branch="false" hits="0" number="562"/>
                        <line branch="false" hits="0" number="563"/>
                        <line branch="false" hits="0" number="564"/>
                        <line branch="false" hits="0" number="565"/>
                    </lines>
                </class>
                <class branch-rate="0" complexity="0" filename="src/models/picker.rs" line-rate="0.9032258064516129" name="src.models.picker.rs">
                    <methods>
                        <method name="watn::models::picker::local_filter::{closure#0}" signature="" complexity="0" line-rate="0" branch-rate="0">
                            <lines>
                                <line hits="0" number="11" branch="false"/>
                            </lines>
                        </method>
                        <method name="watn::models::picker::local_filter::{closure#0}" signature="" complexity="0" line-rate="1" branch-rate="1">
                            <lines>
                                <line hits="2" number="11" branch="false"/>
                            </lines>
                        </method>
                        <method name="watn::models::picker::local_filter" signature="" complexity="0" line-rate="0" branch-rate="0">
                            <lines>
                                <line hits="0" number="8" branch="false"/>
                            </lines>
                        </method>
                        <method name="watn::models::picker::execute_search" signature="" complexity="0" line-rate="0" branch-rate="0">
                            <lines>
                                <line hits="0" number="16" branch="false"/>
                            </lines>
                        </method>
                        <method name="watn::models::picker::local_filter" signature="" complexity="0" line-rate="1" branch-rate="1">
                            <lines>
                                <line hits="2" number="8" branch="false"/>
                            </lines>
                        </method>
                        <method name="watn::models::picker::execute_search" signature="" complexity="0" line-rate="1" branch-rate="1">
                            <lines>
                                <line hits="9" number="16" branch="false"/>
                            </lines>
                        </method>
                    </methods>
                    <lines>
                        <line branch="false" hits="2" number="8"/>
                        <line branch="false" hits="2" number="9"/>
                        <line branch="false" hits="2" number="10"/>
                        <line branch="false" hits="2" number="11"/>
                        <line branch="false" hits="2" number="12"/>
                        <line branch="false" hits="2" number="13"/>
                        <line branch="false" hits="2" number="14"/>
                        <line branch="false" hits="9" number="16"/>
                        <line branch="false" hits="9" number="17"/>
                        <line branch="false" hits="9" number="18"/>
                        <line branch="false" hits="9" number="19"/>
                        <line branch="false" hits="9" number="20"/>
                        <line branch="false" hits="9" number="21"/>
                        <line branch="false" hits="9" number="22"/>
                        <line branch="false" hits="9" number="23"/>
                        <line branch="false" hits="9" number="24"/>
                        <line branch="false" hits="7" number="25"/>
                        <line branch="false" hits="7" number="26"/>
                        <line branch="false" hits="0" number="27"/>
                        <line branch="false" hits="7" number="28"/>
                        <line branch="false" hits="7" number="29"/>
                        <line branch="false" hits="2" number="30"/>
                        <line branch="false" hits="5" number="32"/>
                        <line branch="false" hits="2" number="36"/>
                        <line branch="false" hits="0" number="37"/>
                        <line branch="false" hits="2" number="38"/>
                        <line branch="false" hits="2" number="39"/>
                        <line branch="false" hits="2" number="40"/>
                        <line branch="false" hits="2" number="41"/>
                        <line branch="false" hits="0" number="43"/>
                        <line branch="false" hits="9" number="45"/>
                    </lines>
                </class>
            </classes>
        </package>
    </packages>
</coverage>