<?xml version="1.0" ?>
<!DOCTYPE coverage SYSTEM "https://cobertura.sourceforge.net/xml/coverage-04.dtd">
<coverage branch-rate="0" branches-covered="0" branches-valid="0" complexity="0" line-rate="0.5069654754694125" lines-covered="837" lines-valid="1651" timestamp="1786303756" version="2.0.3">
    <sources>
        <source>/home/sebastian/projects/watn</source>
    </sources>
    <packages>
        <package line-rate="0.39078751857355126" branch-rate="0" name="src.models" complexity="0">
            <classes>
                <class branch-rate="0" complexity="0" filename="src/models/list.rs" line-rate="0.6355555555555555" name="src.models.list.rs">
                    <methods>
                        <method name="watn::models::list::fetch_models::{closure#4}::{closure#3}::{closure#0}::{closure#0}" signature="" complexity="0" line-rate="0" branch-rate="0">
                            <lines>
                                <line hits="0" number="89" branch="false"/>
                            </lines>
                        </method>
                        <method name="watn::models::list::parse_model_data::{closure#0}::{closure#3}::{closure#0}::{closure#0}" signature="" complexity="0" line-rate="0" branch-rate="0">
                            <lines>
                                <line hits="0" number="266" branch="false"/>
                            </lines>
                        </method>
                        <method name="watn::models::list::fetch_models::{closure#4}::{closure#3}::{closure#0}::{closure#0}" signature="" complexity="0" line-rate="0" branch-rate="0">
                            <lines>
                                <line hits="0" number="89" branch="false"/>
                            </lines>
                        </method>
                        <method name="watn::models::list::parse_model_data::{closure#0}::{closure#3}::{closure#0}::{closure#0}" signature="" complexity="0" line-rate="1" branch-rate="1">
                            <lines>
                                <line hits="3" number="266" branch="false"/>
                            </lines>
                        </method>
                        <method name="watn::models::list::fetch_models::{closure#4}::{closure#3}::{closure#0}" signature="" complexity="0" line-rate="0" branch-rate="0">
                            <lines>
                                <line hits="0" number="89" branch="false"/>
                            </lines>
                        </method>
                        <method name="watn::models::list::fetch_models::{closure#4}::{closure#1}::{closure#0}" signature="" complexity="0" line-rate="0" branch-rate="0">
                            <lines>
                                <line hits="0" number="73" branch="false"/>
                            </lines>
                        </method>
                        <method name="watn::models::list::parse_model_data::{closure#0}::{closure#3}::{closure#0}" signature="" complexity="0" line-rate="0" branch-rate="0">
                            <lines>
                                <line hits="0" number="266" branch="false"/>
                            </lines>
                        </method>
                        <method name="watn::models::list::parse_model_data::{closure#0}::{closure#1}::{closure#0}" signature="" complexity="0" line-rate="0" branch-rate="0">
                            <lines>
                                <line hits="0" number="254" branch="false"/>
                            </lines>
                        </method>
                        <method name="watn::models::list::fetch_models::{closure#4}::{closure#3}::{closure#0}" signature="" complexity="0" line-rate="0" branch-rate="0">
                            <lines>
                                <line hits="0" number="89" branch="false"/>
                            </lines>
                        </method>
                        <method name="watn::models::list::fetch_models::{closure#4}::{closure#1}::{closure#0}" signature="" complexity="0" line-rate="0" branch-rate="0">
                            <lines>
                                <line hits="0" number="73" branch="false"/>
                            </lines>
                        </method>
                        <method name="watn::models::list::parse_model_data::{closure#0}::{closure#3}::{closure#0}" signature="" complexity="0" line-rate="1" branch-rate="1">
                            <lines>
                                <line hits="3" number="266" branch="false"/>
                            </lines>
                        </method>
                        <method name="watn::models::list::parse_model_data::{closure#0}::{closure#1}::{closure#0}" signature="" complexity="0" line-rate="0" branch-rate="0">
                            <lines>
                                <line hits="0" number="254" branch="false"/>
                            </lines>
                        </method>
                        <method name="watn::models::list::fetch_models::{closure#4}::{closure#0}" signature="" complexity="0" line-rate="0" branch-rate="0">
                            <lines>
                                <line hits="0" number="70" branch="false"/>
                            </lines>
                        </method>
                        <method name="watn::models::list::fetch_models::{closure#4}::{closure#2}" signature="" complexity="0" line-rate="0" branch-rate="0">
                            <lines>
                                <line hits="0" number="76" branch="false"/>
                            </lines>
                        </method>
                        <method name="watn::models::list::fetch_models::{closure#4}::{closure#3}" signature="" complexity="0" line-rate="0" branch-rate="0">
                            <lines>
                                <line hits="0" number="87" branch="false"/>
                            </lines>
                        </method>
                        <method name="watn::models::list::fetch_models::{closure#4}::{closure#1}" signature="" complexity="0" line-rate="0" branch-rate="0">
                            <lines>
                                <line hits="0" number="72" branch="false"/>
                            </lines>
                        </method>
                        <method name="watn::models::list::parse_model_data::{closure#0}::{closure#0}" signature="" complexity="0" line-rate="0" branch-rate="0">
                            <lines>
                                <line hits="0" number="252" branch="false"/>
                            </lines>
                        </method>
                        <method name="watn::models::list::parse_model_data::{closure#0}::{closure#2}" signature="" complexity="0" line-rate="0" branch-rate="0">
                            <lines>
                                <line hits="0" number="256" branch="false"/>
                            </lines>
                        </method>
                        <method name="watn::models::list::parse_model_data::{closure#0}::{closure#3}" signature="" complexity="0" line-rate="0" branch-rate="0">
                            <lines>
                                <line hits="0" number="264" branch="false"/>
                            </lines>
                        </method>
                        <method name="watn::models::list::parse_model_data::{closure#0}::{closure#1}" signature="" complexity="0" line-rate="0" branch-rate="0">
                            <lines>
                                <line hits="0" number="253" branch="false"/>
                            </lines>
                        </method>
                        <method name="watn::models::list::fetch_models::{closure#4}::{closure#0}" signature="" complexity="0" line-rate="0" branch-rate="0">
                            <lines>
                                <line hits="0" number="70" branch="false"/>
                            </lines>
                        </method>
                        <method name="watn::models::list::fetch_models::{closure#4}::{closure#2}" signature="" complexity="0" line-rate="0" branch-rate="0">
                            <lines>
                                <line hits="0" number="76" branch="false"/>
                            </lines>
                        </method>
                        <method name="watn::models::list::fetch_models::{closure#4}::{closure#3}" signature="" complexity="0" line-rate="0" branch-rate="0">
                            <lines>
                                <line hits="0" number="87" branch="false"/>
                            </lines>
                        </method>
                        <method name="watn::models::list::fetch_models::{closure#4}::{closure#1}" signature="" complexity="0" line-rate="0" branch-rate="0">
                            <lines>
                                <line hits="0" number="72" branch="false"/>
                            </lines>
                        </method>
                        <method name="watn::models::list::parse_model_data::{closure#0}::{closure#0}" signature="" complexity="0" line-rate="1" branch-rate="1">
                            <lines>
                                <line hits="2" number="252" branch="false"/>
                            </lines>
                        </method>
                        <method name="watn::models::list::parse_model_data::{closure#0}::{closure#2}" signature="" complexity="0" line-rate="1" branch-rate="1">
                            <lines>
                                <line hits="2" number="256" branch="false"/>
                            </lines>
                        </method>
                        <method name="watn::models::list::parse_model_data::{closure#0}::{closure#3}" signature="" complexity="0" line-rate="1" branch-rate="1">
                            <lines>
                                <line hits="2" number="264" branch="false"/>
                            </lines>
                        </method>
                        <method name="watn::models::list::parse_model_data::{closure#0}::{closure#1}" signature="" complexity="0" line-rate="1" branch-rate="1">
                            <lines>
                                <line hits="22" number="253" branch="false"/>
                            </lines>
                        </method>
                        <method name="watn::models::list::fetch_models::{closure#0}" signature="" complexity="0" line-rate="0" branch-rate="0">
                            <lines>
                                <line hits="0" number="20" branch="false"/>
                            </lines>
                        </method>
                        <method name="watn::models::list::fetch_models::{closure#2}" signature="" complexity="0" line-rate="0" branch-rate="0">
                            <lines>
                                <line hits="0" number="55" branch="false"/>
                            </lines>
                        </method>
                        <method name="watn::models::list::fetch_models::{closure#3}" signature="" complexity="0" line-rate="0" branch-rate="0">
                            <lines>
                                <line hits="0" number="62" branch="false"/>
                            </lines>
                        </method>
                        <method name="watn::models::list::fetch_models::{closure#4}" signature="" complexity="0" line-rate="0" branch-rate="0">
                            <lines>
                                <line hits="0" number="67" branch="false"/>
                            </lines>
                        </method>
                        <method name="watn::models::list::fetch_models::{closure#1}" signature="" complexity="0" line-rate="0" branch-rate="0">
                            <lines>
                                <line hits="0" number="29" branch="false"/>
                            </lines>
                        </method>
                        <method name="watn::models::list::word_matches::{closure#0}" signature="" complexity="0" line-rate="0" branch-rate="0">
                            <lines>
                                <line hits="0" number="116" branch="false"/>
                            </lines>
                        </method>
                        <method name="watn::models::list::search_models::{closure#0}" signature="" complexity="0" line-rate="0" branch-rate="0">
                            <lines>
                                <line hits="0" number="131" branch="false"/>
                            </lines>
                        </method>
                        <method name="watn::models::list::search_models::{closure#2}" signature="" complexity="0" line-rate="0" branch-rate="0">
                            <lines>
                                <line hits="0" number="166" branch="false"/>
                            </lines>
                        </method>
                        <method name="watn::models::list::search_models::{closure#3}" signature="" complexity="0" line-rate="0" branch-rate="0">
                            <lines>
                                <line hits="0" number="173" branch="false"/>
                            </lines>
                        </method>
                        <method name="watn::models::list::search_models::{closure#4}" signature="" complexity="0" line-rate="0" branch-rate="0">
                            <lines>
                                <line hits="0" number="180" branch="false"/>
                            </lines>
                        </method>
                        <method name="watn::models::list::search_models::{closure#1}" signature="" complexity="0" line-rate="0" branch-rate="0">
                            <lines>
                                <line hits="0" number="140" branch="false"/>
                            </lines>
                        </method>
                        <method name="watn::models::list::parse_model_data::{closure#0}" signature="" complexity="0" line-rate="0" branch-rate="0">
                            <lines>
                                <line hits="0" number="250" branch="false"/>
                            </lines>
                        </method>
                        <method name="watn::models::list::fetch_models_page::{closure#0}" signature="" complexity="0" line-rate="0" branch-rate="0">
                            <lines>
                                <line hits="0" number="199" branch="false"/>
                            </lines>
                        </method>
                        <method name="watn::models::list::fetch_models_page::{closure#2}" signature="" complexity="0" line-rate="0" branch-rate="0">
                            <lines>
                                <line hits="0" number="234" branch="false"/>
                            </lines>
                        </method>
                        <method name="watn::models::list::fetch_models_page::{closure#3}" signature="" complexity="0" line-rate="0" branch-rate="0">
                            <lines>
                                <line hits="0" number="241" branch="false"/>
                            </lines>
                        </method>
                        <method name="watn::models::list::fetch_models_page::{closure#1}" signature="" complexity="0" line-rate="0" branch-rate="0">
                            <lines>
                                <line hits="0" number="208" branch="false"/>
                            </lines>
                        </method>
                        <method name="watn::models::list::parse_pricing_value::{closure#0}" signature="" complexity="0" line-rate="0" branch-rate="0">
                            <lines>
                                <line hits="0" number="284" branch="false"/>
                            </lines>
                        </method>
                        <method name="watn::models::list::parse_pricing_value::{closure#1}" signature="" complexity="0" line-rate="0" branch-rate="0">
                            <lines>
                                <line hits="0" number="285" branch="false"/>
                            </lines>
                        </method>
                        <method name="watn::models::list::fetch_models::{closure#0}" signature="" complexity="0" line-rate="0" branch-rate="0">
                            <lines>
                                <line hits="0" number="20" branch="false"/>
                            </lines>
                        </method>
                        <method name="watn::models::list::fetch_models::{closure#2}" signature="" complexity="0" line-rate="0" branch-rate="0">
                            <lines>
                                <line hits="0" number="55" branch="false"/>
                            </lines>
                        </method>
                        <method name="watn::models::list::fetch_models::{closure#3}" signature="" complexity="0" line-rate="0" branch-rate="0">
                            <lines>
                                <line hits="0" number="62" branch="false"/>
                            </lines>
                        </method>
                        <method name="watn::models::list::fetch_models::{closure#4}" signature="" complexity="0" line-rate="0" branch-rate="0">
                            <lines>
                                <line hits="0" number="67" branch="false"/>
                            </lines>
                        </method>
                        <method name="watn::models::list::fetch_models::{closure#1}" signature="" complexity="0" line-rate="0" branch-rate="0">
                            <lines>
                                <line hits="0" number="29" branch="false"/>
                            </lines>
                        </method>
                        <method name="watn::models::list::word_matches::{closure#0}" signature="" complexity="0" line-rate="1" branch-rate="1">
                            <lines>
                                <line hits="21" number="116" branch="false"/>
                            </lines>
                        </method>
                        <method name="watn::models::list::search_models::{closure#0}" signature="" complexity="0" line-rate="0" branch-rate="0">
                            <lines>
                                <line hits="0" number="131" branch="false"/>
                            </lines>
                        </method>
                        <method name="watn::models::list::search_models::{closure#2}" signature="" complexity="0" line-rate="0" branch-rate="0">
                            <lines>
                                <line hits="0" number="166" branch="false"/>
                            </lines>
                        </method>
                        <method name="watn::models::list::search_models::{closure#3}" signature="" complexity="0" line-rate="0" branch-rate="0">
                            <lines>
                                <line hits="0" number="173" branch="false"/>
                            </lines>
                        </method>
                        <method name="watn::models::list::search_models::{closure#4}" signature="" complexity="0" line-rate="1" branch-rate="1">
                            <lines>
                                <line hits="17" number="180" branch="false"/>
                            </lines>
                        </method>
                        <method name="watn::models::list::search_models::{closure#1}" signature="" complexity="0" line-rate="0" branch-rate="0">
                            <lines>
                                <line hits="0" number="140" branch="false"/>
                            </lines>
                        </method>
                        <method name="watn::models::list::parse_model_data::{closure#0}" signature="" complexity="0" line-rate="1" branch-rate="1">
                            <lines>
                                <line hits="24" number="250" branch="false"/>
                            </lines>
                        </method>
                        <method name="watn::models::list::fetch_models_page::{closure#0}" signature="" complexity="0" line-rate="0" branch-rate="0">
                            <lines>
                                <line hits="0" number="199" branch="false"/>
                            </lines>
                        </method>
                        <method name="watn::models::list::fetch_models_page::{closure#2}" signature="" complexity="0" line-rate="0" branch-rate="0">
                            <lines>
                                <line hits="0" number="234" branch="false"/>
                            </lines>
                        </method>
                        <method name="watn::models::list::fetch_models_page::{closure#3}" signature="" complexity="0" line-rate="0" branch-rate="0">
                            <lines>
                                <line hits="0" number="241" branch="false"/>
                            </lines>
                        </method>
                        <method name="watn::models::list::fetch_models_page::{closure#1}" signature="" complexity="0" line-rate="0" branch-rate="0">
                            <lines>
                                <line hits="0" number="208" branch="false"/>
                            </lines>
                        </method>
                        <method name="watn::models::list::parse_pricing_value::{closure#0}" signature="" complexity="0" line-rate="1" branch-rate="1">
                            <lines>
                                <line hits="4" number="284" branch="false"/>
                            </lines>
                        </method>
                        <method name="watn::models::list::parse_pricing_value::{closure#1}" signature="" complexity="0" line-rate="0" branch-rate="0">
                            <lines>
                                <line hits="0" number="285" branch="false"/>
                            </lines>
                        </method>
                        <method name="watn::models::list::fetch_models" signature="" complexity="0" line-rate="0" branch-rate="0">
                            <lines>
                                <line hits="0" number="13" branch="false"/>
                            </lines>
                        </method>
                        <method name="watn::models::list::word_matches" signature="" complexity="0" line-rate="0" branch-rate="0">
                            <lines>
                                <line hits="0" number="111" branch="false"/>
                            </lines>
                        </method>
                        <method name="watn::models::list::search_models" signature="" complexity="0" line-rate="0" branch-rate="0">
                            <lines>
                                <line hits="0" number="119" branch="false"/>
                            </lines>
                        </method>
                        <method name="watn::models::list::parse_model_data" signature="" complexity="0" line-rate="0" branch-rate="0">
                            <lines>
                                <line hits="0" number="248" branch="false"/>
                            </lines>
                        </method>
                        <method name="watn::models::list::fetch_models_page" signature="" complexity="0" line-rate="0" branch-rate="0">
                            <lines>
                                <line hits="0" number="186" branch="false"/>
                            </lines>
                        </method>
                        <method name="watn::models::list::parse_pricing_value" signature="" complexity="0" line-rate="0" branch-rate="0">
                            <lines>
                                <line hits="0" number="282" branch="false"/>
                            </lines>
                        </method>
                        <method name="watn::models::list::fetch_models" signature="" complexity="0" line-rate="1" branch-rate="1">
                            <lines>
                                <line hits="2" number="13" branch="false"/>
                            </lines>
                        </method>
                        <method name="watn::models::list::word_matches" signature="" complexity="0" line-rate="1" branch-rate="1">
                            <lines>
                                <line hits="19" number="111" branch="false"/>
                            </lines>
                        </method>
                        <method name="watn::models::list::search_models" signature="" complexity="0" line-rate="1" branch-rate="1">
                            <lines>
                                <line hits="9" number="119" branch="false"/>
                            </lines>
                        </method>
                        <method name="watn::models::list::parse_model_data" signature="" complexity="0" line-rate="1" branch-rate="1">
                            <lines>
                                <line hits="10" number="248" branch="false"/>
                            </lines>
                        </method>
                        <method name="watn::models::list::fetch_models_page" signature="" complexity="0" line-rate="1" branch-rate="1">
                            <lines>
                                <line hits="5" number="186" branch="false"/>
                            </lines>
                        </method>
                        <method name="watn::models::list::parse_pricing_value" signature="" complexity="0" line-rate="1" branch-rate="1">
                            <lines>
                                <line hits="4" number="282" branch="false"/>
                            </lines>
                        </method>
                    </methods>
                    <lines>
                        <line branch="false" hits="2" number="13"/>
                        <line branch="false" hits="2" number="14"/>
                        <line branch="false" hits="2" number="15"/>
                        <line branch="false" hits="2" number="17"/>
                        <line branch="false" hits="2" number="18"/>
                        <line branch="false" hits="2" number="19"/>
                        <line branch="false" hits="2" number="20"/>
                        <line branch="false" hits="2" number="22"/>
                        <line branch="false" hits="2" number="23"/>
                        <line branch="false" hits="2" number="24"/>
                        <line branch="false" hits="2" number="25"/>
                        <line branch="false" hits="2" number="27"/>
                        <line branch="false" hits="2" number="28"/>
                        <line branch="false" hits="2" number="29"/>
                        <line branch="false" hits="0" number="30"/>
                        <line branch="false" hits="0" number="31"/>
                        <line branch="false" hits="0" number="32"/>
                        <line branch="false" hits="0" number="33"/>
                        <line branch="false" hits="0" number="34"/>
                        <line branch="false" hits="0" number="35"/>
                        <line branch="false" hits="0" number="36"/>
                        <line branch="false" hits="0" number="38"/>
                        <line branch="false" hits="0" number="40"/>
                        <line branch="false" hits="2" number="42"/>
                        <line branch="false" hits="2" number="43"/>
                        <line branch="false" hits="2" number="44"/>
                        <line branch="false" hits="2" number="45"/>
                        <line branch="false" hits="2" number="46"/>
                        <line branch="false" hits="2" number="47"/>
                        <line branch="false" hits="2" number="48"/>
                        <line branch="false" hits="0" number="49"/>
                        <line branch="false" hits="0" number="51"/>
                        <line branch="false" hits="0" number="52"/>
                        <line branch="false" hits="0" number="53"/>
                        <line branch="false" hits="0" number="55"/>
                        <line branch="false" hits="0" number="56"/>
                        <line branch="false" hits="0" number="58"/>
                        <line branch="false" hits="0" number="59"/>
                        <line branch="false" hits="0" number="60"/>
                        <line branch="false" hits="0" number="62"/>
                        <line branch="false" hits="0" number="63"/>
                        <line branch="false" hits="0" number="65"/>
                        <line branch="false" hits="0" number="66"/>
                        <line branch="false" hits="0" number="67"/>
                        <line branch="false" hits="0" number="68"/>
                        <line branch="false" hits="0" number="70"/>
                        <line branch="false" hits="0" number="72"/>
                        <line branch="false" hits="0" number="73"/>
                        <line branch="false" hits="0" number="74"/>
                        <line branch="false" hits="0" number="76"/>
                        <line branch="false" hits="0" number="77"/>
                        <line branch="false" hits="0" number="78"/>
                        <line branch="false" hits="0" number="79"/>
                        <line branch="false" hits="0" number="80"/>
                        <line branch="false" hits="0" number="81"/>
                        <line branch="false" hits="0" number="82"/>
                        <line branch="false" hits="0" number="83"/>
                        <line branch="false" hits="0" number="85"/>
                        <line branch="false" hits="0" number="86"/>
                        <line branch="false" hits="0" number="87"/>
                        <line branch="false" hits="0" number="88"/>
                        <line branch="false" hits="0" number="89"/>
                        <line branch="false" hits="0" number="90"/>
                        <line branch="false" hits="0" number="91"/>
                        <line branch="false" hits="0" number="92"/>
                        <line branch="false" hits="0" number="94"/>
                        <line branch="false" hits="0" number="95"/>
                        <line branch="false" hits="0" number="96"/>
                        <line branch="false" hits="0" number="97"/>
                        <line branch="false" hits="0" number="98"/>
                        <line branch="false" hits="0" number="99"/>
                        <line branch="false" hits="0" number="100"/>
                        <line branch="false" hits="0" number="101"/>
                        <line branch="false" hits="0" number="102"/>
                        <line branch="false" hits="0" number="104"/>
                        <line branch="false" hits="2" number="105"/>
                        <line branch="false" hits="19" number="111"/>
                        <line branch="false" hits="19" number="112"/>
                        <line branch="false" hits="19" number="113"/>
                        <line branch="false" hits="19" number="114"/>
                        <line branch="false" hits="19" number="115"/>
                        <line branch="false" hits="21" number="116"/>
                        <line branch="false" hits="19" number="117"/>
                        <line branch="false" hits="9" number="119"/>
                        <line branch="false" hits="9" number="120"/>
                        <line branch="false" hits="9" number="121"/>
                        <line branch="false" hits="9" number="122"/>
                        <line branch="false" hits="9" number="123"/>
                        <line branch="false" hits="9" number="124"/>
                        <line branch="false" hits="9" number="125"/>
                        <line branch="false" hits="9" number="126"/>
                        <line branch="false" hits="9" number="128"/>
                        <line branch="false" hits="9" number="129"/>
                        <line branch="false" hits="9" number="130"/>
                        <line branch="false" hits="9" number="131"/>
                        <line branch="false" hits="9" number="133"/>
                        <line branch="false" hits="9" number="134"/>
                        <line branch="false" hits="0" number="135"/>
                        <line branch="false" hits="9" number="136"/>
                        <line branch="false" hits="9" number="138"/>
                        <line branch="false" hits="9" number="139"/>
                        <line branch="false" hits="9" number="140"/>
                        <line branch="false" hits="0" number="141"/>
                        <line branch="false" hits="0" number="142"/>
                        <line branch="false" hits="0" number="143"/>
                        <line branch="false" hits="0" number="144"/>
                        <line branch="false" hits="0" number="145"/>
                        <line branch="false" hits="0" number="146"/>
                        <line branch="false" hits="0" number="147"/>
                        <line branch="false" hits="0" number="149"/>
                        <line branch="false" hits="0" number="151"/>
                        <line branch="false" hits="9" number="153"/>
                        <line branch="false" hits="9" number="154"/>
                        <line branch="false" hits="2" number="155"/>
                        <line branch="false" hits="2" number="156"/>
                        <line branch="false" hits="2" number="157"/>
                        <line branch="false" hits="2" number="158"/>
                        <line branch="false" hits="2" number="159"/>
                        <line branch="false" hits="7" number="160"/>
                        <line branch="false" hits="7" number="162"/>
                        <line branch="false" hits="7" number="163"/>
                        <line branch="false" hits="7" number="164"/>
                        <line branch="false" hits="0" number="166"/>
                        <line branch="false" hits="0" number="167"/>
                        <line branch="false" hits="7" number="169"/>
                        <line branch="false" hits="7" number="170"/>
                        <line branch="false" hits="7" number="171"/>
                        <line branch="false" hits="0" number="173"/>
                        <line branch="false" hits="0" number="174"/>
                        <line branch="false" hits="7" number="176"/>
                        <line branch="false" hits="7" number="178"/>
                        <line branch="false" hits="7" number="179"/>
                        <line branch="false" hits="17" number="180"/>
                        <line branch="false" hits="7" number="181"/>
                        <line branch="false" hits="7" number="183"/>
                        <line branch="false" hits="9" number="184"/>
                        <line branch="false" hits="5" number="186"/>
                        <line branch="false" hits="5" number="187"/>
                        <line branch="false" hits="5" number="188"/>
                        <line branch="false" hits="5" number="189"/>
                        <line branch="false" hits="5" number="190"/>
                        <line branch="false" hits="5" number="191"/>
                        <line branch="false" hits="5" number="192"/>
                        <line branch="false" hits="5" number="193"/>
                        <line branch="false" hits="5" number="194"/>
                        <line branch="false" hits="5" number="196"/>
                        <line branch="false" hits="5" number="197"/>
                        <line branch="false" hits="5" number="198"/>
                        <line branch="false" hits="5" number="199"/>
                        <line branch="false" hits="5" number="201"/>
                        <line branch="false" hits="5" number="202"/>
                        <line branch="false" hits="5" number="203"/>
                        <line branch="false" hits="5" number="204"/>
                        <line branch="false" hits="5" number="206"/>
                        <line branch="false" hits="5" number="207"/>
                        <line branch="false" hits="5" number="208"/>
                        <line branch="false" hits="0" number="209"/>
                        <line branch="false" hits="0" number="210"/>
                        <line branch="false" hits="0" number="211"/>
                        <line branch="false" hits="0" number="212"/>
                        <line branch="false" hits="0" number="213"/>
                        <line branch="false" hits="0" number="214"/>
                        <line branch="false" hits="0" number="215"/>
                        <line branch="false" hits="0" number="217"/>
                        <line branch="false" hits="0" number="219"/>
                        <line branch="false" hits="5" number="221"/>
                        <line branch="false" hits="5" number="222"/>
                        <line branch="false" hits="2" number="223"/>
                        <line branch="false" hits="2" number="224"/>
                        <line branch="false" hits="2" number="225"/>
                        <line branch="false" hits="2" number="226"/>
                        <line branch="false" hits="2" number="227"/>
                        <line branch="false" hits="3" number="228"/>
                        <line branch="false" hits="3" number="230"/>
                        <line branch="false" hits="3" number="231"/>
                        <line branch="false" hits="3" number="232"/>
                        <line branch="false" hits="0" number="234"/>
                        <line branch="false" hits="0" number="235"/>
                        <line branch="false" hits="3" number="237"/>
                        <line branch="false" hits="3" number="238"/>
                        <line branch="false" hits="3" number="239"/>
                        <line branch="false" hits="0" number="241"/>
                        <line branch="false" hits="0" number="242"/>
                        <line branch="false" hits="3" number="244"/>
                        <line branch="false" hits="3" number="245"/>
                        <line branch="false" hits="5" number="246"/>
                        <line branch="false" hits="10" number="248"/>
                        <line branch="false" hits="10" number="249"/>
                        <line branch="false" hits="24" number="250"/>
                        <line branch="false" hits="24" number="251"/>
                        <line branch="false" hits="24" number="252"/>
                        <line branch="false" hits="24" number="253"/>
                        <line branch="false" hits="22" number="254"/>
                        <line branch="false" hits="22" number="255"/>
                        <line branch="false" hits="24" number="256"/>
                        <line branch="false" hits="2" number="257"/>
                        <line branch="false" hits="2" number="258"/>
                        <line branch="false" hits="2" number="259"/>
                        <line branch="false" hits="2" number="260"/>
                        <line branch="false" hits="2" number="261"/>
                        <line branch="false" hits="24" number="262"/>
                        <line branch="false" hits="24" number="263"/>
                        <line branch="false" hits="24" number="264"/>
                        <line branch="false" hits="2" number="265"/>
                        <line branch="false" hits="3" number="266"/>
                        <line branch="false" hits="2" number="267"/>
                        <line branch="false" hits="2" number="268"/>
                        <line branch="false" hits="24" number="269"/>
                        <line branch="false" hits="24" number="271"/>
                        <line branch="false" hits="24" number="272"/>
                        <line branch="false" hits="24" number="273"/>
                        <line branch="false" hits="24" number="274"/>
                        <line branch="false" hits="24" number="275"/>
                        <line branch="false" hits="24" number="276"/>
                        <line branch="false" hits="24" number="277"/>
                        <line branch="false" hits="24" number="278"/>
                        <line branch="false" hits="10" number="279"/>
                        <line branch="false" hits="10" number="280"/>
                        <line branch="false" hits="4" number="282"/>
                        <line branch="false" hits="4" number="283"/>
                        <line branch="false" hits="4" number="284"/>
                        <line branch="false" hits="4" number="285"/>
                        <line branch="false" hits="4" number="286"/>
                        <line branch="false" hits="0" number="287"/>
                        <line branch="false" hits="4" number="289"/>
                    </lines>
                </class>
                <class branch-rate="0" complexity="0" filename="src/models/mod.rs" line-rate="0.6133333333333333" name="src.models.mod.rs">
                    <methods>
                        <method name="watn::models::run_models::{closure#0}" signature="" complexity="0" line-rate="0" branch-rate="0">
                            <lines>
                                <line hits="0" number="84" branch="false"/>
                            </lines>
                        </method>
                        <method name="watn::models::select_model::{closure#0}" signature="" complexity="0" line-rate="0" branch-rate="0">
                            <lines>
                                <line hits="0" number="178" branch="false"/>
                            </lines>
                        </method>
                        <method name="watn::models::select_model_non_interactive::{closure#0}" signature="" complexity="0" line-rate="0" branch-rate="0">
                            <lines>
                                <line hits="0" number="194" branch="false"/>
                            </lines>
                        </method>
                        <method name="watn::models::select_model_non_interactive::{closure#1}" signature="" complexity="0" line-rate="0" branch-rate="0">
                            <lines>
                                <line hits="0" number="198" branch="false"/>
                            </lines>
                        </method>
                        <method name="watn::models::run_models::{closure#0}" signature="" complexity="0" line-rate="0" branch-rate="0">
                            <lines>
                                <line hits="0" number="84" branch="false"/>
                            </lines>
                        </method>
                        <method name="watn::models::select_model::{closure#0}" signature="" complexity="0" line-rate="0" branch-rate="0">
                            <lines>
                                <line hits="0" number="178" branch="false"/>
                            </lines>
                        </method>
                        <method name="watn::models::select_model_non_interactive::{closure#0}" signature="" complexity="0" line-rate="0" branch-rate="0">
                            <lines>
                                <line hits="0" number="194" branch="false"/>
                            </lines>
                        </method>
                        <method name="watn::models::select_model_non_interactive::{closure#1}" signature="" complexity="0" line-rate="0" branch-rate="0">
                            <lines>
                                <line hits="0" number="198" branch="false"/>
                            </lines>
                        </method>
                        <method name="watn::models::run_models" signature="" complexity="0" line-rate="0" branch-rate="0">
                            <lines>
                                <line hits="0" number="13" branch="false"/>
                            </lines>
                        </method>
                        <method name="watn::models::select_model" signature="" complexity="0" line-rate="0" branch-rate="0">
                            <lines>
                                <line hits="0" number="164" branch="false"/>
                            </lines>
                        </method>
                        <method name="watn::models::format_model_entry" signature="" complexity="0" line-rate="0" branch-rate="0">
                            <lines>
                                <line hits="0" number="139" branch="false"/>
                            </lines>
                        </method>
                        <method name="watn::models::select_model_non_interactive" signature="" complexity="0" line-rate="0" branch-rate="0">
                            <lines>
                                <line hits="0" number="189" branch="false"/>
                            </lines>
                        </method>
                        <method name="watn::models::run_models" signature="" complexity="0" line-rate="1" branch-rate="1">
                            <lines>
                                <line hits="5" number="13" branch="false"/>
                            </lines>
                        </method>
                        <method name="watn::models::select_model" signature="" complexity="0" line-rate="1" branch-rate="1">
                            <lines>
                                <line hits="9" number="164" branch="false"/>
                            </lines>
                        </method>
                        <method name="watn::models::format_model_entry" signature="" complexity="0" line-rate="1" branch-rate="1">
                            <lines>
                                <line hits="23" number="139" branch="false"/>
                            </lines>
                        </method>
                        <method name="watn::models::select_model_non_interactive" signature="" complexity="0" line-rate="1" branch-rate="1">
                            <lines>
                                <line hits="9" number="189" branch="false"/>
                            </lines>
                        </method>
                    </methods>
                    <lines>
                        <line branch="false" hits="5" number="13"/>
                        <line branch="false" hits="5" number="14"/>
                        <line branch="false" hits="5" number="15"/>
                        <line branch="false" hits="5" number="16"/>
                        <line branch="false" hits="5" number="17"/>
                        <line branch="false" hits="5" number="18"/>
                        <line branch="false" hits="0" number="20"/>
                        <line branch="false" hits="5" number="21"/>
                        <line branch="false" hits="0" number="23"/>
                        <line branch="false" hits="0" number="24"/>
                        <line branch="false" hits="0" number="25"/>
                        <line branch="false" hits="0" number="26"/>
                        <line branch="false" hits="0" number="27"/>
                        <line branch="false" hits="0" number="28"/>
                        <line branch="false" hits="0" number="29"/>
                        <line branch="false" hits="0" number="30"/>
                        <line branch="false" hits="0" number="31"/>
                        <line branch="false" hits="0" number="35"/>
                        <line branch="false" hits="5" number="36"/>
                        <line branch="false" hits="5" number="38"/>
                        <line branch="false" hits="5" number="39"/>
                        <line branch="false" hits="5" number="40"/>
                        <line branch="false" hits="5" number="41"/>
                        <line branch="false" hits="5" number="42"/>
                        <line branch="false" hits="5" number="44"/>
                        <line branch="false" hits="5" number="45"/>
                        <line branch="false" hits="0" number="47"/>
                        <line branch="false" hits="0" number="48"/>
                        <line branch="false" hits="0" number="49"/>
                        <line branch="false" hits="0" number="50"/>
                        <line branch="false" hits="5" number="54"/>
                        <line branch="false" hits="5" number="55"/>
                        <line branch="false" hits="5" number="56"/>
                        <line branch="false" hits="0" number="57"/>
                        <line branch="false" hits="5" number="60"/>
                        <line branch="false" hits="3" number="61"/>
                        <line branch="false" hits="2" number="62"/>
                        <line branch="false" hits="0" number="63"/>
                        <line branch="false" hits="2" number="64"/>
                        <line branch="false" hits="2" number="65"/>
                        <line branch="false" hits="2" number="66"/>
                        <line branch="false" hits="3" number="71"/>
                        <line branch="false" hits="0" number="72"/>
                        <line branch="false" hits="0" number="73"/>
                        <line branch="false" hits="3" number="74"/>
                        <line branch="false" hits="3" number="81"/>
                        <line branch="false" hits="0" number="84"/>
                        <line branch="false" hits="0" number="85"/>
                        <line branch="false" hits="0" number="86"/>
                        <line branch="false" hits="0" number="87"/>
                        <line branch="false" hits="0" number="88"/>
                        <line branch="false" hits="0" number="89"/>
                        <line branch="false" hits="0" number="90"/>
                        <line branch="false" hits="0" number="91"/>
                        <line branch="false" hits="0" number="92"/>
                        <line branch="false" hits="0" number="93"/>
                        <line branch="false" hits="0" number="94"/>
                        <line branch="false" hits="0" number="95"/>
                        <line branch="false" hits="0" number="96"/>
                        <line branch="false" hits="0" number="97"/>
                        <line branch="false" hits="0" number="98"/>
                        <line branch="false" hits="0" number="99"/>
                        <line branch="false" hits="0" number="100"/>
                        <line branch="false" hits="0" number="101"/>
                        <line branch="false" hits="0" number="102"/>
                        <line branch="false" hits="0" number="103"/>
                        <line branch="false" hits="0" number="104"/>
                        <line branch="false" hits="0" number="105"/>
                        <line branch="false" hits="0" number="106"/>
                        <line branch="false" hits="3" number="108"/>
                        <line branch="false" hits="3" number="109"/>
                        <line branch="false" hits="3" number="110"/>
                        <line branch="false" hits="3" number="111"/>
                        <line branch="false" hits="3" number="112"/>
                        <line branch="false" hits="3" number="113"/>
                        <line branch="false" hits="3" number="115"/>
                        <line branch="false" hits="3" number="116"/>
                        <line branch="false" hits="3" number="117"/>
                        <line branch="false" hits="3" number="118"/>
                        <line branch="false" hits="3" number="119"/>
                        <line branch="false" hits="3" number="120"/>
                        <line branch="false" hits="3" number="121"/>
                        <line branch="false" hits="3" number="122"/>
                        <line branch="false" hits="3" number="123"/>
                        <line branch="false" hits="3" number="124"/>
                        <line branch="false" hits="3" number="125"/>
                        <line branch="false" hits="3" number="126"/>
                        <line branch="false" hits="3" number="128"/>
                        <line branch="false" hits="0" number="129"/>
                        <line branch="false" hits="0" number="130"/>
                        <line branch="false" hits="3" number="131"/>
                        <line branch="false" hits="3" number="133"/>
                        <line branch="false" hits="3" number="137"/>
                        <line branch="false" hits="23" number="139"/>
                        <line branch="false" hits="23" number="140"/>
                        <line branch="false" hits="23" number="142"/>
                        <line branch="false" hits="6" number="143"/>
                        <line branch="false" hits="17" number="144"/>
                        <line branch="false" hits="23" number="145"/>
                        <line branch="false" hits="6" number="146"/>
                        <line branch="false" hits="17" number="147"/>
                        <line branch="false" hits="23" number="148"/>
                        <line branch="false" hits="7" number="149"/>
                        <line branch="false" hits="7" number="150"/>
                        <line branch="false" hits="7" number="151"/>
                        <line branch="false" hits="7" number="152"/>
                        <line branch="false" hits="7" number="153"/>
                        <line branch="false" hits="7" number="154"/>
                        <line branch="false" hits="7" number="155"/>
                        <line branch="false" hits="16" number="156"/>
                        <line branch="false" hits="23" number="157"/>
                        <line branch="false" hits="6" number="158"/>
                        <line branch="false" hits="17" number="159"/>
                        <line branch="false" hits="23" number="161"/>
                        <line branch="false" hits="23" number="162"/>
                        <line branch="false" hits="9" number="164"/>
                        <line branch="false" hits="9" number="165"/>
                        <line branch="false" hits="9" number="166"/>
                        <line branch="false" hits="9" number="167"/>
                        <line branch="false" hits="9" number="168"/>
                        <line branch="false" hits="9" number="170"/>
                        <line branch="false" hits="9" number="172"/>
                        <line branch="false" hits="0" number="173"/>
                        <line branch="false" hits="0" number="174"/>
                        <line branch="false" hits="0" number="175"/>
                        <line branch="false" hits="0" number="176"/>
                        <line branch="false" hits="0" number="177"/>
                        <line branch="false" hits="0" number="178"/>
                        <line branch="false" hits="0" number="179"/>
                        <line branch="false" hits="0" number="180"/>
                        <line branch="false" hits="9" number="183"/>
                        <line branch="false" hits="9" number="186"/>
                        <line branch="false" hits="9" number="187"/>
                        <line branch="false" hits="9" number="189"/>
                        <line branch="false" hits="9" number="190"/>
                        <line branch="false" hits="9" number="191"/>
                        <line branch="false" hits="9" number="192"/>
                        <line branch="false" hits="9" number="193"/>
                        <line branch="false" hits="9" number="194"/>
                        <line branch="false" hits="0" number="195"/>
                        <line branch="false" hits="0" number="196"/>
                        <line branch="false" hits="9" number="198"/>
                        <line branch="false" hits="0" number="199"/>
                        <line branch="false" hits="0" number="200"/>
                        <line branch="false" hits="9" number="202"/>
                        <line branch="false" hits="0" number="203"/>
                        <line branch="false" hits="0" number="204"/>
                        <line branch="false" hits="9" number="205"/>
                        <line branch="false" hits="9" number="206"/>
                        <line branch="false" hits="9" number="207"/>
                    </lines>
                </class>
                <class branch-rate="0" complexity="0" filename="src/models/picker.rs" line-rate="0.9032258064516129" name="src.models.picker.rs">
                    <methods>
                        <method name="watn::models::picker::local_filter::{closure#0}" signature="" complexity="0" line-rate="0" branch-rate="0">
                            <lines>
                                <line hits="0" number="11" branch="false"/>
                            </lines>
                        </method>
                        <method name="watn::models::picker::local_filter::{closure#0}" signature="" complexity="0" line-rate="1" branch-rate="1">
                            <lines>
                                <line hits="2" number="11" branch="false"/>
                            </lines>
                        </method>
                        <method name="watn::models::picker::local_filter" signature="" complexity="0" line-rate="0" branch-rate="0">
                            <lines>
                                <line hits="0" number="8" branch="false"/>
                            </lines>
                        </method>
                        <method name="watn::models::picker::execute_search" signature="" complexity="0" line-rate="0" branch-rate="0">
                            <lines>
                                <line hits="0" number="16" branch="false"/>
                            </lines>
                        </method>
                        <method name="watn::models::picker::local_filter" signature="" complexity="0" line-rate="1" branch-rate="1">
                            <lines>
                                <line hits="2" number="8" branch="false"/>
                            </lines>
                        </method>
                        <method name="watn::models::picker::execute_search" signature="" complexity="0" line-rate="1" branch-rate="1">
                            <lines>
                                <line hits="9" number="16" branch="false"/>
                            </lines>
                        </method>
                    </methods>
                    <lines>
                        <line branch="false" hits="2" number="8"/>
                        <line branch="false" hits="2" number="9"/>
                        <line branch="false" hits="2" number="10"/>
                        <line branch="false" hits="2" number="11"/>
                        <line branch="false" hits="2" number="12"/>
                        <line branch="false" hits="2" number="13"/>
                        <line branch="false" hits="2" number="14"/>
                        <line branch="false" hits="9" number="16"/>
                        <line branch="false" hits="9" number="17"/>
                        <line branch="false" hits="9" number="18"/>
                        <line branch="false" hits="9" number="19"/>
                        <line branch="false" hits="9" number="20"/>
                        <line branch="false" hits="9" number="21"/>
                        <line branch="false" hits="9" number="22"/>
                        <line branch="false" hits="9" number="23"/>
                        <line branch="false" hits="9" number="24"/>
                        <line branch="false" hits="7" number="25"/>
                        <line branch="false" hits="7" number="26"/>
                        <line branch="false" hits="0" number="27"/>
                        <line branch="false" hits="7" number="28"/>
                        <line branch="false" hits="7" number="29"/>
                        <line branch="false" hits="2" number="30"/>
                        <line branch="false" hits="5" number="32"/>
                        <line branch="false" hits="2" number="36"/>
                        <line branch="false" hits="0" number="37"/>
                        <line branch="false" hits="2" number="38"/>
                        <line branch="false" hits="2" number="39"/>
                        <line branch="false" hits="2" number="40"/>
                        <line branch="false" hits="2" number="41"/>
                        <line branch="false" hits="0" number="43"/>
                        <line branch="false" hits="9" number="45"/>
                    </lines>
                </class>
                <class branch-rate="0" complexity="0" filename="src/models/dialog.rs" line-rate="0" name="src.models.dialog.rs">
                    <methods>
                        <method name="&lt;watn::models::dialog::SettingsDialog&gt;::run_inner::{closure#4}::{closure#0}" signature="" complexity="0" line-rate="0" branch-rate="0">
                            <lines>
                                <line hits="0" number="227" branch="false"/>
                            </lines>
                        </method>
                        <method name="&lt;watn::models::dialog::SettingsDialog&gt;::run_inner::{closure#4}::{closure#0}" signature="" complexity="0" line-rate="0" branch-rate="0">
                            <lines>
                                <line hits="0" number="227" branch="false"/>
                            </lines>
                        </method>
                        <method name="&lt;watn::models::dialog::ReasoningStrength&gt;::parse::{closure#0}" signature="" complexity="0" line-rate="0" branch-rate="0">
                            <lines>
                                <line hits="0" number="48" branch="false"/>
                            </lines>
                        </method>
                        <method name="&lt;watn::models::dialog::ReasoningStrength&gt;::parse::{closure#0}" signature="" complexity="0" line-rate="0" branch-rate="0">
                            <lines>
                                <line hits="0" number="48" branch="false"/>
                            </lines>
                        </method>
                        <method name="&lt;watn::models::dialog::SettingsDialog&gt;::current_selection::{closure#0}" signature="" complexity="0" line-rate="0" branch-rate="0">
                            <lines>
                                <line hits="0" number="287" branch="false"/>
                            </lines>
                        </method>
                        <method name="&lt;watn::models::dialog::SettingsDialog&gt;::run_inner::{closure#0}" signature="" complexity="0" line-rate="0" branch-rate="0">
                            <lines>
                                <line hits="0" number="125" branch="false"/>
                            </lines>
                        </method>
                        <method name="&lt;watn::models::dialog::SettingsDialog&gt;::run_inner::{closure#2}" signature="" complexity="0" line-rate="0" branch-rate="0">
                            <lines>
                                <line hits="0" number="141" branch="false"/>
                            </lines>
                        </method>
                        <method name="&lt;watn::models::dialog::SettingsDialog&gt;::run_inner::{closure#3}" signature="" complexity="0" line-rate="0" branch-rate="0">
                            <lines>
                                <line hits="0" number="219" branch="false"/>
                            </lines>
                        </method>
                        <method name="&lt;watn::models::dialog::SettingsDialog&gt;::run_inner::{closure#4}" signature="" complexity="0" line-rate="0" branch-rate="0">
                            <lines>
                                <line hits="0" number="227" branch="false"/>
                            </lines>
                        </method>
                        <method name="&lt;watn::models::dialog::SettingsDialog&gt;::run_inner::{closure#1}" signature="" complexity="0" line-rate="0" branch-rate="0">
                            <lines>
                                <line hits="0" number="137" branch="false"/>
                            </lines>
                        </method>
                        <method name="&lt;watn::models::dialog::SettingsDialog&gt;::current_selection::{closure#0}" signature="" complexity="0" line-rate="0" branch-rate="0">
                            <lines>
                                <line hits="0" number="287" branch="false"/>
                            </lines>
                        </method>
                        <method name="&lt;watn::models::dialog::SettingsDialog&gt;::run_inner::{closure#0}" signature="" complexity="0" line-rate="0" branch-rate="0">
                            <lines>
                                <line hits="0" number="125" branch="false"/>
                            </lines>
                        </method>
                        <method name="&lt;watn::models::dialog::SettingsDialog&gt;::run_inner::{closure#2}" signature="" complexity="0" line-rate="0" branch-rate="0">
                            <lines>
                                <line hits="0" number="141" branch="false"/>
                            </lines>
                        </method>
                        <method name="&lt;watn::models::dialog::SettingsDialog&gt;::run_inner::{closure#3}" signature="" complexity="0" line-rate="0" branch-rate="0">
                            <lines>
                                <line hits="0" number="219" branch="false"/>
                            </lines>
                        </method>
                        <method name="&lt;watn::models::dialog::SettingsDialog&gt;::run_inner::{closure#4}" signature="" complexity="0" line-rate="0" branch-rate="0">
                            <lines>
                                <line hits="0" number="227" branch="false"/>
                            </lines>
                        </method>
                        <method name="&lt;watn::models::dialog::SettingsDialog&gt;::run_inner::{closure#1}" signature="" complexity="0" line-rate="0" branch-rate="0">
                            <lines>
                                <line hits="0" number="137" branch="false"/>
                            </lines>
                        </method>
                        <method name="watn::models::dialog::dialog_local_filter::{closure#0}" signature="" complexity="0" line-rate="0" branch-rate="0">
                            <lines>
                                <line hits="0" number="390" branch="false"/>
                            </lines>
                        </method>
                        <method name="watn::models::dialog::dialog_local_filter::{closure#0}" signature="" complexity="0" line-rate="0" branch-rate="0">
                            <lines>
                                <line hits="0" number="390" branch="false"/>
                            </lines>
                        </method>
                        <method name="&lt;watn::models::dialog::ReasoningStrength&gt;::next" signature="" complexity="0" line-rate="0" branch-rate="0">
                            <lines>
                                <line hits="0" number="51" branch="false"/>
                            </lines>
                        </method>
                        <method name="&lt;watn::models::dialog::ReasoningStrength&gt;::parse" signature="" complexity="0" line-rate="0" branch-rate="0">
                            <lines>
                                <line hits="0" number="47" branch="false"/>
                            </lines>
                        </method>
                        <method name="&lt;watn::models::dialog::ReasoningStrength&gt;::as_str" signature="" complexity="0" line-rate="0" branch-rate="0">
                            <lines>
                                <line hits="0" number="38" branch="false"/>
                            </lines>
                        </method>
                        <method name="&lt;watn::models::dialog::ReasoningStrength&gt;::next" signature="" complexity="0" line-rate="0" branch-rate="0">
                            <lines>
                                <line hits="0" number="51" branch="false"/>
                            </lines>
                        </method>
                        <method name="&lt;watn::models::dialog::ReasoningStrength&gt;::parse" signature="" complexity="0" line-rate="0" branch-rate="0">
                            <lines>
                                <line hits="0" number="47" branch="false"/>
                            </lines>
                        </method>
                        <method name="&lt;watn::models::dialog::ReasoningStrength&gt;::as_str" signature="" complexity="0" line-rate="0" branch-rate="0">
                            <lines>
                                <line hits="0" number="38" branch="false"/>
                            </lines>
                        </method>
                        <method name="&lt;watn::models::dialog::SettingsDialog&gt;::current_selection" signature="" complexity="0" line-rate="0" branch-rate="0">
                            <lines>
                                <line hits="0" number="277" branch="false"/>
                            </lines>
                        </method>
                        <method name="&lt;watn::models::dialog::SettingsDialog&gt;::new" signature="" complexity="0" line-rate="0" branch-rate="0">
                            <lines>
                                <line hits="0" number="87" branch="false"/>
                            </lines>
                        </method>
                        <method name="&lt;watn::models::dialog::SettingsDialog&gt;::run" signature="" complexity="0" line-rate="0" branch-rate="0">
                            <lines>
                                <line hits="0" number="101" branch="false"/>
                            </lines>
                        </method>
                        <method name="&lt;watn::models::dialog::SettingsDialog&gt;::draw" signature="" complexity="0" line-rate="0" branch-rate="0">
                            <lines>
                                <line hits="0" number="308" branch="false"/>
                            </lines>
                        </method>
                        <method name="&lt;watn::models::dialog::SettingsDialog&gt;::search" signature="" complexity="0" line-rate="0" branch-rate="0">
                            <lines>
                                <line hits="0" number="233" branch="false"/>
                            </lines>
                        </method>
                        <method name="&lt;watn::models::dialog::SettingsDialog&gt;::run_inner" signature="" complexity="0" line-rate="0" branch-rate="0">
                            <lines>
                                <line hits="0" number="108" branch="false"/>
                            </lines>
                        </method>
                        <method name="&lt;watn::models::dialog::SettingsDialog&gt;::current_selection" signature="" complexity="0" line-rate="0" branch-rate="0">
                            <lines>
                                <line hits="0" number="277" branch="false"/>
                            </lines>
                        </method>
                        <method name="&lt;watn::models::dialog::SettingsDialog&gt;::new" signature="" complexity="0" line-rate="0" branch-rate="0">
                            <lines>
                                <line hits="0" number="87" branch="false"/>
                            </lines>
                        </method>
                        <method name="&lt;watn::models::dialog::SettingsDialog&gt;::run" signature="" complexity="0" line-rate="0" branch-rate="0">
                            <lines>
                                <line hits="0" number="101" branch="false"/>
                            </lines>
                        </method>
                        <method name="&lt;watn::models::dialog::SettingsDialog&gt;::draw" signature="" complexity="0" line-rate="0" branch-rate="0">
                            <lines>
                                <line hits="0" number="308" branch="false"/>
                            </lines>
                        </method>
                        <method name="&lt;watn::models::dialog::SettingsDialog&gt;::search" signature="" complexity="0" line-rate="0" branch-rate="0">
                            <lines>
                                <line hits="0" number="233" branch="false"/>
                            </lines>
                        </method>
                        <method name="&lt;watn::models::dialog::SettingsDialog&gt;::run_inner" signature="" complexity="0" line-rate="0" branch-rate="0">
                            <lines>
                                <line hits="0" number="108" branch="false"/>
                            </lines>
                        </method>
                        <method name="watn::models::dialog::dialog_local_filter" signature="" complexity="0" line-rate="0" branch-rate="0">
                            <lines>
                                <line hits="0" number="387" branch="false"/>
                            </lines>
                        </method>
                        <method name="watn::models::dialog::dialog_local_filter" signature="" complexity="0" line-rate="0" branch-rate="0">
                            <lines>
                                <line hits="0" number="387" branch="false"/>
                            </lines>
                        </method>
                    </methods>
                    <lines>
                        <line branch="false" hits="0" number="38"/>
                        <line branch="false" hits="0" number="39"/>
                        <line branch="false" hits="0" number="40"/>
                        <line branch="false" hits="0" number="41"/>
                        <line branch="false" hits="0" number="42"/>
                        <line branch="false" hits="0" number="43"/>
                        <line branch="false" hits="0" number="45"/>
                        <line branch="false" hits="0" number="47"/>
                        <line branch="false" hits="0" number="48"/>
                        <line branch="false" hits="0" number="49"/>
                        <line branch="false" hits="0" number="51"/>
                        <line branch="false" hits="0" number="52"/>
                        <line branch="false" hits="0" number="53"/>
                        <line branch="false" hits="0" number="54"/>
                        <line branch="false" hits="0" number="55"/>
                        <line branch="false" hits="0" number="56"/>
                        <line branch="false" hits="0" number="58"/>
                        <line branch="false" hits="0" number="87"/>
                        <line branch="false" hits="0" number="88"/>
                        <line branch="false" hits="0" number="89"/>
                        <line branch="false" hits="0" number="90"/>
                        <line branch="false" hits="0" number="91"/>
                        <line branch="false" hits="0" number="92"/>
                        <line branch="false" hits="0" number="93"/>
                        <line branch="false" hits="0" number="94"/>
                        <line branch="false" hits="0" number="95"/>
                        <line branch="false" hits="0" number="96"/>
                        <line branch="false" hits="0" number="97"/>
                        <line branch="false" hits="0" number="98"/>
                        <line branch="false" hits="0" number="99"/>
                        <line branch="false" hits="0" number="101"/>
                        <line branch="false" hits="0" number="102"/>
                        <line branch="false" hits="0" number="103"/>
                        <line branch="false" hits="0" number="104"/>
                        <line branch="false" hits="0" number="105"/>
                        <line branch="false" hits="0" number="106"/>
                        <line branch="false" hits="0" number="108"/>
                        <line branch="false" hits="0" number="109"/>
                        <line branch="false" hits="0" number="112"/>
                        <line branch="false" hits="0" number="113"/>
                        <line branch="false" hits="0" number="114"/>
                        <line branch="false" hits="0" number="115"/>
                        <line branch="false" hits="0" number="116"/>
                        <line branch="false" hits="0" number="117"/>
                        <line branch="false" hits="0" number="118"/>
                        <line branch="false" hits="0" number="119"/>
                        <line branch="false" hits="0" number="120"/>
                        <line branch="false" hits="0" number="122"/>
                        <line branch="false" hits="0" number="125"/>
                        <line branch="false" hits="0" number="126"/>
                        <line branch="false" hits="0" number="127"/>
                        <line branch="false" hits="0" number="128"/>
                        <line branch="false" hits="0" number="129"/>
                        <line branch="false" hits="0" number="130"/>
                        <line branch="false" hits="0" number="131"/>
                        <line branch="false" hits="0" number="132"/>
                        <line branch="false" hits="0" number="134"/>
                        <line branch="false" hits="0" number="136"/>
                        <line branch="false" hits="0" number="137"/>
                        <line branch="false" hits="0" number="139"/>
                        <line branch="false" hits="0" number="140"/>
                        <line branch="false" hits="0" number="141"/>
                        <line branch="false" hits="0" number="143"/>
                        <line branch="false" hits="0" number="144"/>
                        <line branch="false" hits="0" number="145"/>
                        <line branch="false" hits="0" number="146"/>
                        <line branch="false" hits="0" number="148"/>
                        <line branch="false" hits="0" number="149"/>
                        <line branch="false" hits="0" number="151"/>
                        <line branch="false" hits="0" number="152"/>
                        <line branch="false" hits="0" number="153"/>
[...]
                        </method>
                        <method name="watn::main::{closure#1}" signature="" complexity="0" line-rate="0" branch-rate="0">
                            <lines>
                                <line hits="0" number="231" branch="false"/>
                            </lines>
                        </method>
                        <method name="watn::build_registry" signature="" complexity="0" line-rate="1" branch-rate="1">
                            <lines>
                                <line hits="7" number="278" branch="false"/>
                            </lines>
                        </method>
                        <method name="watn::exit_setup_cancellation" signature="" complexity="0" line-rate="0" branch-rate="0">
                            <lines>
                                <line hits="0" number="323" branch="false"/>
                            </lines>
                        </method>
                        <method name="watn::run_provider_setup_command" signature="" complexity="0" line-rate="0" branch-rate="0">
                            <lines>
                                <line hits="0" number="291" branch="false"/>
                            </lines>
                        </method>
                        <method name="watn::main" signature="" complexity="0" line-rate="1" branch-rate="1">
                            <lines>
                                <line hits="22" number="76" branch="false"/>
                            </lines>
                        </method>
                        <method name="watn::build_registry" signature="" complexity="0" line-rate="0" branch-rate="0">
                            <lines>
                                <line hits="0" number="278" branch="false"/>
                            </lines>
                        </method>
                        <method name="watn::exit_setup_cancellation" signature="" complexity="0" line-rate="0" branch-rate="0">
                            <lines>
                                <line hits="0" number="323" branch="false"/>
                            </lines>
                        </method>
                        <method name="watn::run_provider_setup_command" signature="" complexity="0" line-rate="0" branch-rate="0">
                            <lines>
                                <line hits="0" number="291" branch="false"/>
                            </lines>
                        </method>
                        <method name="watn::main" signature="" complexity="0" line-rate="1" branch-rate="1">
                            <lines>
                                <line hits="1" number="76" branch="false"/>
                            </lines>
                        </method>
                        <method name="&lt;watn::Cli&gt;::tier" signature="" complexity="0" line-rate="1" branch-rate="1">
                            <lines>
                                <line hits="11" number="61" branch="false"/>
                            </lines>
                        </method>
                        <method name="&lt;watn::Cli&gt;::tier" signature="" complexity="0" line-rate="0" branch-rate="0">
                            <lines>
                                <line hits="0" number="61" branch="false"/>
                            </lines>
                        </method>
                    </methods>
                    <lines>
                        <line branch="false" hits="11" number="61"/>
                        <line branch="false" hits="11" number="62"/>
                        <line branch="false" hits="10" number="63"/>
                        <line branch="false" hits="11" number="65"/>
                        <line branch="false" hits="0" number="66"/>
                        <line branch="false" hits="0" number="67"/>
                        <line branch="false" hits="0" number="68"/>
                        <line branch="false" hits="0" number="69"/>
                        <line branch="false" hits="0" number="71"/>
                        <line branch="false" hits="11" number="73"/>
                        <line branch="false" hits="23" number="76"/>
                        <line branch="false" hits="23" number="77"/>
                        <line branch="false" hits="23" number="79"/>
                        <line branch="false" hits="7" number="80"/>
                        <line branch="false" hits="7" number="81"/>
                        <line branch="false" hits="7" number="82"/>
                        <line branch="false" hits="7" number="83"/>
                        <line branch="false" hits="0" number="84"/>
                        <line branch="false" hits="7" number="86"/>
                        <line branch="false" hits="16" number="87"/>
                        <line branch="false" hits="16" number="89"/>
                        <line branch="false" hits="16" number="90"/>
                        <line branch="false" hits="1" number="92"/>
                        <line branch="false" hits="1" number="93"/>
                        <line branch="false" hits="1" number="94"/>
                        <line branch="false" hits="1" number="95"/>
                        <line branch="false" hits="1" number="96"/>
                        <line branch="false" hits="1" number="97"/>
                        <line branch="false" hits="1" number="98"/>
                        <line branch="false" hits="0" number="99"/>
                        <line branch="false" hits="0" number="100"/>
                        <line branch="false" hits="0" number="102"/>
                        <line branch="false" hits="0" number="103"/>
                        <line branch="false" hits="0" number="104"/>
                        <line branch="false" hits="15" number="109"/>
                        <line branch="false" hits="14" number="110"/>
                        <line branch="false" hits="1" number="111"/>
                        <line branch="false" hits="1" number="112"/>
                        <line branch="false" hits="1" number="113"/>
                        <line branch="false" hits="1" number="114"/>
                        <line branch="false" hits="14" number="118"/>
                        <line branch="false" hits="14" number="119"/>
                        <line branch="false" hits="14" number="122"/>
                        <line branch="false" hits="14" number="123"/>
                        <line branch="false" hits="3" number="124"/>
                        <line branch="false" hits="3" number="125"/>
                        <line branch="false" hits="3" number="126"/>
                        <line branch="false" hits="0" number="127"/>
                        <line branch="false" hits="0" number="128"/>
                        <line branch="false" hits="0" number="129"/>
                        <line branch="false" hits="0" number="130"/>
                        <line branch="false" hits="0" number="131"/>
                        <line branch="false" hits="0" number="132"/>
                        <line branch="false" hits="0" number="133"/>
                        <line branch="false" hits="0" number="134"/>
                        <line branch="false" hits="0" number="135"/>
                        <line branch="false" hits="0" number="137"/>
                        <line branch="false" hits="0" number="138"/>
                        <line branch="false" hits="0" number="140"/>
                        <line branch="false" hits="0" number="141"/>
                        <line branch="false" hits="0" number="142"/>
                        <line branch="false" hits="0" number="143"/>
                        <line branch="false" hits="11" number="146"/>
                        <line branch="false" hits="11" number="148"/>
                        <line branch="false" hits="11" number="149"/>
                        <line branch="false" hits="11" number="150"/>
                        <line branch="false" hits="0" number="151"/>
                        <line branch="false" hits="0" number="152"/>
                        <line branch="false" hits="0" number="153"/>
                        <line branch="false" hits="0" number="154"/>
                        <line branch="false" hits="11" number="158"/>
                        <line branch="false" hits="10" number="159"/>
                        <line branch="false" hits="1" number="160"/>
                        <line branch="false" hits="1" number="161"/>
                        <line branch="false" hits="1" number="162"/>
                        <line branch="false" hits="1" number="163"/>
                        <line branch="false" hits="10" number="167"/>
                        <line branch="false" hits="7" number="168"/>
                        <line branch="false" hits="3" number="169"/>
                        <line branch="false" hits="3" number="170"/>
                        <line branch="false" hits="3" number="171"/>
                        <line branch="false" hits="3" number="172"/>
                        <line branch="false" hits="7" number="176"/>
                        <line branch="false" hits="7" number="177"/>
                        <line branch="false" hits="7" number="179"/>
                        <line branch="false" hits="7" number="181"/>
                        <line branch="false" hits="7" number="198"/>
                        <line branch="false" hits="7" number="201"/>
                        <line branch="false" hits="7" number="202"/>
                        <line branch="false" hits="7" number="203"/>
                        <line branch="false" hits="7" number="204"/>
                        <line branch="false" hits="7" number="205"/>
                        <line branch="false" hits="7" number="206"/>
                        <line branch="false" hits="7" number="207"/>
                        <line branch="false" hits="7" number="208"/>
                        <line branch="false" hits="7" number="209"/>
                        <line branch="false" hits="7" number="212"/>
                        <line branch="false" hits="7" number="214"/>
                        <line branch="false" hits="7" number="215"/>
                        <line branch="false" hits="7" number="216"/>
                        <line branch="false" hits="7" number="217"/>
                        <line branch="false" hits="7" number="218"/>
                        <line branch="false" hits="7" number="219"/>
                        <line branch="false" hits="7" number="221"/>
                        <line branch="false" hits="7" number="222"/>
                        <line branch="false" hits="7" number="223"/>
                        <line branch="false" hits="0" number="224"/>
                        <line branch="false" hits="7" number="225"/>
                        <line branch="false" hits="7" number="227"/>
                        <line branch="false" hits="7" number="228"/>
                        <line branch="false" hits="6" number="229"/>
                        <line branch="false" hits="6" number="230"/>
                        <line branch="false" hits="6" number="231"/>
                        <line branch="false" hits="0" number="232"/>
                        <line branch="false" hits="0" number="233"/>
                        <line branch="false" hits="0" number="234"/>
                        <line branch="false" hits="0" number="235"/>
                        <line branch="false" hits="6" number="237"/>
                        <line branch="false" hits="6" number="238"/>
                        <line branch="false" hits="6" number="239"/>
                        <line branch="false" hits="0" number="241"/>
                        <line branch="false" hits="6" number="244"/>
                        <line branch="false" hits="6" number="246"/>
                        <line branch="false" hits="0" number="247"/>
                        <line branch="false" hits="0" number="248"/>
                        <line branch="false" hits="0" number="249"/>
                        <line branch="false" hits="0" number="250"/>
                        <line branch="false" hits="0" number="251"/>
                        <line branch="false" hits="6" number="252"/>
                        <line branch="false" hits="6" number="254"/>
                        <line branch="false" hits="6" number="256"/>
                        <line branch="false" hits="0" number="257"/>
                        <line branch="false" hits="0" number="258"/>
                        <line branch="false" hits="0" number="261"/>
                        <line branch="false" hits="0" number="262"/>
                        <line branch="false" hits="6" number="263"/>
                        <line branch="false" hits="1" number="265"/>
                        <line branch="false" hits="1" number="266"/>
                        <line branch="false" hits="1" number="267"/>
                        <line branch="false" hits="1" number="268"/>
                        <line branch="false" hits="1" number="269"/>
                        <line branch="false" hits="6" number="273"/>
                        <line branch="false" hits="0" number="274"/>
                        <line branch="false" hits="6" number="275"/>
                        <line branch="false" hits="13" number="276"/>
                        <line branch="false" hits="7" number="278"/>
                        <line branch="false" hits="7" number="279"/>
                        <line branch="false" hits="7" number="280"/>
                        <line branch="false" hits="7" number="281"/>
                        <line branch="false" hits="7" number="282"/>
                        <line branch="false" hits="7" number="283"/>
                        <line branch="false" hits="7" number="284"/>
                        <line branch="false" hits="7" number="285"/>
                        <line branch="false" hits="7" number="286"/>
                        <line branch="false" hits="7" number="287"/>
                        <line branch="false" hits="7" number="289"/>
                        <line branch="false" hits="0" number="291"/>
                        <line branch="false" hits="0" number="292"/>
                        <line branch="false" hits="0" number="293"/>
                        <line branch="false" hits="0" number="294"/>
                        <line branch="false" hits="0" number="295"/>
                        <line branch="false" hits="0" number="297"/>
                        <line branch="false" hits="0" number="298"/>
                        <line branch="false" hits="0" number="299"/>
                        <line branch="false" hits="0" number="300"/>
                        <line branch="false" hits="0" number="301"/>
                        <line branch="false" hits="0" number="302"/>
                        <line branch="false" hits="0" number="303"/>
                        <line branch="false" hits="0" number="306"/>
                        <line branch="false" hits="0" number="307"/>
                        <line branch="false" hits="0" number="308"/>
                        <line branch="false" hits="0" number="309"/>
                        <line branch="false" hits="0" number="310"/>
                        <line branch="false" hits="0" number="312"/>
                        <line branch="false" hits="0" number="313"/>
                        <line branch="false" hits="0" number="315"/>
                        <line branch="false" hits="0" number="316"/>
                        <line branch="false" hits="0" number="317"/>
                        <line branch="false" hits="0" number="318"/>
                        <line branch="false" hits="0" number="321"/>
                        <line branch="false" hits="0" number="323"/>
                        <line branch="false" hits="0" number="324"/>
                        <line branch="false" hits="0" number="325"/>
                        <line branch="false" hits="0" number="326"/>
                        <line branch="false" hits="0" number="328"/>
                    </lines>
                </class>
                <class branch-rate="0" complexity="0" filename="src/error.rs" line-rate="0.65" name="src.error.rs">
                    <methods>
                        <method name="watn::error::exit_code" signature="" complexity="0" line-rate="0" branch-rate="0">
                            <lines>
                                <line hits="0" number="36" branch="false"/>
                            </lines>
                        </method>
                        <method name="watn::error::exit_code" signature="" complexity="0" line-rate="1" branch-rate="1">
                            <lines>
                                <line hits="8" number="36" branch="false"/>
                            </lines>
                        </method>
                        <method name="&lt;watn::error::Error as core::fmt::Display&gt;::fmt" signature="" complexity="0" line-rate="0" branch-rate="0">
                            <lines>
                                <line hits="0" number="14" branch="false"/>
                            </lines>
                        </method>
                        <method name="&lt;watn::error::Error as core::fmt::Display&gt;::fmt" signature="" complexity="0" line-rate="1" branch-rate="1">
                            <lines>
                                <line hits="8" number="14" branch="false"/>
                            </lines>
                        </method>
                        <method name="&lt;watn::error::Error as core::convert::From&lt;std::io::error::Error&gt;&gt;::from" signature="" complexity="0" line-rate="0" branch-rate="0">
                            <lines>
                                <line hits="0" number="31" branch="false"/>
                            </lines>
                        </method>
                        <method name="&lt;watn::error::Error as core::convert::From&lt;std::io::error::Error&gt;&gt;::from" signature="" complexity="0" line-rate="0" branch-rate="0">
                            <lines>
                                <line hits="0" number="31" branch="false"/>
                            </lines>
                        </method>
                    </methods>
                    <lines>
                        <line branch="false" hits="8" number="14"/>
                        <line branch="false" hits="8" number="15"/>
                        <line branch="false" hits="1" number="16"/>
                        <line branch="false" hits="1" number="17"/>
                        <line branch="false" hits="4" number="18"/>
                        <line branch="false" hits="2" number="19"/>
                        <line branch="false" hits="2" number="20"/>
                        <line branch="false" hits="0" number="22"/>
                        <line branch="false" hits="0" number="23"/>
                        <line branch="false" hits="8" number="25"/>
                        <line branch="false" hits="0" number="31"/>
                        <line branch="false" hits="0" number="32"/>
                        <line branch="false" hits="0" number="33"/>
                        <line branch="false" hits="8" number="36"/>
                        <line branch="false" hits="8" number="37"/>
                        <line branch="false" hits="2" number="38"/>
                        <line branch="false" hits="6" number="39"/>
                        <line branch="false" hits="0" number="40"/>
                        <line branch="false" hits="0" number="41"/>
                        <line branch="false" hits="8" number="43"/>
                    </lines>
                </class>
            </classes>
        </package>
    </packages>
</coverage>